TN:
SF:/mnt/c/Users/stuar/onedrive/documents/github/noteblock/noteblock-contract/src/noteblock_factory.cairo
FN:12,noteblock::noteblock_factory::INoteblockFactoryDispatcherImpl::mint_song
FNDA:0,noteblock::noteblock_factory::INoteblockFactoryDispatcherImpl::mint_song
FN:30,noteblock::noteblock_factory::NBFactory::ContractStateEventEmitter::emit
FNDA:1,noteblock::noteblock_factory::NBFactory::ContractStateEventEmitter::emit
FN:41,noteblock::noteblock_factory::NBFactory::ContractStateOwnableMixinImpl::unsafe_new_contract_state
FNDA:0,noteblock::noteblock_factory::NBFactory::ContractStateOwnableMixinImpl::unsafe_new_contract_state
FN:57,noteblock::noteblock_factory::NBFactory::EventIsEvent::append_keys_and_data
FNDA:1,noteblock::noteblock_factory::NBFactory::EventIsEvent::append_keys_and_data
FN:38,noteblock::noteblock_factory::NBFactory::HasComponentImpl_OwnableComponent::emit
FNDA:1,noteblock::noteblock_factory::NBFactory::HasComponentImpl_OwnableComponent::emit
FN:38,noteblock::noteblock_factory::NBFactory::HasComponentImpl_OwnableComponent::get_component
FNDA:0,noteblock::noteblock_factory::NBFactory::HasComponentImpl_OwnableComponent::get_component
FN:38,noteblock::noteblock_factory::NBFactory::HasComponentImpl_OwnableComponent::get_component_mut
FNDA:0,noteblock::noteblock_factory::NBFactory::HasComponentImpl_OwnableComponent::get_component_mut
FN:38,noteblock::noteblock_factory::NBFactory::HasComponentImpl_OwnableComponent::get_contract_mut
FNDA:1,noteblock::noteblock_factory::NBFactory::HasComponentImpl_OwnableComponent::get_contract_mut
FN:91,noteblock::noteblock_factory::NBFactory::NBFactoryImpl::create_studio
FNDA:1,noteblock::noteblock_factory::NBFactory::NBFactoryImpl::create_studio
FN:153,noteblock::noteblock_factory::NBFactory::NBFactoryImpl::get_studio
FNDA:0,noteblock::noteblock_factory::NBFactory::NBFactoryImpl::get_studio
FN:119,noteblock::noteblock_factory::NBFactory::NBFactoryImpl::mint_song
FNDA:0,noteblock::noteblock_factory::NBFactory::NBFactoryImpl::mint_song
FN:71,noteblock::noteblock_factory::NBFactory::NewSongCreatedIsEvent::append_keys_and_data
FNDA:0,noteblock::noteblock_factory::NBFactory::NewSongCreatedIsEvent::append_keys_and_data
FN:65,noteblock::noteblock_factory::NBFactory::NewStudioCreatedIsEvent::append_keys_and_data
FNDA:0,noteblock::noteblock_factory::NBFactory::NewStudioCreatedIsEvent::append_keys_and_data
FN:161,noteblock::noteblock_factory::NBFactory::StudioInternalImpl::assert_only_registered_studio
FNDA:0,noteblock::noteblock_factory::NBFactory::StudioInternalImpl::assert_only_registered_studio
FN:88,noteblock::noteblock_factory::NBFactory::__wrapper__NBFactoryImpl__create_studio
FNDA:0,noteblock::noteblock_factory::NBFactory::__wrapper__NBFactoryImpl__create_studio
FN:152,noteblock::noteblock_factory::NBFactory::__wrapper__NBFactoryImpl__get_studio
FNDA:0,noteblock::noteblock_factory::NBFactory::__wrapper__NBFactoryImpl__get_studio
FN:118,noteblock::noteblock_factory::NBFactory::__wrapper__NBFactoryImpl__mint_song
FNDA:0,noteblock::noteblock_factory::NBFactory::__wrapper__NBFactoryImpl__mint_song
FN:78,noteblock::noteblock_factory::NBFactory::__wrapper__constructor
FNDA:1,noteblock::noteblock_factory::NBFactory::__wrapper__constructor
FN:80,noteblock::noteblock_factory::NBFactory::constructor
FNDA:1,noteblock::noteblock_factory::NBFactory::constructor
FN:49,noteblock::noteblock_factory::NBFactory::unsafe_new_contract_state
FNDA:1,noteblock::noteblock_factory::NBFactory::unsafe_new_contract_state
FN:3,noteblock::noteblock_factory::StudioDataClone::clone
FNDA:1,noteblock::noteblock_factory::StudioDataClone::clone
FN:3,noteblock::noteblock_factory::StudioDataSerde::deserialize
FNDA:0,noteblock::noteblock_factory::StudioDataSerde::deserialize
FN:3,noteblock::noteblock_factory::StudioDataSerde::serialize
FNDA:0,noteblock::noteblock_factory::StudioDataSerde::serialize
FN:3,noteblock::noteblock_factory::StudioDataStore::read
FNDA:0,noteblock::noteblock_factory::StudioDataStore::read
FN:3,noteblock::noteblock_factory::StudioDataStore::write
FNDA:0,noteblock::noteblock_factory::StudioDataStore::write
FN:94,noteblock::noteblock_factory::array_inline_macro
FNDA:0,noteblock::noteblock_factory::array_inline_macro
FNF:26
FNH:9
DA:3,1
DA:12,0
DA:30,1
DA:38,2
DA:41,0
DA:49,1
DA:57,1
DA:65,0
DA:71,0
DA:78,1
DA:80,0
DA:81,1
DA:82,1
DA:83,1
DA:88,0
DA:91,1
DA:94,0
DA:95,0
DA:96,0
DA:97,0
DA:99,0
DA:100,0
DA:103,0
DA:106,0
DA:108,0
DA:118,0
DA:119,0
DA:121,0
DA:124,0
DA:127,0
DA:130,0
DA:132,0
DA:134,0
DA:135,0
DA:138,0
DA:142,0
DA:152,0
DA:153,0
DA:161,0
LF:39
LH:10
end_of_record
TN:
SF:/mnt/c/Users/stuar/onedrive/documents/github/noteblock/noteblock-contract/src/noteblock_song.cairo
FN:4,noteblock::noteblock_song::INoteblockSongDispatcherImpl::mint
FNDA:0,noteblock::noteblock_song::INoteblockSongDispatcherImpl::mint
FN:22,noteblock::noteblock_song::NoteblockSong::ContractStateERC1155MixinImpl::unsafe_new_contract_state
FNDA:0,noteblock::noteblock_song::NoteblockSong::ContractStateERC1155MixinImpl::unsafe_new_contract_state
FN:10,noteblock::noteblock_song::NoteblockSong::ContractStateEventEmitter::emit
FNDA:0,noteblock::noteblock_song::NoteblockSong::ContractStateEventEmitter::emit
FN:37,noteblock::noteblock_song::NoteblockSong::EventIsEvent::append_keys_and_data
FNDA:0,noteblock::noteblock_song::NoteblockSong::EventIsEvent::append_keys_and_data
FN:18,noteblock::noteblock_song::NoteblockSong::HasComponentImpl_ERC1155Component::emit
FNDA:0,noteblock::noteblock_song::NoteblockSong::HasComponentImpl_ERC1155Component::emit
FN:18,noteblock::noteblock_song::NoteblockSong::HasComponentImpl_ERC1155Component::get_component
FNDA:0,noteblock::noteblock_song::NoteblockSong::HasComponentImpl_ERC1155Component::get_component
FN:18,noteblock::noteblock_song::NoteblockSong::HasComponentImpl_ERC1155Component::get_component_mut
FNDA:0,noteblock::noteblock_song::NoteblockSong::HasComponentImpl_ERC1155Component::get_component_mut
FN:18,noteblock::noteblock_song::NoteblockSong::HasComponentImpl_ERC1155Component::get_contract
FNDA:0,noteblock::noteblock_song::NoteblockSong::HasComponentImpl_ERC1155Component::get_contract
FN:18,noteblock::noteblock_song::NoteblockSong::HasComponentImpl_ERC1155Component::get_contract_mut
FNDA:0,noteblock::noteblock_song::NoteblockSong::HasComponentImpl_ERC1155Component::get_contract_mut
FN:19,noteblock::noteblock_song::NoteblockSong::HasComponentImpl_SRC5Component::get_component
FNDA:0,noteblock::noteblock_song::NoteblockSong::HasComponentImpl_SRC5Component::get_component
FN:19,noteblock::noteblock_song::NoteblockSong::HasComponentImpl_SRC5Component::get_component_mut
FNDA:0,noteblock::noteblock_song::NoteblockSong::HasComponentImpl_SRC5Component::get_component_mut
FN:80,noteblock::noteblock_song::NoteblockSong::NoteBlocksongImpl::artist
FNDA:0,noteblock::noteblock_song::NoteblockSong::NoteBlocksongImpl::artist
FN:59,noteblock::noteblock_song::NoteblockSong::NoteBlocksongImpl::mint
FNDA:0,noteblock::noteblock_song::NoteblockSong::NoteBlocksongImpl::mint
FN:79,noteblock::noteblock_song::NoteblockSong::__wrapper__NoteBlocksongImpl__artist
FNDA:0,noteblock::noteblock_song::NoteblockSong::__wrapper__NoteBlocksongImpl__artist
FN:58,noteblock::noteblock_song::NoteblockSong::__wrapper__NoteBlocksongImpl__mint
FNDA:0,noteblock::noteblock_song::NoteblockSong::__wrapper__NoteBlocksongImpl__mint
FN:45,noteblock::noteblock_song::NoteblockSong::__wrapper__constructor
FNDA:0,noteblock::noteblock_song::NoteblockSong::__wrapper__constructor
FN:51,noteblock::noteblock_song::NoteblockSong::constructor
FNDA:0,noteblock::noteblock_song::NoteblockSong::constructor
FN:28,noteblock::noteblock_song::NoteblockSong::unsafe_new_contract_state
FNDA:0,noteblock::noteblock_song::NoteblockSong::unsafe_new_contract_state
FN:61,noteblock::noteblock_song::array_inline_macro
FNDA:0,noteblock::noteblock_song::array_inline_macro
FNF:19
FNH:0
DA:4,0
DA:10,0
DA:18,0
DA:19,0
DA:22,0
DA:28,0
DA:30,0
DA:37,0
DA:45,0
DA:51,0
DA:52,0
DA:58,0
DA:59,0
DA:61,0
DA:62,0
DA:66,0
DA:69,0
DA:70,0
DA:71,0
DA:72,0
DA:73,0
DA:76,0
DA:79,0
DA:80,0
LF:24
LH:0
end_of_record
TN:
SF:/mnt/c/Users/stuar/onedrive/documents/github/noteblock/noteblock-contract/src/noteblock_studio.cairo
FN:159,noteblock::noteblock_studio::NBStudio::AlbumBoughtIsEvent::append_keys_and_data
FNDA:0,noteblock::noteblock_studio::NBStudio::AlbumBoughtIsEvent::append_keys_and_data
FN:146,noteblock::noteblock_studio::NBStudio::AlbumCreatedIsEvent::append_keys_and_data
FNDA:0,noteblock::noteblock_studio::NBStudio::AlbumCreatedIsEvent::append_keys_and_data
FN:59,noteblock::noteblock_studio::NBStudio::ContractStateEventEmitter::emit
FNDA:0,noteblock::noteblock_studio::NBStudio::ContractStateEventEmitter::emit
FN:78,noteblock::noteblock_studio::NBStudio::ContractStateOwnableMixinImpl::unsafe_new_contract_state
FNDA:0,noteblock::noteblock_studio::NBStudio::ContractStateOwnableMixinImpl::unsafe_new_contract_state
FN:128,noteblock::noteblock_studio::NBStudio::EventIsEvent::append_keys_and_data
FNDA:0,noteblock::noteblock_studio::NBStudio::EventIsEvent::append_keys_and_data
FN:75,noteblock::noteblock_studio::NBStudio::HasComponentImpl_OwnableComponent::emit
FNDA:0,noteblock::noteblock_studio::NBStudio::HasComponentImpl_OwnableComponent::emit
FN:75,noteblock::noteblock_studio::NBStudio::HasComponentImpl_OwnableComponent::get_component
FNDA:0,noteblock::noteblock_studio::NBStudio::HasComponentImpl_OwnableComponent::get_component
FN:75,noteblock::noteblock_studio::NBStudio::HasComponentImpl_OwnableComponent::get_component_mut
FNDA:0,noteblock::noteblock_studio::NBStudio::HasComponentImpl_OwnableComponent::get_component_mut
FN:75,noteblock::noteblock_studio::NBStudio::HasComponentImpl_OwnableComponent::get_contract_mut
FNDA:0,noteblock::noteblock_studio::NBStudio::HasComponentImpl_OwnableComponent::get_contract_mut
FN:208,noteblock::noteblock_studio::NBStudio::NBStudioImpl::buy_album
FNDA:0,noteblock::noteblock_studio::NBStudio::NBStudioImpl::buy_album
FN:192,noteblock::noteblock_studio::NBStudio::NBStudioImpl::buy_song
FNDA:0,noteblock::noteblock_studio::NBStudio::NBStudioImpl::buy_song
FN:243,noteblock::noteblock_studio::NBStudio::NBStudioImpl::get_album
FNDA:0,noteblock::noteblock_studio::NBStudio::NBStudioImpl::get_album
FN:225,noteblock::noteblock_studio::NBStudio::NBStudioImpl::get_song
FNDA:0,noteblock::noteblock_studio::NBStudio::NBStudioImpl::get_song
FN:183,noteblock::noteblock_studio::NBStudio::NBStudioImpl::mint_album
FNDA:0,noteblock::noteblock_studio::NBStudio::NBStudioImpl::mint_album
FN:176,noteblock::noteblock_studio::NBStudio::NBStudioImpl::mint_song
FNDA:0,noteblock::noteblock_studio::NBStudio::NBStudioImpl::mint_song
FN:153,noteblock::noteblock_studio::NBStudio::SongBoughtIsEvent::append_keys_and_data
FNDA:0,noteblock::noteblock_studio::NBStudio::SongBoughtIsEvent::append_keys_and_data
FN:139,noteblock::noteblock_studio::NBStudio::SongCreatedIsEvent::append_keys_and_data
FNDA:0,noteblock::noteblock_studio::NBStudio::SongCreatedIsEvent::append_keys_and_data
FN:103,noteblock::noteblock_studio::NBStudio::SongNodeStorageNodeImpl::storage_node
FNDA:0,noteblock::noteblock_studio::NBStudio::SongNodeStorageNodeImpl::storage_node
FN:103,noteblock::noteblock_studio::NBStudio::SongNodeStorageNodeMutImpl::storage_node_mut
FNDA:0,noteblock::noteblock_studio::NBStudio::SongNodeStorageNodeMutImpl::storage_node_mut
FN:114,noteblock::noteblock_studio::NBStudio::SongSerde::serialize
FNDA:0,noteblock::noteblock_studio::NBStudio::SongSerde::serialize
FN:318,noteblock::noteblock_studio::NBStudio::StudioInternalImpl::_buy_song
FNDA:0,noteblock::noteblock_studio::NBStudio::StudioInternalImpl::_buy_song
FN:297,noteblock::noteblock_studio::NBStudio::StudioInternalImpl::_mint_album
FNDA:0,noteblock::noteblock_studio::NBStudio::StudioInternalImpl::_mint_album
FN:261,noteblock::noteblock_studio::NBStudio::StudioInternalImpl::_mint_song
FNDA:0,noteblock::noteblock_studio::NBStudio::StudioInternalImpl::_mint_song
FN:206,noteblock::noteblock_studio::NBStudio::__wrapper__NBStudioImpl__buy_album
FNDA:0,noteblock::noteblock_studio::NBStudio::__wrapper__NBStudioImpl__buy_album
FN:190,noteblock::noteblock_studio::NBStudio::__wrapper__NBStudioImpl__buy_song
FNDA:0,noteblock::noteblock_studio::NBStudio::__wrapper__NBStudioImpl__buy_song
FN:241,noteblock::noteblock_studio::NBStudio::__wrapper__NBStudioImpl__get_album
FNDA:0,noteblock::noteblock_studio::NBStudio::__wrapper__NBStudioImpl__get_album
FN:223,noteblock::noteblock_studio::NBStudio::__wrapper__NBStudioImpl__get_song
FNDA:0,noteblock::noteblock_studio::NBStudio::__wrapper__NBStudioImpl__get_song
FN:181,noteblock::noteblock_studio::NBStudio::__wrapper__NBStudioImpl__mint_album
FNDA:0,noteblock::noteblock_studio::NBStudio::__wrapper__NBStudioImpl__mint_album
FN:174,noteblock::noteblock_studio::NBStudio::__wrapper__NBStudioImpl__mint_song
FNDA:0,noteblock::noteblock_studio::NBStudio::__wrapper__NBStudioImpl__mint_song
FN:166,noteblock::noteblock_studio::NBStudio::__wrapper__constructor
FNDA:0,noteblock::noteblock_studio::NBStudio::__wrapper__constructor
FN:168,noteblock::noteblock_studio::NBStudio::constructor
FNDA:0,noteblock::noteblock_studio::NBStudio::constructor
FN:85,noteblock::noteblock_studio::NBStudio::unsafe_new_contract_state
FNDA:0,noteblock::noteblock_studio::NBStudio::unsafe_new_contract_state
FN:5,noteblock::noteblock_studio::SongCreateClone::clone
FNDA:0,noteblock::noteblock_studio::SongCreateClone::clone
FN:5,noteblock::noteblock_studio::SongCreateSerde::deserialize
FNDA:0,noteblock::noteblock_studio::SongCreateSerde::deserialize
FN:5,noteblock::noteblock_studio::SongCreateSerde::serialize
FNDA:0,noteblock::noteblock_studio::SongCreateSerde::serialize
FN:245,noteblock::noteblock_studio::array_inline_macro
FNDA:0,noteblock::noteblock_studio::array_inline_macro
FNF:36
FNH:0
DA:5,0
DA:59,0
DA:75,0
DA:78,0
DA:85,0
DA:103,0
DA:114,0
DA:128,0
DA:139,0
DA:146,0
DA:153,0
DA:159,0
DA:166,0
DA:168,0
DA:169,0
DA:174,0
DA:176,0
DA:178,0
DA:181,0
DA:183,0
DA:185,0
DA:187,0
DA:190,0
DA:192,0
DA:195,0
DA:198,0
DA:206,0
DA:208,0
DA:210,0
DA:212,0
DA:213,0
DA:214,0
DA:217,0
DA:220,0
DA:223,0
DA:225,0
DA:229,0
DA:230,0
DA:231,0
DA:232,0
DA:233,0
DA:234,0
DA:235,0
DA:241,0
DA:243,0
DA:245,0
DA:248,0
DA:249,0
DA:250,0
DA:261,0
DA:262,0
DA:266,0
DA:267,0
DA:268,0
DA:269,0
DA:270,0
DA:271,0
DA:272,0
DA:273,0
DA:277,0
DA:280,0
DA:281,0
DA:282,0
DA:283,0
DA:289,0
DA:292,0
DA:297,0
DA:304,0
DA:305,0
DA:306,0
DA:307,0
DA:308,0
DA:310,0
DA:318,0
DA:320,0
DA:322,0
DA:324,0
DA:328,0
DA:331,0
DA:332,0
DA:336,0
LF:81
LH:0
end_of_record
TN:
SF:/mnt/c/Users/stuar/onedrive/documents/github/noteblock/noteblock-contract/tests/test_noteblock_factory.cairo
FN:14,noteblock_integrationtest::test_noteblock_factory::array_inline_macro
FNDA:1,noteblock_integrationtest::test_noteblock_factory::array_inline_macro
FN:8,noteblock_integrationtest::test_noteblock_factory::deploy_noteblock_factory
FNDA:1,noteblock_integrationtest::test_noteblock_factory::deploy_noteblock_factory
FNF:2
FNH:2
DA:8,1
DA:9,1
DA:10,1
DA:12,1
DA:14,1
DA:15,1
DA:16,1
DA:17,1
DA:18,1
DA:20,1
LF:10
LH:10
end_of_record
TN:
SF:/mnt/c/Users/stuar/onedrive/documents/github/noteblock/noteblock-contract/src/noteblock_factory.cairo
FN:12,noteblock::noteblock_factory::INoteblockFactoryDispatcherImpl::create_studio
FNDA:0,noteblock::noteblock_factory::INoteblockFactoryDispatcherImpl::create_studio
FN:12,noteblock::noteblock_factory::INoteblockFactoryDispatcherImpl::mint_song
FNDA:0,noteblock::noteblock_factory::INoteblockFactoryDispatcherImpl::mint_song
FN:30,noteblock::noteblock_factory::NBFactory::ContractStateEventEmitter::emit
FNDA:1,noteblock::noteblock_factory::NBFactory::ContractStateEventEmitter::emit
FN:41,noteblock::noteblock_factory::NBFactory::ContractStateOwnableMixinImpl::unsafe_new_contract_state
FNDA:0,noteblock::noteblock_factory::NBFactory::ContractStateOwnableMixinImpl::unsafe_new_contract_state
FN:57,noteblock::noteblock_factory::NBFactory::EventIsEvent::append_keys_and_data
FNDA:1,noteblock::noteblock_factory::NBFactory::EventIsEvent::append_keys_and_data
FN:38,noteblock::noteblock_factory::NBFactory::HasComponentImpl_OwnableComponent::emit
FNDA:1,noteblock::noteblock_factory::NBFactory::HasComponentImpl_OwnableComponent::emit
FN:38,noteblock::noteblock_factory::NBFactory::HasComponentImpl_OwnableComponent::get_component
FNDA:0,noteblock::noteblock_factory::NBFactory::HasComponentImpl_OwnableComponent::get_component
FN:38,noteblock::noteblock_factory::NBFactory::HasComponentImpl_OwnableComponent::get_component_mut
FNDA:0,noteblock::noteblock_factory::NBFactory::HasComponentImpl_OwnableComponent::get_component_mut
FN:38,noteblock::noteblock_factory::NBFactory::HasComponentImpl_OwnableComponent::get_contract_mut
FNDA:1,noteblock::noteblock_factory::NBFactory::HasComponentImpl_OwnableComponent::get_contract_mut
FN:91,noteblock::noteblock_factory::NBFactory::NBFactoryImpl::create_studio
FNDA:1,noteblock::noteblock_factory::NBFactory::NBFactoryImpl::create_studio
FN:153,noteblock::noteblock_factory::NBFactory::NBFactoryImpl::get_studio
FNDA:0,noteblock::noteblock_factory::NBFactory::NBFactoryImpl::get_studio
FN:119,noteblock::noteblock_factory::NBFactory::NBFactoryImpl::mint_song
FNDA:0,noteblock::noteblock_factory::NBFactory::NBFactoryImpl::mint_song
FN:71,noteblock::noteblock_factory::NBFactory::NewSongCreatedIsEvent::append_keys_and_data
FNDA:0,noteblock::noteblock_factory::NBFactory::NewSongCreatedIsEvent::append_keys_and_data
FN:65,noteblock::noteblock_factory::NBFactory::NewStudioCreatedIsEvent::append_keys_and_data
FNDA:0,noteblock::noteblock_factory::NBFactory::NewStudioCreatedIsEvent::append_keys_and_data
FN:161,noteblock::noteblock_factory::NBFactory::StudioInternalImpl::assert_only_registered_studio
FNDA:0,noteblock::noteblock_factory::NBFactory::StudioInternalImpl::assert_only_registered_studio
FN:88,noteblock::noteblock_factory::NBFactory::__wrapper__NBFactoryImpl__create_studio
FNDA:0,noteblock::noteblock_factory::NBFactory::__wrapper__NBFactoryImpl__create_studio
FN:152,noteblock::noteblock_factory::NBFactory::__wrapper__NBFactoryImpl__get_studio
FNDA:0,noteblock::noteblock_factory::NBFactory::__wrapper__NBFactoryImpl__get_studio
FN:118,noteblock::noteblock_factory::NBFactory::__wrapper__NBFactoryImpl__mint_song
FNDA:0,noteblock::noteblock_factory::NBFactory::__wrapper__NBFactoryImpl__mint_song
FN:78,noteblock::noteblock_factory::NBFactory::__wrapper__constructor
FNDA:1,noteblock::noteblock_factory::NBFactory::__wrapper__constructor
FN:80,noteblock::noteblock_factory::NBFactory::constructor
FNDA:1,noteblock::noteblock_factory::NBFactory::constructor
FN:49,noteblock::noteblock_factory::NBFactory::unsafe_new_contract_state
FNDA:1,noteblock::noteblock_factory::NBFactory::unsafe_new_contract_state
FN:3,noteblock::noteblock_factory::StudioDataClone::clone
FNDA:1,noteblock::noteblock_factory::StudioDataClone::clone
FN:3,noteblock::noteblock_factory::StudioDataSerde::deserialize
FNDA:0,noteblock::noteblock_factory::StudioDataSerde::deserialize
FN:3,noteblock::noteblock_factory::StudioDataSerde::serialize
FNDA:0,noteblock::noteblock_factory::StudioDataSerde::serialize
FN:3,noteblock::noteblock_factory::StudioDataStore::read
FNDA:0,noteblock::noteblock_factory::StudioDataStore::read
FN:3,noteblock::noteblock_factory::StudioDataStore::write
FNDA:0,noteblock::noteblock_factory::StudioDataStore::write
FN:94,noteblock::noteblock_factory::array_inline_macro
FNDA:0,noteblock::noteblock_factory::array_inline_macro
FNF:27
FNH:9
DA:3,1
DA:12,0
DA:30,1
DA:38,2
DA:41,0
DA:49,1
DA:57,1
DA:65,0
DA:71,0
DA:78,1
DA:80,0
DA:81,1
DA:82,1
DA:83,1
DA:88,0
DA:91,1
DA:94,0
DA:95,0
DA:96,0
DA:97,0
DA:99,0
DA:100,0
DA:103,0
DA:106,0
DA:108,0
DA:118,0
DA:119,0
DA:121,0
DA:124,0
DA:127,0
DA:130,0
DA:132,0
DA:134,0
DA:135,0
DA:138,0
DA:142,0
DA:152,0
DA:153,0
DA:161,0
LF:39
LH:10
end_of_record
TN:
SF:/mnt/c/Users/stuar/onedrive/documents/github/noteblock/noteblock-contract/src/noteblock_song.cairo
FN:4,noteblock::noteblock_song::INoteblockSongDispatcherImpl::mint
FNDA:0,noteblock::noteblock_song::INoteblockSongDispatcherImpl::mint
FN:22,noteblock::noteblock_song::NoteblockSong::ContractStateERC1155MixinImpl::unsafe_new_contract_state
FNDA:0,noteblock::noteblock_song::NoteblockSong::ContractStateERC1155MixinImpl::unsafe_new_contract_state
FN:10,noteblock::noteblock_song::NoteblockSong::ContractStateEventEmitter::emit
FNDA:0,noteblock::noteblock_song::NoteblockSong::ContractStateEventEmitter::emit
FN:37,noteblock::noteblock_song::NoteblockSong::EventIsEvent::append_keys_and_data
FNDA:0,noteblock::noteblock_song::NoteblockSong::EventIsEvent::append_keys_and_data
FN:18,noteblock::noteblock_song::NoteblockSong::HasComponentImpl_ERC1155Component::emit
FNDA:0,noteblock::noteblock_song::NoteblockSong::HasComponentImpl_ERC1155Component::emit
FN:18,noteblock::noteblock_song::NoteblockSong::HasComponentImpl_ERC1155Component::get_component
FNDA:0,noteblock::noteblock_song::NoteblockSong::HasComponentImpl_ERC1155Component::get_component
FN:18,noteblock::noteblock_song::NoteblockSong::HasComponentImpl_ERC1155Component::get_component_mut
FNDA:0,noteblock::noteblock_song::NoteblockSong::HasComponentImpl_ERC1155Component::get_component_mut
FN:18,noteblock::noteblock_song::NoteblockSong::HasComponentImpl_ERC1155Component::get_contract
FNDA:0,noteblock::noteblock_song::NoteblockSong::HasComponentImpl_ERC1155Component::get_contract
FN:18,noteblock::noteblock_song::NoteblockSong::HasComponentImpl_ERC1155Component::get_contract_mut
FNDA:0,noteblock::noteblock_song::NoteblockSong::HasComponentImpl_ERC1155Component::get_contract_mut
FN:19,noteblock::noteblock_song::NoteblockSong::HasComponentImpl_SRC5Component::get_component
FNDA:0,noteblock::noteblock_song::NoteblockSong::HasComponentImpl_SRC5Component::get_component
FN:19,noteblock::noteblock_song::NoteblockSong::HasComponentImpl_SRC5Component::get_component_mut
FNDA:0,noteblock::noteblock_song::NoteblockSong::HasComponentImpl_SRC5Component::get_component_mut
FN:80,noteblock::noteblock_song::NoteblockSong::NoteBlocksongImpl::artist
FNDA:0,noteblock::noteblock_song::NoteblockSong::NoteBlocksongImpl::artist
FN:59,noteblock::noteblock_song::NoteblockSong::NoteBlocksongImpl::mint
FNDA:0,noteblock::noteblock_song::NoteblockSong::NoteBlocksongImpl::mint
FN:79,noteblock::noteblock_song::NoteblockSong::__wrapper__NoteBlocksongImpl__artist
FNDA:0,noteblock::noteblock_song::NoteblockSong::__wrapper__NoteBlocksongImpl__artist
FN:58,noteblock::noteblock_song::NoteblockSong::__wrapper__NoteBlocksongImpl__mint
FNDA:0,noteblock::noteblock_song::NoteblockSong::__wrapper__NoteBlocksongImpl__mint
FN:45,noteblock::noteblock_song::NoteblockSong::__wrapper__constructor
FNDA:0,noteblock::noteblock_song::NoteblockSong::__wrapper__constructor
FN:51,noteblock::noteblock_song::NoteblockSong::constructor
FNDA:0,noteblock::noteblock_song::NoteblockSong::constructor
FN:28,noteblock::noteblock_song::NoteblockSong::unsafe_new_contract_state
FNDA:0,noteblock::noteblock_song::NoteblockSong::unsafe_new_contract_state
FN:61,noteblock::noteblock_song::array_inline_macro
FNDA:0,noteblock::noteblock_song::array_inline_macro
FNF:19
FNH:0
DA:4,0
DA:10,0
DA:18,0
DA:19,0
DA:22,0
DA:28,0
DA:30,0
DA:37,0
DA:45,0
DA:51,0
DA:52,0
DA:58,0
DA:59,0
DA:61,0
DA:62,0
DA:66,0
DA:69,0
DA:70,0
DA:71,0
DA:72,0
DA:73,0
DA:76,0
DA:79,0
DA:80,0
LF:24
LH:0
end_of_record
TN:
SF:/mnt/c/Users/stuar/onedrive/documents/github/noteblock/noteblock-contract/src/noteblock_studio.cairo
FN:159,noteblock::noteblock_studio::NBStudio::AlbumBoughtIsEvent::append_keys_and_data
FNDA:0,noteblock::noteblock_studio::NBStudio::AlbumBoughtIsEvent::append_keys_and_data
FN:146,noteblock::noteblock_studio::NBStudio::AlbumCreatedIsEvent::append_keys_and_data
FNDA:0,noteblock::noteblock_studio::NBStudio::AlbumCreatedIsEvent::append_keys_and_data
FN:59,noteblock::noteblock_studio::NBStudio::ContractStateEventEmitter::emit
FNDA:0,noteblock::noteblock_studio::NBStudio::ContractStateEventEmitter::emit
FN:78,noteblock::noteblock_studio::NBStudio::ContractStateOwnableMixinImpl::unsafe_new_contract_state
FNDA:0,noteblock::noteblock_studio::NBStudio::ContractStateOwnableMixinImpl::unsafe_new_contract_state
FN:128,noteblock::noteblock_studio::NBStudio::EventIsEvent::append_keys_and_data
FNDA:0,noteblock::noteblock_studio::NBStudio::EventIsEvent::append_keys_and_data
FN:75,noteblock::noteblock_studio::NBStudio::HasComponentImpl_OwnableComponent::emit
FNDA:0,noteblock::noteblock_studio::NBStudio::HasComponentImpl_OwnableComponent::emit
FN:75,noteblock::noteblock_studio::NBStudio::HasComponentImpl_OwnableComponent::get_component
FNDA:0,noteblock::noteblock_studio::NBStudio::HasComponentImpl_OwnableComponent::get_component
FN:75,noteblock::noteblock_studio::NBStudio::HasComponentImpl_OwnableComponent::get_component_mut
FNDA:0,noteblock::noteblock_studio::NBStudio::HasComponentImpl_OwnableComponent::get_component_mut
FN:75,noteblock::noteblock_studio::NBStudio::HasComponentImpl_OwnableComponent::get_contract_mut
FNDA:0,noteblock::noteblock_studio::NBStudio::HasComponentImpl_OwnableComponent::get_contract_mut
FN:208,noteblock::noteblock_studio::NBStudio::NBStudioImpl::buy_album
FNDA:0,noteblock::noteblock_studio::NBStudio::NBStudioImpl::buy_album
FN:192,noteblock::noteblock_studio::NBStudio::NBStudioImpl::buy_song
FNDA:0,noteblock::noteblock_studio::NBStudio::NBStudioImpl::buy_song
FN:243,noteblock::noteblock_studio::NBStudio::NBStudioImpl::get_album
FNDA:0,noteblock::noteblock_studio::NBStudio::NBStudioImpl::get_album
FN:225,noteblock::noteblock_studio::NBStudio::NBStudioImpl::get_song
FNDA:0,noteblock::noteblock_studio::NBStudio::NBStudioImpl::get_song
FN:183,noteblock::noteblock_studio::NBStudio::NBStudioImpl::mint_album
FNDA:0,noteblock::noteblock_studio::NBStudio::NBStudioImpl::mint_album
FN:176,noteblock::noteblock_studio::NBStudio::NBStudioImpl::mint_song
FNDA:0,noteblock::noteblock_studio::NBStudio::NBStudioImpl::mint_song
FN:153,noteblock::noteblock_studio::NBStudio::SongBoughtIsEvent::append_keys_and_data
FNDA:0,noteblock::noteblock_studio::NBStudio::SongBoughtIsEvent::append_keys_and_data
FN:139,noteblock::noteblock_studio::NBStudio::SongCreatedIsEvent::append_keys_and_data
FNDA:0,noteblock::noteblock_studio::NBStudio::SongCreatedIsEvent::append_keys_and_data
FN:103,noteblock::noteblock_studio::NBStudio::SongNodeStorageNodeImpl::storage_node
FNDA:0,noteblock::noteblock_studio::NBStudio::SongNodeStorageNodeImpl::storage_node
FN:103,noteblock::noteblock_studio::NBStudio::SongNodeStorageNodeMutImpl::storage_node_mut
FNDA:0,noteblock::noteblock_studio::NBStudio::SongNodeStorageNodeMutImpl::storage_node_mut
FN:114,noteblock::noteblock_studio::NBStudio::SongSerde::serialize
FNDA:0,noteblock::noteblock_studio::NBStudio::SongSerde::serialize
FN:318,noteblock::noteblock_studio::NBStudio::StudioInternalImpl::_buy_song
FNDA:0,noteblock::noteblock_studio::NBStudio::StudioInternalImpl::_buy_song
FN:297,noteblock::noteblock_studio::NBStudio::StudioInternalImpl::_mint_album
FNDA:0,noteblock::noteblock_studio::NBStudio::StudioInternalImpl::_mint_album
FN:261,noteblock::noteblock_studio::NBStudio::StudioInternalImpl::_mint_song
FNDA:0,noteblock::noteblock_studio::NBStudio::StudioInternalImpl::_mint_song
FN:206,noteblock::noteblock_studio::NBStudio::__wrapper__NBStudioImpl__buy_album
FNDA:0,noteblock::noteblock_studio::NBStudio::__wrapper__NBStudioImpl__buy_album
FN:190,noteblock::noteblock_studio::NBStudio::__wrapper__NBStudioImpl__buy_song
FNDA:0,noteblock::noteblock_studio::NBStudio::__wrapper__NBStudioImpl__buy_song
FN:241,noteblock::noteblock_studio::NBStudio::__wrapper__NBStudioImpl__get_album
FNDA:0,noteblock::noteblock_studio::NBStudio::__wrapper__NBStudioImpl__get_album
FN:223,noteblock::noteblock_studio::NBStudio::__wrapper__NBStudioImpl__get_song
FNDA:0,noteblock::noteblock_studio::NBStudio::__wrapper__NBStudioImpl__get_song
FN:181,noteblock::noteblock_studio::NBStudio::__wrapper__NBStudioImpl__mint_album
FNDA:0,noteblock::noteblock_studio::NBStudio::__wrapper__NBStudioImpl__mint_album
FN:174,noteblock::noteblock_studio::NBStudio::__wrapper__NBStudioImpl__mint_song
FNDA:0,noteblock::noteblock_studio::NBStudio::__wrapper__NBStudioImpl__mint_song
FN:166,noteblock::noteblock_studio::NBStudio::__wrapper__constructor
FNDA:0,noteblock::noteblock_studio::NBStudio::__wrapper__constructor
FN:168,noteblock::noteblock_studio::NBStudio::constructor
FNDA:0,noteblock::noteblock_studio::NBStudio::constructor
FN:85,noteblock::noteblock_studio::NBStudio::unsafe_new_contract_state
FNDA:0,noteblock::noteblock_studio::NBStudio::unsafe_new_contract_state
FN:5,noteblock::noteblock_studio::SongCreateClone::clone
FNDA:0,noteblock::noteblock_studio::SongCreateClone::clone
FN:5,noteblock::noteblock_studio::SongCreateSerde::deserialize
FNDA:0,noteblock::noteblock_studio::SongCreateSerde::deserialize
FN:5,noteblock::noteblock_studio::SongCreateSerde::serialize
FNDA:0,noteblock::noteblock_studio::SongCreateSerde::serialize
FN:245,noteblock::noteblock_studio::array_inline_macro
FNDA:0,noteblock::noteblock_studio::array_inline_macro
FNF:36
FNH:0
DA:5,0
DA:59,0
DA:75,0
DA:78,0
DA:85,0
DA:103,0
DA:114,0
DA:128,0
DA:139,0
DA:146,0
DA:153,0
DA:159,0
DA:166,0
DA:168,0
DA:169,0
DA:174,0
DA:176,0
DA:178,0
DA:181,0
DA:183,0
DA:185,0
DA:187,0
DA:190,0
DA:192,0
DA:195,0
DA:198,0
DA:206,0
DA:208,0
DA:210,0
DA:212,0
DA:213,0
DA:214,0
DA:217,0
DA:220,0
DA:223,0
DA:225,0
DA:229,0
DA:230,0
DA:231,0
DA:232,0
DA:233,0
DA:234,0
DA:235,0
DA:241,0
DA:243,0
DA:245,0
DA:248,0
DA:249,0
DA:250,0
DA:261,0
DA:262,0
DA:266,0
DA:267,0
DA:268,0
DA:269,0
DA:270,0
DA:271,0
DA:272,0
DA:273,0
DA:277,0
DA:280,0
DA:281,0
DA:282,0
DA:283,0
DA:289,0
DA:292,0
DA:297,0
DA:304,0
DA:305,0
DA:306,0
DA:307,0
DA:308,0
DA:310,0
DA:318,0
DA:320,0
DA:322,0
DA:324,0
DA:328,0
DA:331,0
DA:332,0
DA:336,0
LF:81
LH:0
end_of_record
TN:
SF:/mnt/c/Users/stuar/onedrive/documents/github/noteblock/noteblock-contract/tests/test_noteblock_factory.cairo
FN:15,noteblock_integrationtest::test_noteblock_factory::array_inline_macro
FNDA:1,noteblock_integrationtest::test_noteblock_factory::array_inline_macro
FN:9,noteblock_integrationtest::test_noteblock_factory::deploy_noteblock_factory
FNDA:1,noteblock_integrationtest::test_noteblock_factory::deploy_noteblock_factory
FN:29,noteblock_integrationtest::test_noteblock_factory::validate_studio_data
FNDA:0,noteblock_integrationtest::test_noteblock_factory::validate_studio_data
FNF:3
FNH:2
DA:9,1
DA:10,1
DA:11,1
DA:13,1
DA:15,1
DA:16,1
DA:17,1
DA:18,1
DA:19,1
DA:21,1
DA:29,0
DA:30,0
DA:31,0
DA:32,0
LF:14
LH:10
end_of_record
TN:
SF:/mnt/c/Users/stuar/onedrive/documents/github/noteblock/noteblock-contract/src/noteblock_factory.cairo
FN:12,noteblock::noteblock_factory::INoteblockFactoryDispatcherImpl::create_studio
FNDA:1,noteblock::noteblock_factory::INoteblockFactoryDispatcherImpl::create_studio
FN:12,noteblock::noteblock_factory::INoteblockFactoryDispatcherImpl::mint_song
FNDA:0,noteblock::noteblock_factory::INoteblockFactoryDispatcherImpl::mint_song
FN:30,noteblock::noteblock_factory::NBFactory::ContractStateEventEmitter::emit
FNDA:1,noteblock::noteblock_factory::NBFactory::ContractStateEventEmitter::emit
FN:41,noteblock::noteblock_factory::NBFactory::ContractStateOwnableMixinImpl::unsafe_new_contract_state
FNDA:0,noteblock::noteblock_factory::NBFactory::ContractStateOwnableMixinImpl::unsafe_new_contract_state
FN:57,noteblock::noteblock_factory::NBFactory::EventIsEvent::append_keys_and_data
FNDA:1,noteblock::noteblock_factory::NBFactory::EventIsEvent::append_keys_and_data
FN:38,noteblock::noteblock_factory::NBFactory::HasComponentImpl_OwnableComponent::emit
FNDA:1,noteblock::noteblock_factory::NBFactory::HasComponentImpl_OwnableComponent::emit
FN:38,noteblock::noteblock_factory::NBFactory::HasComponentImpl_OwnableComponent::get_component
FNDA:1,noteblock::noteblock_factory::NBFactory::HasComponentImpl_OwnableComponent::get_component
FN:38,noteblock::noteblock_factory::NBFactory::HasComponentImpl_OwnableComponent::get_component_mut
FNDA:0,noteblock::noteblock_factory::NBFactory::HasComponentImpl_OwnableComponent::get_component_mut
FN:38,noteblock::noteblock_factory::NBFactory::HasComponentImpl_OwnableComponent::get_contract_mut
FNDA:1,noteblock::noteblock_factory::NBFactory::HasComponentImpl_OwnableComponent::get_contract_mut
FN:91,noteblock::noteblock_factory::NBFactory::NBFactoryImpl::create_studio
FNDA:1,noteblock::noteblock_factory::NBFactory::NBFactoryImpl::create_studio
FN:153,noteblock::noteblock_factory::NBFactory::NBFactoryImpl::get_studio
FNDA:0,noteblock::noteblock_factory::NBFactory::NBFactoryImpl::get_studio
FN:119,noteblock::noteblock_factory::NBFactory::NBFactoryImpl::mint_song
FNDA:0,noteblock::noteblock_factory::NBFactory::NBFactoryImpl::mint_song
FN:71,noteblock::noteblock_factory::NBFactory::NewSongCreatedIsEvent::append_keys_and_data
FNDA:0,noteblock::noteblock_factory::NBFactory::NewSongCreatedIsEvent::append_keys_and_data
FN:65,noteblock::noteblock_factory::NBFactory::NewStudioCreatedIsEvent::append_keys_and_data
FNDA:0,noteblock::noteblock_factory::NBFactory::NewStudioCreatedIsEvent::append_keys_and_data
FN:161,noteblock::noteblock_factory::NBFactory::StudioInternalImpl::assert_only_registered_studio
FNDA:0,noteblock::noteblock_factory::NBFactory::StudioInternalImpl::assert_only_registered_studio
FN:88,noteblock::noteblock_factory::NBFactory::__wrapper__NBFactoryImpl__create_studio
FNDA:1,noteblock::noteblock_factory::NBFactory::__wrapper__NBFactoryImpl__create_studio
FN:152,noteblock::noteblock_factory::NBFactory::__wrapper__NBFactoryImpl__get_studio
FNDA:0,noteblock::noteblock_factory::NBFactory::__wrapper__NBFactoryImpl__get_studio
FN:118,noteblock::noteblock_factory::NBFactory::__wrapper__NBFactoryImpl__mint_song
FNDA:0,noteblock::noteblock_factory::NBFactory::__wrapper__NBFactoryImpl__mint_song
FN:78,noteblock::noteblock_factory::NBFactory::__wrapper__constructor
FNDA:1,noteblock::noteblock_factory::NBFactory::__wrapper__constructor
FN:80,noteblock::noteblock_factory::NBFactory::constructor
FNDA:1,noteblock::noteblock_factory::NBFactory::constructor
FN:49,noteblock::noteblock_factory::NBFactory::unsafe_new_contract_state
FNDA:1,noteblock::noteblock_factory::NBFactory::unsafe_new_contract_state
FN:3,noteblock::noteblock_factory::StudioDataClone::clone
FNDA:1,noteblock::noteblock_factory::StudioDataClone::clone
FN:3,noteblock::noteblock_factory::StudioDataSerde::deserialize
FNDA:1,noteblock::noteblock_factory::StudioDataSerde::deserialize
FN:3,noteblock::noteblock_factory::StudioDataSerde::serialize
FNDA:1,noteblock::noteblock_factory::StudioDataSerde::serialize
FN:3,noteblock::noteblock_factory::StudioDataStore::read
FNDA:0,noteblock::noteblock_factory::StudioDataStore::read
FN:3,noteblock::noteblock_factory::StudioDataStore::write
FNDA:1,noteblock::noteblock_factory::StudioDataStore::write
FN:94,noteblock::noteblock_factory::array_inline_macro
FNDA:1,noteblock::noteblock_factory::array_inline_macro
FNF:27
FNH:16
DA:3,4
DA:12,1
DA:30,1
DA:38,3
DA:41,0
DA:49,1
DA:57,1
DA:65,0
DA:71,0
DA:78,1
DA:80,0
DA:81,1
DA:82,1
DA:83,1
DA:88,1
DA:91,1
DA:94,1
DA:95,1
DA:96,1
DA:97,1
DA:99,1
DA:100,1
DA:103,1
DA:106,1
DA:108,1
DA:118,0
DA:119,0
DA:121,0
DA:124,0
DA:127,0
DA:130,0
DA:132,0
DA:134,0
DA:135,0
DA:138,0
DA:142,0
DA:152,0
DA:153,0
DA:161,0
LF:39
LH:21
end_of_record
TN:
SF:/mnt/c/Users/stuar/onedrive/documents/github/noteblock/noteblock-contract/src/noteblock_song.cairo
FN:4,noteblock::noteblock_song::INoteblockSongDispatcherImpl::mint
FNDA:0,noteblock::noteblock_song::INoteblockSongDispatcherImpl::mint
FN:22,noteblock::noteblock_song::NoteblockSong::ContractStateERC1155MixinImpl::unsafe_new_contract_state
FNDA:0,noteblock::noteblock_song::NoteblockSong::ContractStateERC1155MixinImpl::unsafe_new_contract_state
FN:10,noteblock::noteblock_song::NoteblockSong::ContractStateEventEmitter::emit
FNDA:0,noteblock::noteblock_song::NoteblockSong::ContractStateEventEmitter::emit
FN:37,noteblock::noteblock_song::NoteblockSong::EventIsEvent::append_keys_and_data
FNDA:0,noteblock::noteblock_song::NoteblockSong::EventIsEvent::append_keys_and_data
FN:18,noteblock::noteblock_song::NoteblockSong::HasComponentImpl_ERC1155Component::emit
FNDA:0,noteblock::noteblock_song::NoteblockSong::HasComponentImpl_ERC1155Component::emit
FN:18,noteblock::noteblock_song::NoteblockSong::HasComponentImpl_ERC1155Component::get_component
FNDA:0,noteblock::noteblock_song::NoteblockSong::HasComponentImpl_ERC1155Component::get_component
FN:18,noteblock::noteblock_song::NoteblockSong::HasComponentImpl_ERC1155Component::get_component_mut
FNDA:0,noteblock::noteblock_song::NoteblockSong::HasComponentImpl_ERC1155Component::get_component_mut
FN:18,noteblock::noteblock_song::NoteblockSong::HasComponentImpl_ERC1155Component::get_contract
FNDA:0,noteblock::noteblock_song::NoteblockSong::HasComponentImpl_ERC1155Component::get_contract
FN:18,noteblock::noteblock_song::NoteblockSong::HasComponentImpl_ERC1155Component::get_contract_mut
FNDA:0,noteblock::noteblock_song::NoteblockSong::HasComponentImpl_ERC1155Component::get_contract_mut
FN:19,noteblock::noteblock_song::NoteblockSong::HasComponentImpl_SRC5Component::get_component
FNDA:0,noteblock::noteblock_song::NoteblockSong::HasComponentImpl_SRC5Component::get_component
FN:19,noteblock::noteblock_song::NoteblockSong::HasComponentImpl_SRC5Component::get_component_mut
FNDA:0,noteblock::noteblock_song::NoteblockSong::HasComponentImpl_SRC5Component::get_component_mut
FN:80,noteblock::noteblock_song::NoteblockSong::NoteBlocksongImpl::artist
FNDA:0,noteblock::noteblock_song::NoteblockSong::NoteBlocksongImpl::artist
FN:59,noteblock::noteblock_song::NoteblockSong::NoteBlocksongImpl::mint
FNDA:0,noteblock::noteblock_song::NoteblockSong::NoteBlocksongImpl::mint
FN:79,noteblock::noteblock_song::NoteblockSong::__wrapper__NoteBlocksongImpl__artist
FNDA:0,noteblock::noteblock_song::NoteblockSong::__wrapper__NoteBlocksongImpl__artist
FN:58,noteblock::noteblock_song::NoteblockSong::__wrapper__NoteBlocksongImpl__mint
FNDA:0,noteblock::noteblock_song::NoteblockSong::__wrapper__NoteBlocksongImpl__mint
FN:45,noteblock::noteblock_song::NoteblockSong::__wrapper__constructor
FNDA:0,noteblock::noteblock_song::NoteblockSong::__wrapper__constructor
FN:51,noteblock::noteblock_song::NoteblockSong::constructor
FNDA:0,noteblock::noteblock_song::NoteblockSong::constructor
FN:28,noteblock::noteblock_song::NoteblockSong::unsafe_new_contract_state
FNDA:0,noteblock::noteblock_song::NoteblockSong::unsafe_new_contract_state
FN:61,noteblock::noteblock_song::array_inline_macro
FNDA:0,noteblock::noteblock_song::array_inline_macro
FNF:19
FNH:0
DA:4,0
DA:10,0
DA:18,0
DA:19,0
DA:22,0
DA:28,0
DA:30,0
DA:37,0
DA:45,0
DA:51,0
DA:52,0
DA:58,0
DA:59,0
DA:61,0
DA:62,0
DA:66,0
DA:69,0
DA:70,0
DA:71,0
DA:72,0
DA:73,0
DA:76,0
DA:79,0
DA:80,0
LF:24
LH:0
end_of_record
TN:
SF:/mnt/c/Users/stuar/onedrive/documents/github/noteblock/noteblock-contract/src/noteblock_studio.cairo
FN:159,noteblock::noteblock_studio::NBStudio::AlbumBoughtIsEvent::append_keys_and_data
FNDA:0,noteblock::noteblock_studio::NBStudio::AlbumBoughtIsEvent::append_keys_and_data
FN:146,noteblock::noteblock_studio::NBStudio::AlbumCreatedIsEvent::append_keys_and_data
FNDA:0,noteblock::noteblock_studio::NBStudio::AlbumCreatedIsEvent::append_keys_and_data
FN:59,noteblock::noteblock_studio::NBStudio::ContractStateEventEmitter::emit
FNDA:1,noteblock::noteblock_studio::NBStudio::ContractStateEventEmitter::emit
FN:78,noteblock::noteblock_studio::NBStudio::ContractStateOwnableMixinImpl::unsafe_new_contract_state
FNDA:0,noteblock::noteblock_studio::NBStudio::ContractStateOwnableMixinImpl::unsafe_new_contract_state
FN:128,noteblock::noteblock_studio::NBStudio::EventIsEvent::append_keys_and_data
FNDA:1,noteblock::noteblock_studio::NBStudio::EventIsEvent::append_keys_and_data
FN:75,noteblock::noteblock_studio::NBStudio::HasComponentImpl_OwnableComponent::emit
FNDA:1,noteblock::noteblock_studio::NBStudio::HasComponentImpl_OwnableComponent::emit
FN:75,noteblock::noteblock_studio::NBStudio::HasComponentImpl_OwnableComponent::get_component
FNDA:0,noteblock::noteblock_studio::NBStudio::HasComponentImpl_OwnableComponent::get_component
FN:75,noteblock::noteblock_studio::NBStudio::HasComponentImpl_OwnableComponent::get_component_mut
FNDA:0,noteblock::noteblock_studio::NBStudio::HasComponentImpl_OwnableComponent::get_component_mut
FN:75,noteblock::noteblock_studio::NBStudio::HasComponentImpl_OwnableComponent::get_contract_mut
FNDA:0,noteblock::noteblock_studio::NBStudio::HasComponentImpl_OwnableComponent::get_contract_mut
FN:208,noteblock::noteblock_studio::NBStudio::NBStudioImpl::buy_album
FNDA:0,noteblock::noteblock_studio::NBStudio::NBStudioImpl::buy_album
FN:192,noteblock::noteblock_studio::NBStudio::NBStudioImpl::buy_song
FNDA:0,noteblock::noteblock_studio::NBStudio::NBStudioImpl::buy_song
FN:243,noteblock::noteblock_studio::NBStudio::NBStudioImpl::get_album
FNDA:0,noteblock::noteblock_studio::NBStudio::NBStudioImpl::get_album
FN:225,noteblock::noteblock_studio::NBStudio::NBStudioImpl::get_song
FNDA:0,noteblock::noteblock_studio::NBStudio::NBStudioImpl::get_song
FN:183,noteblock::noteblock_studio::NBStudio::NBStudioImpl::mint_album
FNDA:0,noteblock::noteblock_studio::NBStudio::NBStudioImpl::mint_album
FN:176,noteblock::noteblock_studio::NBStudio::NBStudioImpl::mint_song
FNDA:1,noteblock::noteblock_studio::NBStudio::NBStudioImpl::mint_song
FN:153,noteblock::noteblock_studio::NBStudio::SongBoughtIsEvent::append_keys_and_data
FNDA:0,noteblock::noteblock_studio::NBStudio::SongBoughtIsEvent::append_keys_and_data
FN:139,noteblock::noteblock_studio::NBStudio::SongCreatedIsEvent::append_keys_and_data
FNDA:0,noteblock::noteblock_studio::NBStudio::SongCreatedIsEvent::append_keys_and_data
FN:103,noteblock::noteblock_studio::NBStudio::SongNodeStorageNodeImpl::storage_node
FNDA:0,noteblock::noteblock_studio::NBStudio::SongNodeStorageNodeImpl::storage_node
FN:103,noteblock::noteblock_studio::NBStudio::SongNodeStorageNodeMutImpl::storage_node_mut
FNDA:0,noteblock::noteblock_studio::NBStudio::SongNodeStorageNodeMutImpl::storage_node_mut
FN:114,noteblock::noteblock_studio::NBStudio::SongSerde::serialize
FNDA:0,noteblock::noteblock_studio::NBStudio::SongSerde::serialize
FN:318,noteblock::noteblock_studio::NBStudio::StudioInternalImpl::_buy_song
FNDA:0,noteblock::noteblock_studio::NBStudio::StudioInternalImpl::_buy_song
FN:297,noteblock::noteblock_studio::NBStudio::StudioInternalImpl::_mint_album
FNDA:0,noteblock::noteblock_studio::NBStudio::StudioInternalImpl::_mint_album
FN:261,noteblock::noteblock_studio::NBStudio::StudioInternalImpl::_mint_song
FNDA:0,noteblock::noteblock_studio::NBStudio::StudioInternalImpl::_mint_song
FN:206,noteblock::noteblock_studio::NBStudio::__wrapper__NBStudioImpl__buy_album
FNDA:0,noteblock::noteblock_studio::NBStudio::__wrapper__NBStudioImpl__buy_album
FN:190,noteblock::noteblock_studio::NBStudio::__wrapper__NBStudioImpl__buy_song
FNDA:0,noteblock::noteblock_studio::NBStudio::__wrapper__NBStudioImpl__buy_song
FN:241,noteblock::noteblock_studio::NBStudio::__wrapper__NBStudioImpl__get_album
FNDA:0,noteblock::noteblock_studio::NBStudio::__wrapper__NBStudioImpl__get_album
FN:223,noteblock::noteblock_studio::NBStudio::__wrapper__NBStudioImpl__get_song
FNDA:0,noteblock::noteblock_studio::NBStudio::__wrapper__NBStudioImpl__get_song
FN:181,noteblock::noteblock_studio::NBStudio::__wrapper__NBStudioImpl__mint_album
FNDA:0,noteblock::noteblock_studio::NBStudio::__wrapper__NBStudioImpl__mint_album
FN:174,noteblock::noteblock_studio::NBStudio::__wrapper__NBStudioImpl__mint_song
FNDA:0,noteblock::noteblock_studio::NBStudio::__wrapper__NBStudioImpl__mint_song
FN:166,noteblock::noteblock_studio::NBStudio::__wrapper__constructor
FNDA:1,noteblock::noteblock_studio::NBStudio::__wrapper__constructor
FN:168,noteblock::noteblock_studio::NBStudio::constructor
FNDA:1,noteblock::noteblock_studio::NBStudio::constructor
FN:85,noteblock::noteblock_studio::NBStudio::unsafe_new_contract_state
FNDA:1,noteblock::noteblock_studio::NBStudio::unsafe_new_contract_state
FN:5,noteblock::noteblock_studio::SongCreateClone::clone
FNDA:0,noteblock::noteblock_studio::SongCreateClone::clone
FN:5,noteblock::noteblock_studio::SongCreateSerde::deserialize
FNDA:0,noteblock::noteblock_studio::SongCreateSerde::deserialize
FN:5,noteblock::noteblock_studio::SongCreateSerde::serialize
FNDA:0,noteblock::noteblock_studio::SongCreateSerde::serialize
FN:245,noteblock::noteblock_studio::array_inline_macro
FNDA:0,noteblock::noteblock_studio::array_inline_macro
FNF:36
FNH:7
DA:5,0
DA:59,1
DA:75,1
DA:78,0
DA:85,1
DA:103,0
DA:114,0
DA:128,1
DA:139,0
DA:146,0
DA:153,0
DA:159,0
DA:166,1
DA:168,1
DA:169,1
DA:174,0
DA:176,1
DA:178,0
DA:181,0
DA:183,0
DA:185,0
DA:187,0
DA:190,0
DA:192,0
DA:195,0
DA:198,0
DA:206,0
DA:208,0
DA:210,0
DA:212,0
DA:213,0
DA:214,0
DA:217,0
DA:220,0
DA:223,0
DA:225,0
DA:229,0
DA:230,0
DA:231,0
DA:232,0
DA:233,0
DA:234,0
DA:235,0
DA:241,0
DA:243,0
DA:245,0
DA:248,0
DA:249,0
DA:250,0
DA:261,0
DA:262,0
DA:266,0
DA:267,0
DA:268,0
DA:269,0
DA:270,0
DA:271,0
DA:272,0
DA:273,0
DA:277,0
DA:280,0
DA:281,0
DA:282,0
DA:283,0
DA:289,0
DA:292,0
DA:297,0
DA:304,0
DA:305,0
DA:306,0
DA:307,0
DA:308,0
DA:310,0
DA:318,0
DA:320,0
DA:322,0
DA:324,0
DA:328,0
DA:331,0
DA:332,0
DA:336,0
LF:81
LH:8
end_of_record
TN:
SF:/mnt/c/Users/stuar/onedrive/documents/github/noteblock/noteblock-contract/tests/test_noteblock_factory.cairo
FN:8,noteblock_integrationtest::test_noteblock_factory::array_inline_macro
FNDA:1,noteblock_integrationtest::test_noteblock_factory::array_inline_macro
FN:9,noteblock_integrationtest::test_noteblock_factory::deploy_noteblock_factory
FNDA:1,noteblock_integrationtest::test_noteblock_factory::deploy_noteblock_factory
FN:29,noteblock_integrationtest::test_noteblock_factory::validate_studio_data
FNDA:1,noteblock_integrationtest::test_noteblock_factory::validate_studio_data
FNF:3
FNH:3
DA:8,0
DA:9,1
DA:10,1
DA:11,1
DA:13,1
DA:15,1
DA:16,1
DA:17,1
DA:18,1
DA:19,1
DA:21,1
DA:29,1
DA:30,1
DA:31,1
DA:32,1
LF:15
LH:14
end_of_record
TN:
SF:/mnt/c/Users/stuar/onedrive/documents/github/noteblock/noteblock-contract/src/noteblock_factory.cairo
FN:12,noteblock::noteblock_factory::INoteblockFactoryDispatcherImpl::create_studio
FNDA:1,noteblock::noteblock_factory::INoteblockFactoryDispatcherImpl::create_studio
FN:12,noteblock::noteblock_factory::INoteblockFactoryDispatcherImpl::get_studio
FNDA:1,noteblock::noteblock_factory::INoteblockFactoryDispatcherImpl::get_studio
FN:12,noteblock::noteblock_factory::INoteblockFactoryDispatcherImpl::mint_song
FNDA:1,noteblock::noteblock_factory::INoteblockFactoryDispatcherImpl::mint_song
FN:30,noteblock::noteblock_factory::NBFactory::ContractStateEventEmitter::emit
FNDA:1,noteblock::noteblock_factory::NBFactory::ContractStateEventEmitter::emit
FN:41,noteblock::noteblock_factory::NBFactory::ContractStateOwnableMixinImpl::unsafe_new_contract_state
FNDA:0,noteblock::noteblock_factory::NBFactory::ContractStateOwnableMixinImpl::unsafe_new_contract_state
FN:57,noteblock::noteblock_factory::NBFactory::EventIsEvent::append_keys_and_data
FNDA:1,noteblock::noteblock_factory::NBFactory::EventIsEvent::append_keys_and_data
FN:38,noteblock::noteblock_factory::NBFactory::HasComponentImpl_OwnableComponent::emit
FNDA:1,noteblock::noteblock_factory::NBFactory::HasComponentImpl_OwnableComponent::emit
FN:38,noteblock::noteblock_factory::NBFactory::HasComponentImpl_OwnableComponent::get_component
FNDA:1,noteblock::noteblock_factory::NBFactory::HasComponentImpl_OwnableComponent::get_component
FN:38,noteblock::noteblock_factory::NBFactory::HasComponentImpl_OwnableComponent::get_component_mut
FNDA:0,noteblock::noteblock_factory::NBFactory::HasComponentImpl_OwnableComponent::get_component_mut
FN:38,noteblock::noteblock_factory::NBFactory::HasComponentImpl_OwnableComponent::get_contract_mut
FNDA:1,noteblock::noteblock_factory::NBFactory::HasComponentImpl_OwnableComponent::get_contract_mut
FN:91,noteblock::noteblock_factory::NBFactory::NBFactoryImpl::create_studio
FNDA:1,noteblock::noteblock_factory::NBFactory::NBFactoryImpl::create_studio
FN:153,noteblock::noteblock_factory::NBFactory::NBFactoryImpl::get_studio
FNDA:1,noteblock::noteblock_factory::NBFactory::NBFactoryImpl::get_studio
FN:119,noteblock::noteblock_factory::NBFactory::NBFactoryImpl::mint_song
FNDA:1,noteblock::noteblock_factory::NBFactory::NBFactoryImpl::mint_song
FN:71,noteblock::noteblock_factory::NBFactory::NewSongCreatedIsEvent::append_keys_and_data
FNDA:0,noteblock::noteblock_factory::NBFactory::NewSongCreatedIsEvent::append_keys_and_data
FN:65,noteblock::noteblock_factory::NBFactory::NewStudioCreatedIsEvent::append_keys_and_data
FNDA:0,noteblock::noteblock_factory::NBFactory::NewStudioCreatedIsEvent::append_keys_and_data
FN:161,noteblock::noteblock_factory::NBFactory::StudioInternalImpl::assert_only_registered_studio
FNDA:1,noteblock::noteblock_factory::NBFactory::StudioInternalImpl::assert_only_registered_studio
FN:88,noteblock::noteblock_factory::NBFactory::__wrapper__NBFactoryImpl__create_studio
FNDA:1,noteblock::noteblock_factory::NBFactory::__wrapper__NBFactoryImpl__create_studio
FN:152,noteblock::noteblock_factory::NBFactory::__wrapper__NBFactoryImpl__get_studio
FNDA:1,noteblock::noteblock_factory::NBFactory::__wrapper__NBFactoryImpl__get_studio
FN:118,noteblock::noteblock_factory::NBFactory::__wrapper__NBFactoryImpl__mint_song
FNDA:1,noteblock::noteblock_factory::NBFactory::__wrapper__NBFactoryImpl__mint_song
FN:78,noteblock::noteblock_factory::NBFactory::__wrapper__constructor
FNDA:1,noteblock::noteblock_factory::NBFactory::__wrapper__constructor
FN:80,noteblock::noteblock_factory::NBFactory::constructor
FNDA:1,noteblock::noteblock_factory::NBFactory::constructor
FN:49,noteblock::noteblock_factory::NBFactory::unsafe_new_contract_state
FNDA:1,noteblock::noteblock_factory::NBFactory::unsafe_new_contract_state
FN:3,noteblock::noteblock_factory::StudioDataClone::clone
FNDA:1,noteblock::noteblock_factory::StudioDataClone::clone
FN:3,noteblock::noteblock_factory::StudioDataSerde::deserialize
FNDA:1,noteblock::noteblock_factory::StudioDataSerde::deserialize
FN:3,noteblock::noteblock_factory::StudioDataSerde::serialize
FNDA:1,noteblock::noteblock_factory::StudioDataSerde::serialize
FN:3,noteblock::noteblock_factory::StudioDataStore::read
FNDA:1,noteblock::noteblock_factory::StudioDataStore::read
FN:3,noteblock::noteblock_factory::StudioDataStore::write
FNDA:1,noteblock::noteblock_factory::StudioDataStore::write
FN:94,noteblock::noteblock_factory::array_inline_macro
FNDA:1,noteblock::noteblock_factory::array_inline_macro
FNF:28
FNH:24
DA:3,5
DA:12,3
DA:30,1
DA:38,3
DA:41,0
DA:49,1
DA:57,1
DA:65,0
DA:71,0
DA:78,1
DA:80,0
DA:81,1
DA:82,1
DA:83,1
DA:88,1
DA:91,1
DA:94,1
DA:95,1
DA:96,1
DA:97,1
DA:99,1
DA:100,1
DA:103,1
DA:106,1
DA:108,1
DA:118,1
DA:119,0
DA:121,1
DA:124,1
DA:127,1
DA:130,1
DA:132,1
DA:134,1
DA:135,1
DA:138,1
DA:142,1
DA:152,1
DA:153,1
DA:161,1
LF:39
LH:34
end_of_record
TN:
SF:/mnt/c/Users/stuar/onedrive/documents/github/noteblock/noteblock-contract/src/noteblock_song.cairo
FN:4,noteblock::noteblock_song::INoteblockSongDispatcherImpl::mint
FNDA:0,noteblock::noteblock_song::INoteblockSongDispatcherImpl::mint
FN:22,noteblock::noteblock_song::NoteblockSong::ContractStateERC1155MixinImpl::unsafe_new_contract_state
FNDA:0,noteblock::noteblock_song::NoteblockSong::ContractStateERC1155MixinImpl::unsafe_new_contract_state
FN:10,noteblock::noteblock_song::NoteblockSong::ContractStateEventEmitter::emit
FNDA:0,noteblock::noteblock_song::NoteblockSong::ContractStateEventEmitter::emit
FN:37,noteblock::noteblock_song::NoteblockSong::EventIsEvent::append_keys_and_data
FNDA:1,noteblock::noteblock_song::NoteblockSong::EventIsEvent::append_keys_and_data
FN:18,noteblock::noteblock_song::NoteblockSong::HasComponentImpl_ERC1155Component::emit
FNDA:1,noteblock::noteblock_song::NoteblockSong::HasComponentImpl_ERC1155Component::emit
FN:18,noteblock::noteblock_song::NoteblockSong::HasComponentImpl_ERC1155Component::get_component
FNDA:0,noteblock::noteblock_song::NoteblockSong::HasComponentImpl_ERC1155Component::get_component
FN:18,noteblock::noteblock_song::NoteblockSong::HasComponentImpl_ERC1155Component::get_component_mut
FNDA:0,noteblock::noteblock_song::NoteblockSong::HasComponentImpl_ERC1155Component::get_component_mut
FN:18,noteblock::noteblock_song::NoteblockSong::HasComponentImpl_ERC1155Component::get_contract
FNDA:0,noteblock::noteblock_song::NoteblockSong::HasComponentImpl_ERC1155Component::get_contract
FN:18,noteblock::noteblock_song::NoteblockSong::HasComponentImpl_ERC1155Component::get_contract_mut
FNDA:1,noteblock::noteblock_song::NoteblockSong::HasComponentImpl_ERC1155Component::get_contract_mut
FN:19,noteblock::noteblock_song::NoteblockSong::HasComponentImpl_SRC5Component::get_component
FNDA:0,noteblock::noteblock_song::NoteblockSong::HasComponentImpl_SRC5Component::get_component
FN:19,noteblock::noteblock_song::NoteblockSong::HasComponentImpl_SRC5Component::get_component_mut
FNDA:1,noteblock::noteblock_song::NoteblockSong::HasComponentImpl_SRC5Component::get_component_mut
FN:80,noteblock::noteblock_song::NoteblockSong::NoteBlocksongImpl::artist
FNDA:0,noteblock::noteblock_song::NoteblockSong::NoteBlocksongImpl::artist
FN:59,noteblock::noteblock_song::NoteblockSong::NoteBlocksongImpl::mint
FNDA:1,noteblock::noteblock_song::NoteblockSong::NoteBlocksongImpl::mint
FN:79,noteblock::noteblock_song::NoteblockSong::__wrapper__NoteBlocksongImpl__artist
FNDA:0,noteblock::noteblock_song::NoteblockSong::__wrapper__NoteBlocksongImpl__artist
FN:58,noteblock::noteblock_song::NoteblockSong::__wrapper__NoteBlocksongImpl__mint
FNDA:0,noteblock::noteblock_song::NoteblockSong::__wrapper__NoteBlocksongImpl__mint
FN:45,noteblock::noteblock_song::NoteblockSong::__wrapper__constructor
FNDA:1,noteblock::noteblock_song::NoteblockSong::__wrapper__constructor
FN:51,noteblock::noteblock_song::NoteblockSong::constructor
FNDA:1,noteblock::noteblock_song::NoteblockSong::constructor
FN:28,noteblock::noteblock_song::NoteblockSong::unsafe_new_contract_state
FNDA:1,noteblock::noteblock_song::NoteblockSong::unsafe_new_contract_state
FN:61,noteblock::noteblock_song::array_inline_macro
FNDA:0,noteblock::noteblock_song::array_inline_macro
FNF:19
FNH:8
DA:4,0
DA:10,0
DA:18,2
DA:19,1
DA:22,0
DA:28,1
DA:30,1
DA:37,1
DA:45,1
DA:51,0
DA:52,1
DA:58,0
DA:59,1
DA:61,0
DA:62,0
DA:66,0
DA:69,0
DA:70,0
DA:71,0
DA:72,0
DA:73,0
DA:76,0
DA:79,0
DA:80,0
LF:24
LH:8
end_of_record
TN:
SF:/mnt/c/Users/stuar/onedrive/documents/github/noteblock/noteblock-contract/src/noteblock_studio.cairo
FN:159,noteblock::noteblock_studio::NBStudio::AlbumBoughtIsEvent::append_keys_and_data
FNDA:0,noteblock::noteblock_studio::NBStudio::AlbumBoughtIsEvent::append_keys_and_data
FN:146,noteblock::noteblock_studio::NBStudio::AlbumCreatedIsEvent::append_keys_and_data
FNDA:0,noteblock::noteblock_studio::NBStudio::AlbumCreatedIsEvent::append_keys_and_data
FN:59,noteblock::noteblock_studio::NBStudio::ContractStateEventEmitter::emit
FNDA:1,noteblock::noteblock_studio::NBStudio::ContractStateEventEmitter::emit
FN:78,noteblock::noteblock_studio::NBStudio::ContractStateOwnableMixinImpl::unsafe_new_contract_state
FNDA:0,noteblock::noteblock_studio::NBStudio::ContractStateOwnableMixinImpl::unsafe_new_contract_state
FN:128,noteblock::noteblock_studio::NBStudio::EventIsEvent::append_keys_and_data
FNDA:1,noteblock::noteblock_studio::NBStudio::EventIsEvent::append_keys_and_data
FN:75,noteblock::noteblock_studio::NBStudio::HasComponentImpl_OwnableComponent::emit
FNDA:1,noteblock::noteblock_studio::NBStudio::HasComponentImpl_OwnableComponent::emit
FN:75,noteblock::noteblock_studio::NBStudio::HasComponentImpl_OwnableComponent::get_component
FNDA:0,noteblock::noteblock_studio::NBStudio::HasComponentImpl_OwnableComponent::get_component
FN:75,noteblock::noteblock_studio::NBStudio::HasComponentImpl_OwnableComponent::get_component_mut
FNDA:0,noteblock::noteblock_studio::NBStudio::HasComponentImpl_OwnableComponent::get_component_mut
FN:75,noteblock::noteblock_studio::NBStudio::HasComponentImpl_OwnableComponent::get_contract_mut
FNDA:0,noteblock::noteblock_studio::NBStudio::HasComponentImpl_OwnableComponent::get_contract_mut
FN:208,noteblock::noteblock_studio::NBStudio::NBStudioImpl::buy_album
FNDA:0,noteblock::noteblock_studio::NBStudio::NBStudioImpl::buy_album
FN:192,noteblock::noteblock_studio::NBStudio::NBStudioImpl::buy_song
FNDA:0,noteblock::noteblock_studio::NBStudio::NBStudioImpl::buy_song
FN:243,noteblock::noteblock_studio::NBStudio::NBStudioImpl::get_album
FNDA:0,noteblock::noteblock_studio::NBStudio::NBStudioImpl::get_album
FN:225,noteblock::noteblock_studio::NBStudio::NBStudioImpl::get_song
FNDA:0,noteblock::noteblock_studio::NBStudio::NBStudioImpl::get_song
FN:183,noteblock::noteblock_studio::NBStudio::NBStudioImpl::mint_album
FNDA:0,noteblock::noteblock_studio::NBStudio::NBStudioImpl::mint_album
FN:176,noteblock::noteblock_studio::NBStudio::NBStudioImpl::mint_song
FNDA:1,noteblock::noteblock_studio::NBStudio::NBStudioImpl::mint_song
FN:153,noteblock::noteblock_studio::NBStudio::SongBoughtIsEvent::append_keys_and_data
FNDA:0,noteblock::noteblock_studio::NBStudio::SongBoughtIsEvent::append_keys_and_data
FN:139,noteblock::noteblock_studio::NBStudio::SongCreatedIsEvent::append_keys_and_data
FNDA:0,noteblock::noteblock_studio::NBStudio::SongCreatedIsEvent::append_keys_and_data
FN:103,noteblock::noteblock_studio::NBStudio::SongNodeStorageNodeImpl::storage_node
FNDA:0,noteblock::noteblock_studio::NBStudio::SongNodeStorageNodeImpl::storage_node
FN:103,noteblock::noteblock_studio::NBStudio::SongNodeStorageNodeMutImpl::storage_node_mut
FNDA:0,noteblock::noteblock_studio::NBStudio::SongNodeStorageNodeMutImpl::storage_node_mut
FN:114,noteblock::noteblock_studio::NBStudio::SongSerde::serialize
FNDA:0,noteblock::noteblock_studio::NBStudio::SongSerde::serialize
FN:318,noteblock::noteblock_studio::NBStudio::StudioInternalImpl::_buy_song
FNDA:0,noteblock::noteblock_studio::NBStudio::StudioInternalImpl::_buy_song
FN:297,noteblock::noteblock_studio::NBStudio::StudioInternalImpl::_mint_album
FNDA:0,noteblock::noteblock_studio::NBStudio::StudioInternalImpl::_mint_album
FN:261,noteblock::noteblock_studio::NBStudio::StudioInternalImpl::_mint_song
FNDA:0,noteblock::noteblock_studio::NBStudio::StudioInternalImpl::_mint_song
FN:206,noteblock::noteblock_studio::NBStudio::__wrapper__NBStudioImpl__buy_album
FNDA:0,noteblock::noteblock_studio::NBStudio::__wrapper__NBStudioImpl__buy_album
FN:190,noteblock::noteblock_studio::NBStudio::__wrapper__NBStudioImpl__buy_song
FNDA:0,noteblock::noteblock_studio::NBStudio::__wrapper__NBStudioImpl__buy_song
FN:241,noteblock::noteblock_studio::NBStudio::__wrapper__NBStudioImpl__get_album
FNDA:0,noteblock::noteblock_studio::NBStudio::__wrapper__NBStudioImpl__get_album
FN:223,noteblock::noteblock_studio::NBStudio::__wrapper__NBStudioImpl__get_song
FNDA:0,noteblock::noteblock_studio::NBStudio::__wrapper__NBStudioImpl__get_song
FN:181,noteblock::noteblock_studio::NBStudio::__wrapper__NBStudioImpl__mint_album
FNDA:0,noteblock::noteblock_studio::NBStudio::__wrapper__NBStudioImpl__mint_album
FN:174,noteblock::noteblock_studio::NBStudio::__wrapper__NBStudioImpl__mint_song
FNDA:0,noteblock::noteblock_studio::NBStudio::__wrapper__NBStudioImpl__mint_song
FN:166,noteblock::noteblock_studio::NBStudio::__wrapper__constructor
FNDA:1,noteblock::noteblock_studio::NBStudio::__wrapper__constructor
FN:168,noteblock::noteblock_studio::NBStudio::constructor
FNDA:1,noteblock::noteblock_studio::NBStudio::constructor
FN:85,noteblock::noteblock_studio::NBStudio::unsafe_new_contract_state
FNDA:1,noteblock::noteblock_studio::NBStudio::unsafe_new_contract_state
FN:5,noteblock::noteblock_studio::SongCreateClone::clone
FNDA:0,noteblock::noteblock_studio::SongCreateClone::clone
FN:5,noteblock::noteblock_studio::SongCreateSerde::deserialize
FNDA:0,noteblock::noteblock_studio::SongCreateSerde::deserialize
FN:5,noteblock::noteblock_studio::SongCreateSerde::serialize
FNDA:0,noteblock::noteblock_studio::SongCreateSerde::serialize
FN:245,noteblock::noteblock_studio::array_inline_macro
FNDA:0,noteblock::noteblock_studio::array_inline_macro
FNF:36
FNH:7
DA:5,0
DA:59,1
DA:75,1
DA:78,0
DA:85,1
DA:103,0
DA:114,0
DA:128,1
DA:139,0
DA:146,0
DA:153,0
DA:159,0
DA:166,1
DA:168,1
DA:169,1
DA:174,0
DA:176,1
DA:178,0
DA:181,0
DA:183,0
DA:185,0
DA:187,0
DA:190,0
DA:192,0
DA:195,0
DA:198,0
DA:206,0
DA:208,0
DA:210,0
DA:212,0
DA:213,0
DA:214,0
DA:217,0
DA:220,0
DA:223,0
DA:225,0
DA:229,0
DA:230,0
DA:231,0
DA:232,0
DA:233,0
DA:234,0
DA:235,0
DA:241,0
DA:243,0
DA:245,0
DA:248,0
DA:249,0
DA:250,0
DA:261,0
DA:262,0
DA:266,0
DA:267,0
DA:268,0
DA:269,0
DA:270,0
DA:271,0
DA:272,0
DA:273,0
DA:277,0
DA:280,0
DA:281,0
DA:282,0
DA:283,0
DA:289,0
DA:292,0
DA:297,0
DA:304,0
DA:305,0
DA:306,0
DA:307,0
DA:308,0
DA:310,0
DA:318,0
DA:320,0
DA:322,0
DA:324,0
DA:328,0
DA:331,0
DA:332,0
DA:336,0
LF:81
LH:8
end_of_record
TN:
SF:/mnt/c/Users/stuar/onedrive/documents/github/noteblock/noteblock-contract/tests/test_noteblock_factory.cairo
FN:8,noteblock_integrationtest::test_noteblock_factory::array_inline_macro
FNDA:1,noteblock_integrationtest::test_noteblock_factory::array_inline_macro
FN:35,noteblock_integrationtest::test_noteblock_factory::assert_eq_macro
FNDA:1,noteblock_integrationtest::test_noteblock_factory::assert_eq_macro
FN:10,noteblock_integrationtest::test_noteblock_factory::deploy_noteblock_factory
FNDA:1,noteblock_integrationtest::test_noteblock_factory::deploy_noteblock_factory
FN:29,noteblock_integrationtest::test_noteblock_factory::validate_studio_data
FNDA:1,noteblock_integrationtest::test_noteblock_factory::validate_studio_data
FN:35,noteblock_integrationtest::test_noteblock_factory::write_macro
FNDA:0,noteblock_integrationtest::test_noteblock_factory::write_macro
FN:35,noteblock_integrationtest::test_noteblock_factory::writeln_macro
FNDA:0,noteblock_integrationtest::test_noteblock_factory::writeln_macro
FNF:6
FNH:4
DA:8,0
DA:10,1
DA:11,1
DA:12,1
DA:14,1
DA:16,1
DA:17,1
DA:18,1
DA:19,1
DA:20,1
DA:22,1
DA:29,1
DA:30,1
DA:31,1
DA:32,1
DA:35,1
DA:36,1
LF:17
LH:16
end_of_record
TN:
SF:/mnt/c/Users/stuar/onedrive/documents/github/noteblock/noteblock-contract/src/noteblock_factory.cairo
FN:12,noteblock::noteblock_factory::INoteblockFactoryDispatcherImpl::create_studio
FNDA:1,noteblock::noteblock_factory::INoteblockFactoryDispatcherImpl::create_studio
FN:12,noteblock::noteblock_factory::INoteblockFactoryDispatcherImpl::get_studio
FNDA:1,noteblock::noteblock_factory::INoteblockFactoryDispatcherImpl::get_studio
FN:12,noteblock::noteblock_factory::INoteblockFactoryDispatcherImpl::mint_song
FNDA:1,noteblock::noteblock_factory::INoteblockFactoryDispatcherImpl::mint_song
FN:30,noteblock::noteblock_factory::NBFactory::ContractStateEventEmitter::emit
FNDA:1,noteblock::noteblock_factory::NBFactory::ContractStateEventEmitter::emit
FN:41,noteblock::noteblock_factory::NBFactory::ContractStateOwnableMixinImpl::unsafe_new_contract_state
FNDA:0,noteblock::noteblock_factory::NBFactory::ContractStateOwnableMixinImpl::unsafe_new_contract_state
FN:57,noteblock::noteblock_factory::NBFactory::EventIsEvent::append_keys_and_data
FNDA:1,noteblock::noteblock_factory::NBFactory::EventIsEvent::append_keys_and_data
FN:38,noteblock::noteblock_factory::NBFactory::HasComponentImpl_OwnableComponent::emit
FNDA:1,noteblock::noteblock_factory::NBFactory::HasComponentImpl_OwnableComponent::emit
FN:38,noteblock::noteblock_factory::NBFactory::HasComponentImpl_OwnableComponent::get_component
FNDA:1,noteblock::noteblock_factory::NBFactory::HasComponentImpl_OwnableComponent::get_component
FN:38,noteblock::noteblock_factory::NBFactory::HasComponentImpl_OwnableComponent::get_component_mut
FNDA:0,noteblock::noteblock_factory::NBFactory::HasComponentImpl_OwnableComponent::get_component_mut
FN:38,noteblock::noteblock_factory::NBFactory::HasComponentImpl_OwnableComponent::get_contract_mut
FNDA:1,noteblock::noteblock_factory::NBFactory::HasComponentImpl_OwnableComponent::get_contract_mut
FN:91,noteblock::noteblock_factory::NBFactory::NBFactoryImpl::create_studio
FNDA:1,noteblock::noteblock_factory::NBFactory::NBFactoryImpl::create_studio
FN:153,noteblock::noteblock_factory::NBFactory::NBFactoryImpl::get_studio
FNDA:1,noteblock::noteblock_factory::NBFactory::NBFactoryImpl::get_studio
FN:119,noteblock::noteblock_factory::NBFactory::NBFactoryImpl::mint_song
FNDA:1,noteblock::noteblock_factory::NBFactory::NBFactoryImpl::mint_song
FN:71,noteblock::noteblock_factory::NBFactory::NewSongCreatedIsEvent::append_keys_and_data
FNDA:0,noteblock::noteblock_factory::NBFactory::NewSongCreatedIsEvent::append_keys_and_data
FN:65,noteblock::noteblock_factory::NBFactory::NewStudioCreatedIsEvent::append_keys_and_data
FNDA:0,noteblock::noteblock_factory::NBFactory::NewStudioCreatedIsEvent::append_keys_and_data
FN:88,noteblock::noteblock_factory::NBFactory::__wrapper__NBFactoryImpl__create_studio
FNDA:1,noteblock::noteblock_factory::NBFactory::__wrapper__NBFactoryImpl__create_studio
FN:152,noteblock::noteblock_factory::NBFactory::__wrapper__NBFactoryImpl__get_studio
FNDA:1,noteblock::noteblock_factory::NBFactory::__wrapper__NBFactoryImpl__get_studio
FN:118,noteblock::noteblock_factory::NBFactory::__wrapper__NBFactoryImpl__mint_song
FNDA:1,noteblock::noteblock_factory::NBFactory::__wrapper__NBFactoryImpl__mint_song
FN:78,noteblock::noteblock_factory::NBFactory::__wrapper__constructor
FNDA:1,noteblock::noteblock_factory::NBFactory::__wrapper__constructor
FN:80,noteblock::noteblock_factory::NBFactory::constructor
FNDA:1,noteblock::noteblock_factory::NBFactory::constructor
FN:49,noteblock::noteblock_factory::NBFactory::unsafe_new_contract_state
FNDA:1,noteblock::noteblock_factory::NBFactory::unsafe_new_contract_state
FN:3,noteblock::noteblock_factory::StudioDataClone::clone
FNDA:1,noteblock::noteblock_factory::StudioDataClone::clone
FN:3,noteblock::noteblock_factory::StudioDataSerde::deserialize
FNDA:1,noteblock::noteblock_factory::StudioDataSerde::deserialize
FN:3,noteblock::noteblock_factory::StudioDataSerde::serialize
FNDA:1,noteblock::noteblock_factory::StudioDataSerde::serialize
FN:3,noteblock::noteblock_factory::StudioDataStore::read
FNDA:1,noteblock::noteblock_factory::StudioDataStore::read
FN:3,noteblock::noteblock_factory::StudioDataStore::write
FNDA:1,noteblock::noteblock_factory::StudioDataStore::write
FN:94,noteblock::noteblock_factory::array_inline_macro
FNDA:1,noteblock::noteblock_factory::array_inline_macro
FNF:27
FNH:23
DA:3,5
DA:12,3
DA:30,1
DA:38,3
DA:41,0
DA:49,1
DA:57,1
DA:65,0
DA:71,0
DA:78,1
DA:80,0
DA:81,1
DA:82,1
DA:83,1
DA:88,1
DA:91,1
DA:94,1
DA:95,1
DA:96,1
DA:97,1
DA:99,1
DA:100,1
DA:103,1
DA:106,1
DA:108,1
DA:118,1
DA:119,0
DA:121,1
DA:124,1
DA:127,1
DA:130,1
DA:132,1
DA:134,1
DA:135,1
DA:138,1
DA:142,1
DA:152,1
DA:153,1
LF:38
LH:33
end_of_record
TN:
SF:/mnt/c/Users/stuar/onedrive/documents/github/noteblock/noteblock-contract/src/noteblock_song.cairo
FN:4,noteblock::noteblock_song::INoteblockSongDispatcherImpl::mint
FNDA:0,noteblock::noteblock_song::INoteblockSongDispatcherImpl::mint
FN:22,noteblock::noteblock_song::NoteblockSong::ContractStateERC1155MixinImpl::unsafe_new_contract_state
FNDA:0,noteblock::noteblock_song::NoteblockSong::ContractStateERC1155MixinImpl::unsafe_new_contract_state
FN:10,noteblock::noteblock_song::NoteblockSong::ContractStateEventEmitter::emit
FNDA:0,noteblock::noteblock_song::NoteblockSong::ContractStateEventEmitter::emit
FN:37,noteblock::noteblock_song::NoteblockSong::EventIsEvent::append_keys_and_data
FNDA:1,noteblock::noteblock_song::NoteblockSong::EventIsEvent::append_keys_and_data
FN:18,noteblock::noteblock_song::NoteblockSong::HasComponentImpl_ERC1155Component::emit
FNDA:1,noteblock::noteblock_song::NoteblockSong::HasComponentImpl_ERC1155Component::emit
FN:18,noteblock::noteblock_song::NoteblockSong::HasComponentImpl_ERC1155Component::get_component
FNDA:0,noteblock::noteblock_song::NoteblockSong::HasComponentImpl_ERC1155Component::get_component
FN:18,noteblock::noteblock_song::NoteblockSong::HasComponentImpl_ERC1155Component::get_component_mut
FNDA:0,noteblock::noteblock_song::NoteblockSong::HasComponentImpl_ERC1155Component::get_component_mut
FN:18,noteblock::noteblock_song::NoteblockSong::HasComponentImpl_ERC1155Component::get_contract
FNDA:0,noteblock::noteblock_song::NoteblockSong::HasComponentImpl_ERC1155Component::get_contract
FN:18,noteblock::noteblock_song::NoteblockSong::HasComponentImpl_ERC1155Component::get_contract_mut
FNDA:1,noteblock::noteblock_song::NoteblockSong::HasComponentImpl_ERC1155Component::get_contract_mut
FN:19,noteblock::noteblock_song::NoteblockSong::HasComponentImpl_SRC5Component::get_component
FNDA:0,noteblock::noteblock_song::NoteblockSong::HasComponentImpl_SRC5Component::get_component
FN:19,noteblock::noteblock_song::NoteblockSong::HasComponentImpl_SRC5Component::get_component_mut
FNDA:1,noteblock::noteblock_song::NoteblockSong::HasComponentImpl_SRC5Component::get_component_mut
FN:80,noteblock::noteblock_song::NoteblockSong::NoteBlocksongImpl::artist
FNDA:0,noteblock::noteblock_song::NoteblockSong::NoteBlocksongImpl::artist
FN:59,noteblock::noteblock_song::NoteblockSong::NoteBlocksongImpl::mint
FNDA:1,noteblock::noteblock_song::NoteblockSong::NoteBlocksongImpl::mint
FN:79,noteblock::noteblock_song::NoteblockSong::__wrapper__NoteBlocksongImpl__artist
FNDA:0,noteblock::noteblock_song::NoteblockSong::__wrapper__NoteBlocksongImpl__artist
FN:58,noteblock::noteblock_song::NoteblockSong::__wrapper__NoteBlocksongImpl__mint
FNDA:0,noteblock::noteblock_song::NoteblockSong::__wrapper__NoteBlocksongImpl__mint
FN:45,noteblock::noteblock_song::NoteblockSong::__wrapper__constructor
FNDA:1,noteblock::noteblock_song::NoteblockSong::__wrapper__constructor
FN:51,noteblock::noteblock_song::NoteblockSong::constructor
FNDA:1,noteblock::noteblock_song::NoteblockSong::constructor
FN:28,noteblock::noteblock_song::NoteblockSong::unsafe_new_contract_state
FNDA:1,noteblock::noteblock_song::NoteblockSong::unsafe_new_contract_state
FN:61,noteblock::noteblock_song::array_inline_macro
FNDA:0,noteblock::noteblock_song::array_inline_macro
FNF:19
FNH:8
DA:4,0
DA:10,0
DA:18,2
DA:19,1
DA:22,0
DA:28,1
DA:30,1
DA:37,1
DA:45,1
DA:51,0
DA:52,1
DA:58,0
DA:59,1
DA:61,0
DA:62,0
DA:66,0
DA:69,0
DA:70,0
DA:71,0
DA:72,0
DA:73,0
DA:76,0
DA:79,0
DA:80,0
LF:24
LH:8
end_of_record
TN:
SF:/mnt/c/Users/stuar/onedrive/documents/github/noteblock/noteblock-contract/src/noteblock_studio.cairo
FN:159,noteblock::noteblock_studio::NBStudio::AlbumBoughtIsEvent::append_keys_and_data
FNDA:0,noteblock::noteblock_studio::NBStudio::AlbumBoughtIsEvent::append_keys_and_data
FN:146,noteblock::noteblock_studio::NBStudio::AlbumCreatedIsEvent::append_keys_and_data
FNDA:0,noteblock::noteblock_studio::NBStudio::AlbumCreatedIsEvent::append_keys_and_data
FN:59,noteblock::noteblock_studio::NBStudio::ContractStateEventEmitter::emit
FNDA:1,noteblock::noteblock_studio::NBStudio::ContractStateEventEmitter::emit
FN:78,noteblock::noteblock_studio::NBStudio::ContractStateOwnableMixinImpl::unsafe_new_contract_state
FNDA:0,noteblock::noteblock_studio::NBStudio::ContractStateOwnableMixinImpl::unsafe_new_contract_state
FN:128,noteblock::noteblock_studio::NBStudio::EventIsEvent::append_keys_and_data
FNDA:1,noteblock::noteblock_studio::NBStudio::EventIsEvent::append_keys_and_data
FN:75,noteblock::noteblock_studio::NBStudio::HasComponentImpl_OwnableComponent::emit
FNDA:1,noteblock::noteblock_studio::NBStudio::HasComponentImpl_OwnableComponent::emit
FN:75,noteblock::noteblock_studio::NBStudio::HasComponentImpl_OwnableComponent::get_component
FNDA:0,noteblock::noteblock_studio::NBStudio::HasComponentImpl_OwnableComponent::get_component
FN:75,noteblock::noteblock_studio::NBStudio::HasComponentImpl_OwnableComponent::get_component_mut
FNDA:0,noteblock::noteblock_studio::NBStudio::HasComponentImpl_OwnableComponent::get_component_mut
FN:75,noteblock::noteblock_studio::NBStudio::HasComponentImpl_OwnableComponent::get_contract_mut
FNDA:0,noteblock::noteblock_studio::NBStudio::HasComponentImpl_OwnableComponent::get_contract_mut
FN:208,noteblock::noteblock_studio::NBStudio::NBStudioImpl::buy_album
FNDA:0,noteblock::noteblock_studio::NBStudio::NBStudioImpl::buy_album
FN:192,noteblock::noteblock_studio::NBStudio::NBStudioImpl::buy_song
FNDA:0,noteblock::noteblock_studio::NBStudio::NBStudioImpl::buy_song
FN:243,noteblock::noteblock_studio::NBStudio::NBStudioImpl::get_album
FNDA:0,noteblock::noteblock_studio::NBStudio::NBStudioImpl::get_album
FN:225,noteblock::noteblock_studio::NBStudio::NBStudioImpl::get_song
FNDA:0,noteblock::noteblock_studio::NBStudio::NBStudioImpl::get_song
FN:183,noteblock::noteblock_studio::NBStudio::NBStudioImpl::mint_album
FNDA:0,noteblock::noteblock_studio::NBStudio::NBStudioImpl::mint_album
FN:176,noteblock::noteblock_studio::NBStudio::NBStudioImpl::mint_song
FNDA:1,noteblock::noteblock_studio::NBStudio::NBStudioImpl::mint_song
FN:153,noteblock::noteblock_studio::NBStudio::SongBoughtIsEvent::append_keys_and_data
FNDA:0,noteblock::noteblock_studio::NBStudio::SongBoughtIsEvent::append_keys_and_data
FN:139,noteblock::noteblock_studio::NBStudio::SongCreatedIsEvent::append_keys_and_data
FNDA:0,noteblock::noteblock_studio::NBStudio::SongCreatedIsEvent::append_keys_and_data
FN:103,noteblock::noteblock_studio::NBStudio::SongNodeStorageNodeImpl::storage_node
FNDA:0,noteblock::noteblock_studio::NBStudio::SongNodeStorageNodeImpl::storage_node
FN:103,noteblock::noteblock_studio::NBStudio::SongNodeStorageNodeMutImpl::storage_node_mut
FNDA:0,noteblock::noteblock_studio::NBStudio::SongNodeStorageNodeMutImpl::storage_node_mut
FN:114,noteblock::noteblock_studio::NBStudio::SongSerde::serialize
FNDA:0,noteblock::noteblock_studio::NBStudio::SongSerde::serialize
FN:318,noteblock::noteblock_studio::NBStudio::StudioInternalImpl::_buy_song
FNDA:0,noteblock::noteblock_studio::NBStudio::StudioInternalImpl::_buy_song
FN:297,noteblock::noteblock_studio::NBStudio::StudioInternalImpl::_mint_album
FNDA:0,noteblock::noteblock_studio::NBStudio::StudioInternalImpl::_mint_album
FN:261,noteblock::noteblock_studio::NBStudio::StudioInternalImpl::_mint_song
FNDA:0,noteblock::noteblock_studio::NBStudio::StudioInternalImpl::_mint_song
FN:206,noteblock::noteblock_studio::NBStudio::__wrapper__NBStudioImpl__buy_album
FNDA:0,noteblock::noteblock_studio::NBStudio::__wrapper__NBStudioImpl__buy_album
FN:190,noteblock::noteblock_studio::NBStudio::__wrapper__NBStudioImpl__buy_song
FNDA:0,noteblock::noteblock_studio::NBStudio::__wrapper__NBStudioImpl__buy_song
FN:241,noteblock::noteblock_studio::NBStudio::__wrapper__NBStudioImpl__get_album
FNDA:0,noteblock::noteblock_studio::NBStudio::__wrapper__NBStudioImpl__get_album
FN:223,noteblock::noteblock_studio::NBStudio::__wrapper__NBStudioImpl__get_song
FNDA:0,noteblock::noteblock_studio::NBStudio::__wrapper__NBStudioImpl__get_song
FN:181,noteblock::noteblock_studio::NBStudio::__wrapper__NBStudioImpl__mint_album
FNDA:0,noteblock::noteblock_studio::NBStudio::__wrapper__NBStudioImpl__mint_album
FN:174,noteblock::noteblock_studio::NBStudio::__wrapper__NBStudioImpl__mint_song
FNDA:0,noteblock::noteblock_studio::NBStudio::__wrapper__NBStudioImpl__mint_song
FN:166,noteblock::noteblock_studio::NBStudio::__wrapper__constructor
FNDA:1,noteblock::noteblock_studio::NBStudio::__wrapper__constructor
FN:168,noteblock::noteblock_studio::NBStudio::constructor
FNDA:1,noteblock::noteblock_studio::NBStudio::constructor
FN:85,noteblock::noteblock_studio::NBStudio::unsafe_new_contract_state
FNDA:1,noteblock::noteblock_studio::NBStudio::unsafe_new_contract_state
FN:5,noteblock::noteblock_studio::SongCreateClone::clone
FNDA:0,noteblock::noteblock_studio::SongCreateClone::clone
FN:5,noteblock::noteblock_studio::SongCreateSerde::deserialize
FNDA:0,noteblock::noteblock_studio::SongCreateSerde::deserialize
FN:5,noteblock::noteblock_studio::SongCreateSerde::serialize
FNDA:0,noteblock::noteblock_studio::SongCreateSerde::serialize
FN:245,noteblock::noteblock_studio::array_inline_macro
FNDA:0,noteblock::noteblock_studio::array_inline_macro
FNF:36
FNH:7
DA:5,0
DA:59,1
DA:75,1
DA:78,0
DA:85,1
DA:103,0
DA:114,0
DA:128,1
DA:139,0
DA:146,0
DA:153,0
DA:159,0
DA:166,1
DA:168,1
DA:169,1
DA:174,0
DA:176,1
DA:178,0
DA:181,0
DA:183,0
DA:185,0
DA:187,0
DA:190,0
DA:192,0
DA:195,0
DA:198,0
DA:206,0
DA:208,0
DA:210,0
DA:212,0
DA:213,0
DA:214,0
DA:217,0
DA:220,0
DA:223,0
DA:225,0
DA:229,0
DA:230,0
DA:231,0
DA:232,0
DA:233,0
DA:234,0
DA:235,0
DA:241,0
DA:243,0
DA:245,0
DA:248,0
DA:249,0
DA:250,0
DA:261,0
DA:262,0
DA:266,0
DA:267,0
DA:268,0
DA:269,0
DA:270,0
DA:271,0
DA:272,0
DA:273,0
DA:277,0
DA:280,0
DA:281,0
DA:282,0
DA:283,0
DA:289,0
DA:292,0
DA:297,0
DA:304,0
DA:305,0
DA:306,0
DA:307,0
DA:308,0
DA:310,0
DA:318,0
DA:320,0
DA:322,0
DA:324,0
DA:328,0
DA:331,0
DA:332,0
DA:336,0
LF:81
LH:8
end_of_record
TN:
SF:/mnt/c/Users/stuar/onedrive/documents/github/noteblock/noteblock-contract/tests/test_noteblock_factory.cairo
FN:8,noteblock_integrationtest::test_noteblock_factory::array_inline_macro
FNDA:1,noteblock_integrationtest::test_noteblock_factory::array_inline_macro
FN:35,noteblock_integrationtest::test_noteblock_factory::assert_eq_macro
FNDA:1,noteblock_integrationtest::test_noteblock_factory::assert_eq_macro
FN:9,noteblock_integrationtest::test_noteblock_factory::deploy_noteblock_factory
FNDA:1,noteblock_integrationtest::test_noteblock_factory::deploy_noteblock_factory
FN:28,noteblock_integrationtest::test_noteblock_factory::validate_studio_data
FNDA:1,noteblock_integrationtest::test_noteblock_factory::validate_studio_data
FN:35,noteblock_integrationtest::test_noteblock_factory::write_macro
FNDA:0,noteblock_integrationtest::test_noteblock_factory::write_macro
FN:35,noteblock_integrationtest::test_noteblock_factory::writeln_macro
FNDA:0,noteblock_integrationtest::test_noteblock_factory::writeln_macro
FNF:6
FNH:4
DA:8,0
DA:9,1
DA:10,1
DA:11,1
DA:13,1
DA:15,1
DA:16,1
DA:17,1
DA:18,1
DA:19,1
DA:21,1
DA:28,1
DA:29,1
DA:30,1
DA:31,1
DA:35,1
DA:36,1
LF:17
LH:16
end_of_record
TN:
SF:/mnt/c/Users/stuar/onedrive/documents/github/noteblock/noteblock-contract/src/noteblock_factory.cairo
FN:12,noteblock::noteblock_factory::INoteblockFactoryDispatcherImpl::create_studio
FNDA:1,noteblock::noteblock_factory::INoteblockFactoryDispatcherImpl::create_studio
FN:12,noteblock::noteblock_factory::INoteblockFactoryDispatcherImpl::get_studio
FNDA:1,noteblock::noteblock_factory::INoteblockFactoryDispatcherImpl::get_studio
FN:12,noteblock::noteblock_factory::INoteblockFactoryDispatcherImpl::mint_song
FNDA:1,noteblock::noteblock_factory::INoteblockFactoryDispatcherImpl::mint_song
FN:30,noteblock::noteblock_factory::NoteblockFactory::ContractStateEventEmitter::emit
FNDA:1,noteblock::noteblock_factory::NoteblockFactory::ContractStateEventEmitter::emit
FN:41,noteblock::noteblock_factory::NoteblockFactory::ContractStateOwnableMixinImpl::unsafe_new_contract_state
FNDA:0,noteblock::noteblock_factory::NoteblockFactory::ContractStateOwnableMixinImpl::unsafe_new_contract_state
FN:57,noteblock::noteblock_factory::NoteblockFactory::EventIsEvent::append_keys_and_data
FNDA:1,noteblock::noteblock_factory::NoteblockFactory::EventIsEvent::append_keys_and_data
FN:38,noteblock::noteblock_factory::NoteblockFactory::HasComponentImpl_OwnableComponent::emit
FNDA:1,noteblock::noteblock_factory::NoteblockFactory::HasComponentImpl_OwnableComponent::emit
FN:38,noteblock::noteblock_factory::NoteblockFactory::HasComponentImpl_OwnableComponent::get_component
FNDA:1,noteblock::noteblock_factory::NoteblockFactory::HasComponentImpl_OwnableComponent::get_component
FN:38,noteblock::noteblock_factory::NoteblockFactory::HasComponentImpl_OwnableComponent::get_component_mut
FNDA:0,noteblock::noteblock_factory::NoteblockFactory::HasComponentImpl_OwnableComponent::get_component_mut
FN:38,noteblock::noteblock_factory::NoteblockFactory::HasComponentImpl_OwnableComponent::get_contract_mut
[...]
TN:
SF:/mnt/c/Users/stuar/onedrive/documents/github/noteblock-contract/contracts/tests/test_noteblock_factory.cairo
FN:13,groovv_integrationtest::test_noteblock_factory::array_inline_macro
FNDA:1,groovv_integrationtest::test_noteblock_factory::array_inline_macro
FN:23,groovv_integrationtest::test_noteblock_factory::build_song
FNDA:0,groovv_integrationtest::test_noteblock_factory::build_song
FN:9,groovv_integrationtest::test_noteblock_factory::deploy_groovv
FNDA:1,groovv_integrationtest::test_noteblock_factory::deploy_groovv
FN:35,groovv_integrationtest::test_noteblock_factory::test_deploy_song
FNDA:0,groovv_integrationtest::test_noteblock_factory::test_deploy_song
FN:55,groovv_integrationtest::test_noteblock_factory::tests::test_create_song_return_wrapper
FNDA:0,groovv_integrationtest::test_noteblock_factory::tests::test_create_song_return_wrapper
FN:50,groovv_integrationtest::test_noteblock_factory::tests::test_deploy_groovv_return_wrapper
FNDA:1,groovv_integrationtest::test_noteblock_factory::tests::test_deploy_groovv_return_wrapper
FNF:6
FNH:3
DA:9,1
DA:10,1
DA:11,1
DA:12,1
DA:13,1
DA:14,1
DA:15,1
DA:16,1
DA:17,1
DA:23,0
DA:24,0
DA:25,0
DA:28,0
DA:29,0
DA:35,0
DA:36,0
DA:37,0
DA:42,0
DA:44,0
DA:50,1
DA:52,1
DA:55,0
DA:57,0
LF:23
LH:11
end_of_record
TN:
SF:/mnt/c/Users/stuar/onedrive/documents/github/noteblock-contract/contracts/src/groovv/events.cairo
FN:4,groovv::groovv::events::GroovyEventsIsEvent::append_keys_and_data
FNDA:1,groovv::groovv::events::GroovyEventsIsEvent::append_keys_and_data
FN:37,groovv::groovv::events::ListingCreatedIsEvent::append_keys_and_data
FNDA:0,groovv::groovv::events::ListingCreatedIsEvent::append_keys_and_data
FN:50,groovv::groovv::events::ListingPurchasedIsEvent::append_keys_and_data
FNDA:0,groovv::groovv::events::ListingPurchasedIsEvent::append_keys_and_data
FN:12,groovv::groovv::events::SongCreatedIsEvent::append_keys_and_data
FNDA:0,groovv::groovv::events::SongCreatedIsEvent::append_keys_and_data
FN:21,groovv::groovv::events::SongUpdatedIsEvent::append_keys_and_data
FNDA:0,groovv::groovv::events::SongUpdatedIsEvent::append_keys_and_data
FNF:5
FNH:1
DA:4,1
DA:12,0
DA:21,0
DA:37,0
DA:50,0
LF:5
LH:1
end_of_record
TN:
SF:/mnt/c/Users/stuar/onedrive/documents/github/noteblock-contract/contracts/src/groovv/groovv.cairo
FN:1,groovv::groovv::groovv::Groovy::ContractStateEventEmitter::emit
FNDA:1,groovv::groovv::groovv::Groovy::ContractStateEventEmitter::emit
FN:25,groovv::groovv::groovv::Groovy::ContractStateOwnableMixinImpl::unsafe_new_contract_state
FNDA:0,groovv::groovv::groovv::Groovy::ContractStateOwnableMixinImpl::unsafe_new_contract_state
FN:53,groovv::groovv::groovv::Groovy::EventIsEvent::append_keys_and_data
FNDA:1,groovv::groovv::groovv::Groovy::EventIsEvent::append_keys_and_data
FN:232,groovv::groovv::groovv::Groovy::GroovyImpl::add_song_to_album
FNDA:0,groovv::groovv::groovv::Groovy::GroovyImpl::add_song_to_album
FN:158,groovv::groovv::groovv::Groovy::GroovyImpl::buy_song
FNDA:0,groovv::groovv::groovv::Groovy::GroovyImpl::buy_song
FN:207,groovv::groovv::groovv::Groovy::GroovyImpl::create_album
FNDA:0,groovv::groovv::groovv::Groovy::GroovyImpl::create_album
FN:136,groovv::groovv::groovv::Groovy::GroovyImpl::get_song
FNDA:0,groovv::groovv::groovv::Groovy::GroovyImpl::get_song
FN:187,groovv::groovv::groovv::Groovy::GroovyImpl::list_song
FNDA:0,groovv::groovv::groovv::Groovy::GroovyImpl::list_song
FN:91,groovv::groovv::groovv::Groovy::GroovyImpl::mint_song
FNDA:1,groovv::groovv::groovv::Groovy::GroovyImpl::mint_song
FN:127,groovv::groovv::groovv::Groovy::GroovyImpl::update_song_price
FNDA:0,groovv::groovv::groovv::Groovy::GroovyImpl::update_song_price
FN:245,groovv::groovv::groovv::Groovy::GroovyImpl::upgrade
FNDA:0,groovv::groovv::groovv::Groovy::GroovyImpl::upgrade
FN:22,groovv::groovv::groovv::Groovy::HasComponentImpl_ERC1155Component::emit
FNDA:0,groovv::groovv::groovv::Groovy::HasComponentImpl_ERC1155Component::emit
FN:22,groovv::groovv::groovv::Groovy::HasComponentImpl_ERC1155Component::get_contract_mut
FNDA:1,groovv::groovv::groovv::Groovy::HasComponentImpl_ERC1155Component::get_contract_mut
FN:20,groovv::groovv::groovv::Groovy::HasComponentImpl_OwnableComponent::emit
FNDA:1,groovv::groovv::groovv::Groovy::HasComponentImpl_OwnableComponent::emit
FN:20,groovv::groovv::groovv::Groovy::HasComponentImpl_OwnableComponent::get_component
FNDA:0,groovv::groovv::groovv::Groovy::HasComponentImpl_OwnableComponent::get_component
FN:20,groovv::groovv::groovv::Groovy::HasComponentImpl_OwnableComponent::get_component_mut
FNDA:0,groovv::groovv::groovv::Groovy::HasComponentImpl_OwnableComponent::get_component_mut
FN:20,groovv::groovv::groovv::Groovy::HasComponentImpl_OwnableComponent::get_contract_mut
FNDA:1,groovv::groovv::groovv::Groovy::HasComponentImpl_OwnableComponent::get_contract_mut
FN:23,groovv::groovv::groovv::Groovy::HasComponentImpl_SRC5Component::get_component_mut
FNDA:1,groovv::groovv::groovv::Groovy::HasComponentImpl_SRC5Component::get_component_mut
FN:21,groovv::groovv::groovv::Groovy::HasComponentImpl_UpgradeableComponent::emit
FNDA:1,groovv::groovv::groovv::Groovy::HasComponentImpl_UpgradeableComponent::emit
FN:21,groovv::groovv::groovv::Groovy::HasComponentImpl_UpgradeableComponent::get_contract_mut
FNDA:0,groovv::groovv::groovv::Groovy::HasComponentImpl_UpgradeableComponent::get_contract_mut
FN:231,groovv::groovv::groovv::Groovy::__wrapper__GroovyImpl__add_song_to_album
FNDA:0,groovv::groovv::groovv::Groovy::__wrapper__GroovyImpl__add_song_to_album
FN:157,groovv::groovv::groovv::Groovy::__wrapper__GroovyImpl__buy_song
FNDA:0,groovv::groovv::groovv::Groovy::__wrapper__GroovyImpl__buy_song
FN:206,groovv::groovv::groovv::Groovy::__wrapper__GroovyImpl__create_album
FNDA:0,groovv::groovv::groovv::Groovy::__wrapper__GroovyImpl__create_album
FN:135,groovv::groovv::groovv::Groovy::__wrapper__GroovyImpl__get_song
FNDA:0,groovv::groovv::groovv::Groovy::__wrapper__GroovyImpl__get_song
FN:186,groovv::groovv::groovv::Groovy::__wrapper__GroovyImpl__list_song
FNDA:0,groovv::groovv::groovv::Groovy::__wrapper__GroovyImpl__list_song
FN:90,groovv::groovv::groovv::Groovy::__wrapper__GroovyImpl__mint_song
FNDA:0,groovv::groovv::groovv::Groovy::__wrapper__GroovyImpl__mint_song
FN:126,groovv::groovv::groovv::Groovy::__wrapper__GroovyImpl__update_song_price
FNDA:0,groovv::groovv::groovv::Groovy::__wrapper__GroovyImpl__update_song_price
FN:243,groovv::groovv::groovv::Groovy::__wrapper__GroovyImpl__upgrade
FNDA:0,groovv::groovv::groovv::Groovy::__wrapper__GroovyImpl__upgrade
FN:77,groovv::groovv::groovv::Groovy::__wrapper__constructor
FNDA:1,groovv::groovv::groovv::Groovy::__wrapper__constructor
FN:79,groovv::groovv::groovv::Groovy::constructor
FNDA:1,groovv::groovv::groovv::Groovy::constructor
FN:35,groovv::groovv::groovv::Groovy::unsafe_new_contract_state
FNDA:1,groovv::groovv::groovv::Groovy::unsafe_new_contract_state
FN:113,groovv::groovv::groovv::array_inline_macro
FNDA:0,groovv::groovv::groovv::array_inline_macro
FNF:32
FNH:11
DA:1,1
DA:20,2
DA:21,1
DA:22,1
DA:23,1
DA:25,0
DA:35,1
DA:37,1
DA:39,1
DA:41,1
DA:53,1
DA:77,1
DA:79,0
DA:80,1
DA:81,1
DA:82,1
DA:83,1
DA:90,0
DA:91,1
DA:92,0
DA:93,0
DA:94,0
DA:95,0
DA:97,0
DA:98,0
DA:99,0
DA:100,0
DA:101,0
DA:102,0
DA:104,0
DA:105,0
DA:106,0
DA:109,0
DA:111,0
DA:113,0
DA:115,0
DA:117,0
DA:119,0
DA:120,0
DA:121,0
DA:122,0
DA:123,0
DA:126,0
DA:127,0
DA:128,0
DA:129,0
DA:130,0
DA:132,0
DA:135,0
DA:136,0
DA:138,0
DA:139,0
DA:140,0
DA:141,0
DA:142,0
DA:144,0
DA:145,0
DA:146,0
DA:147,0
DA:151,0
DA:157,0
DA:158,0
DA:159,0
DA:160,0
DA:161,0
DA:162,0
DA:164,0
DA:165,0
DA:167,0
DA:168,0
DA:169,0
DA:170,0
DA:173,0
DA:174,0
DA:175,0
DA:177,0
DA:178,0
DA:179,0
DA:180,0
DA:183,0
DA:186,0
DA:187,0
DA:188,0
DA:189,0
DA:190,0
DA:191,0
DA:193,0
DA:195,0
DA:197,0
DA:198,0
DA:199,0
DA:200,0
DA:202,0
DA:206,0
DA:207,0
DA:208,0
DA:210,0
DA:211,0
DA:212,0
DA:213,0
DA:214,0
DA:215,0
DA:216,0
DA:218,0
DA:219,0
DA:220,0
DA:221,0
DA:222,0
DA:224,0
DA:227,0
DA:231,0
DA:232,0
DA:233,0
DA:234,0
DA:236,0
DA:237,0
DA:238,0
DA:240,0
DA:243,0
DA:245,0
DA:248,0
LF:121
LH:16
end_of_record
TN:
SF:/mnt/c/Users/stuar/onedrive/documents/github/noteblock-contract/contracts/src/groovv/interface.cairo
FN:35,groovv::groovv::interface::AlbumNodeStorageNodeMutImpl::storage_node_mut
FNDA:0,groovv::groovv::interface::AlbumNodeStorageNodeMutImpl::storage_node_mut
FN:26,groovv::groovv::interface::AlbumSerde::deserialize
FNDA:0,groovv::groovv::interface::AlbumSerde::deserialize
FN:60,groovv::groovv::interface::IGroovyDispatcherImpl::mint_song
FNDA:0,groovv::groovv::interface::IGroovyDispatcherImpl::mint_song
FN:52,groovv::groovv::interface::ListingNodeStorageNodeMutImpl::storage_node_mut
FNDA:0,groovv::groovv::interface::ListingNodeStorageNodeMutImpl::storage_node_mut
FN:15,groovv::groovv::interface::SongNodeStorageNodeImpl::storage_node
FNDA:0,groovv::groovv::interface::SongNodeStorageNodeImpl::storage_node
FN:15,groovv::groovv::interface::SongNodeStorageNodeMutImpl::storage_node_mut
FNDA:0,groovv::groovv::interface::SongNodeStorageNodeMutImpl::storage_node_mut
FN:4,groovv::groovv::interface::SongSerde::deserialize
FNDA:0,groovv::groovv::interface::SongSerde::deserialize
FN:4,groovv::groovv::interface::SongSerde::serialize
FNDA:0,groovv::groovv::interface::SongSerde::serialize
FNF:8
FNH:0
DA:4,0
DA:15,0
DA:26,0
DA:35,0
DA:52,0
DA:60,0
LF:6
LH:0
end_of_record
TN:
SF:/mnt/c/Users/stuar/onedrive/documents/github/noteblock-contract/contracts/tests/test_noteblock_factory.cairo
FN:14,groovv_integrationtest::test_noteblock_factory::array_inline_macro
FNDA:1,groovv_integrationtest::test_noteblock_factory::array_inline_macro
FN:24,groovv_integrationtest::test_noteblock_factory::build_song
FNDA:0,groovv_integrationtest::test_noteblock_factory::build_song
FN:10,groovv_integrationtest::test_noteblock_factory::deploy_groovv
FNDA:1,groovv_integrationtest::test_noteblock_factory::deploy_groovv
FN:36,groovv_integrationtest::test_noteblock_factory::test_deploy_song
FNDA:0,groovv_integrationtest::test_noteblock_factory::test_deploy_song
FN:56,groovv_integrationtest::test_noteblock_factory::tests::test_create_song_return_wrapper
FNDA:0,groovv_integrationtest::test_noteblock_factory::tests::test_create_song_return_wrapper
FN:51,groovv_integrationtest::test_noteblock_factory::tests::test_deploy_groovv_return_wrapper
FNDA:1,groovv_integrationtest::test_noteblock_factory::tests::test_deploy_groovv_return_wrapper
FNF:6
FNH:3
DA:10,1
DA:11,1
DA:12,1
DA:13,1
DA:14,1
DA:15,1
DA:16,1
DA:17,1
DA:18,1
DA:24,0
DA:25,0
DA:26,0
DA:29,0
DA:30,0
DA:36,0
DA:37,0
DA:38,0
DA:43,0
DA:45,0
DA:51,1
DA:53,1
DA:56,0
DA:58,0
LF:23
LH:11
end_of_record
TN:
SF:/mnt/c/Users/stuar/onedrive/documents/github/noteblock-contract/contracts/src/groovv/events.cairo
FN:4,groovv::groovv::events::GroovyEventsIsEvent::append_keys_and_data
FNDA:1,groovv::groovv::events::GroovyEventsIsEvent::append_keys_and_data
FN:37,groovv::groovv::events::ListingCreatedIsEvent::append_keys_and_data
FNDA:0,groovv::groovv::events::ListingCreatedIsEvent::append_keys_and_data
FN:50,groovv::groovv::events::ListingPurchasedIsEvent::append_keys_and_data
FNDA:0,groovv::groovv::events::ListingPurchasedIsEvent::append_keys_and_data
FN:12,groovv::groovv::events::SongCreatedIsEvent::append_keys_and_data
FNDA:0,groovv::groovv::events::SongCreatedIsEvent::append_keys_and_data
FN:21,groovv::groovv::events::SongUpdatedIsEvent::append_keys_and_data
FNDA:0,groovv::groovv::events::SongUpdatedIsEvent::append_keys_and_data
FNF:5
FNH:1
DA:4,1
DA:12,0
DA:21,0
DA:37,0
DA:50,0
LF:5
LH:1
end_of_record
TN:
SF:/mnt/c/Users/stuar/onedrive/documents/github/noteblock-contract/contracts/src/groovv/groovv.cairo
FN:1,groovv::groovv::groovv::Groovy::ContractStateEventEmitter::emit
FNDA:1,groovv::groovv::groovv::Groovy::ContractStateEventEmitter::emit
FN:25,groovv::groovv::groovv::Groovy::ContractStateOwnableMixinImpl::unsafe_new_contract_state
FNDA:0,groovv::groovv::groovv::Groovy::ContractStateOwnableMixinImpl::unsafe_new_contract_state
FN:53,groovv::groovv::groovv::Groovy::EventIsEvent::append_keys_and_data
FNDA:1,groovv::groovv::groovv::Groovy::EventIsEvent::append_keys_and_data
FN:232,groovv::groovv::groovv::Groovy::GroovyImpl::add_song_to_album
FNDA:0,groovv::groovv::groovv::Groovy::GroovyImpl::add_song_to_album
FN:158,groovv::groovv::groovv::Groovy::GroovyImpl::buy_song
FNDA:0,groovv::groovv::groovv::Groovy::GroovyImpl::buy_song
FN:207,groovv::groovv::groovv::Groovy::GroovyImpl::create_album
FNDA:0,groovv::groovv::groovv::Groovy::GroovyImpl::create_album
FN:136,groovv::groovv::groovv::Groovy::GroovyImpl::get_song
FNDA:0,groovv::groovv::groovv::Groovy::GroovyImpl::get_song
FN:187,groovv::groovv::groovv::Groovy::GroovyImpl::list_song
FNDA:0,groovv::groovv::groovv::Groovy::GroovyImpl::list_song
FN:91,groovv::groovv::groovv::Groovy::GroovyImpl::mint_song
FNDA:1,groovv::groovv::groovv::Groovy::GroovyImpl::mint_song
FN:127,groovv::groovv::groovv::Groovy::GroovyImpl::update_song_price
FNDA:0,groovv::groovv::groovv::Groovy::GroovyImpl::update_song_price
FN:245,groovv::groovv::groovv::Groovy::GroovyImpl::upgrade
FNDA:0,groovv::groovv::groovv::Groovy::GroovyImpl::upgrade
FN:22,groovv::groovv::groovv::Groovy::HasComponentImpl_ERC1155Component::emit
FNDA:0,groovv::groovv::groovv::Groovy::HasComponentImpl_ERC1155Component::emit
FN:22,groovv::groovv::groovv::Groovy::HasComponentImpl_ERC1155Component::get_contract_mut
FNDA:1,groovv::groovv::groovv::Groovy::HasComponentImpl_ERC1155Component::get_contract_mut
FN:20,groovv::groovv::groovv::Groovy::HasComponentImpl_OwnableComponent::emit
FNDA:1,groovv::groovv::groovv::Groovy::HasComponentImpl_OwnableComponent::emit
FN:20,groovv::groovv::groovv::Groovy::HasComponentImpl_OwnableComponent::get_component
FNDA:0,groovv::groovv::groovv::Groovy::HasComponentImpl_OwnableComponent::get_component
FN:20,groovv::groovv::groovv::Groovy::HasComponentImpl_OwnableComponent::get_component_mut
FNDA:0,groovv::groovv::groovv::Groovy::HasComponentImpl_OwnableComponent::get_component_mut
FN:20,groovv::groovv::groovv::Groovy::HasComponentImpl_OwnableComponent::get_contract_mut
FNDA:1,groovv::groovv::groovv::Groovy::HasComponentImpl_OwnableComponent::get_contract_mut
FN:23,groovv::groovv::groovv::Groovy::HasComponentImpl_SRC5Component::get_component_mut
FNDA:1,groovv::groovv::groovv::Groovy::HasComponentImpl_SRC5Component::get_component_mut
FN:21,groovv::groovv::groovv::Groovy::HasComponentImpl_UpgradeableComponent::emit
FNDA:1,groovv::groovv::groovv::Groovy::HasComponentImpl_UpgradeableComponent::emit
FN:21,groovv::groovv::groovv::Groovy::HasComponentImpl_UpgradeableComponent::get_contract_mut
FNDA:0,groovv::groovv::groovv::Groovy::HasComponentImpl_UpgradeableComponent::get_contract_mut
FN:231,groovv::groovv::groovv::Groovy::__wrapper__GroovyImpl__add_song_to_album
FNDA:0,groovv::groovv::groovv::Groovy::__wrapper__GroovyImpl__add_song_to_album
FN:157,groovv::groovv::groovv::Groovy::__wrapper__GroovyImpl__buy_song
FNDA:0,groovv::groovv::groovv::Groovy::__wrapper__GroovyImpl__buy_song
FN:206,groovv::groovv::groovv::Groovy::__wrapper__GroovyImpl__create_album
FNDA:0,groovv::groovv::groovv::Groovy::__wrapper__GroovyImpl__create_album
FN:135,groovv::groovv::groovv::Groovy::__wrapper__GroovyImpl__get_song
FNDA:0,groovv::groovv::groovv::Groovy::__wrapper__GroovyImpl__get_song
FN:186,groovv::groovv::groovv::Groovy::__wrapper__GroovyImpl__list_song
FNDA:0,groovv::groovv::groovv::Groovy::__wrapper__GroovyImpl__list_song
FN:90,groovv::groovv::groovv::Groovy::__wrapper__GroovyImpl__mint_song
FNDA:0,groovv::groovv::groovv::Groovy::__wrapper__GroovyImpl__mint_song
FN:126,groovv::groovv::groovv::Groovy::__wrapper__GroovyImpl__update_song_price
FNDA:0,groovv::groovv::groovv::Groovy::__wrapper__GroovyImpl__update_song_price
FN:243,groovv::groovv::groovv::Groovy::__wrapper__GroovyImpl__upgrade
FNDA:0,groovv::groovv::groovv::Groovy::__wrapper__GroovyImpl__upgrade
FN:77,groovv::groovv::groovv::Groovy::__wrapper__constructor
FNDA:1,groovv::groovv::groovv::Groovy::__wrapper__constructor
FN:79,groovv::groovv::groovv::Groovy::constructor
FNDA:1,groovv::groovv::groovv::Groovy::constructor
FN:35,groovv::groovv::groovv::Groovy::unsafe_new_contract_state
FNDA:1,groovv::groovv::groovv::Groovy::unsafe_new_contract_state
FN:113,groovv::groovv::groovv::array_inline_macro
FNDA:0,groovv::groovv::groovv::array_inline_macro
FNF:32
FNH:11
DA:1,1
DA:20,2
DA:21,1
DA:22,1
DA:23,1
DA:25,0
DA:35,1
DA:37,1
DA:39,1
DA:41,1
DA:53,1
DA:77,1
DA:79,0
DA:80,1
DA:81,1
DA:82,1
DA:83,1
DA:90,0
DA:91,1
DA:92,0
DA:93,0
DA:94,0
DA:95,0
DA:97,0
DA:98,0
DA:99,0
DA:100,0
DA:101,0
DA:102,0
DA:104,0
DA:105,0
DA:106,0
DA:109,0
DA:111,0
DA:113,0
DA:115,0
DA:117,0
DA:119,0
DA:120,0
DA:121,0
DA:122,0
DA:123,0
DA:126,0
DA:127,0
DA:128,0
DA:129,0
DA:130,0
DA:132,0
DA:135,0
DA:136,0
DA:138,0
DA:139,0
DA:140,0
DA:141,0
DA:142,0
DA:144,0
DA:145,0
DA:146,0
DA:147,0
DA:151,0
DA:157,0
DA:158,0
DA:159,0
DA:160,0
DA:161,0
DA:162,0
DA:164,0
DA:165,0
DA:167,0
DA:168,0
DA:169,0
DA:170,0
DA:173,0
DA:174,0
DA:175,0
DA:177,0
DA:178,0
DA:179,0
DA:180,0
DA:183,0
DA:186,0
DA:187,0
DA:188,0
DA:189,0
DA:190,0
DA:191,0
DA:193,0
DA:195,0
DA:197,0
DA:198,0
DA:199,0
DA:200,0
DA:202,0
DA:206,0
DA:207,0
DA:208,0
DA:210,0
DA:211,0
DA:212,0
DA:213,0
DA:214,0
DA:215,0
DA:216,0
DA:218,0
DA:219,0
DA:220,0
DA:221,0
DA:222,0
DA:224,0
DA:227,0
DA:231,0
DA:232,0
DA:233,0
DA:234,0
DA:236,0
DA:237,0
DA:238,0
DA:240,0
DA:243,0
DA:245,0
DA:248,0
LF:121
LH:16
end_of_record
TN:
SF:/mnt/c/Users/stuar/onedrive/documents/github/noteblock-contract/contracts/src/groovv/interface.cairo
FN:35,groovv::groovv::interface::AlbumNodeStorageNodeMutImpl::storage_node_mut
FNDA:0,groovv::groovv::interface::AlbumNodeStorageNodeMutImpl::storage_node_mut
FN:26,groovv::groovv::interface::AlbumSerde::deserialize
FNDA:0,groovv::groovv::interface::AlbumSerde::deserialize
FN:60,groovv::groovv::interface::IGroovyDispatcherImpl::mint_song
FNDA:0,groovv::groovv::interface::IGroovyDispatcherImpl::mint_song
FN:52,groovv::groovv::interface::ListingNodeStorageNodeMutImpl::storage_node_mut
FNDA:0,groovv::groovv::interface::ListingNodeStorageNodeMutImpl::storage_node_mut
FN:15,groovv::groovv::interface::SongNodeStorageNodeImpl::storage_node
FNDA:0,groovv::groovv::interface::SongNodeStorageNodeImpl::storage_node
FN:15,groovv::groovv::interface::SongNodeStorageNodeMutImpl::storage_node_mut
FNDA:0,groovv::groovv::interface::SongNodeStorageNodeMutImpl::storage_node_mut
FN:4,groovv::groovv::interface::SongSerde::deserialize
FNDA:0,groovv::groovv::interface::SongSerde::deserialize
FN:4,groovv::groovv::interface::SongSerde::serialize
FNDA:0,groovv::groovv::interface::SongSerde::serialize
FNF:8
FNH:0
DA:4,0
DA:15,0
DA:26,0
DA:35,0
DA:52,0
DA:60,0
LF:6
LH:0
end_of_record
TN:
SF:/mnt/c/Users/stuar/onedrive/documents/github/noteblock-contract/contracts/tests/test_noteblock_factory.cairo
FN:14,groovv_integrationtest::test_noteblock_factory::array_inline_macro
FNDA:1,groovv_integrationtest::test_noteblock_factory::array_inline_macro
FN:24,groovv_integrationtest::test_noteblock_factory::build_song
FNDA:0,groovv_integrationtest::test_noteblock_factory::build_song
FN:10,groovv_integrationtest::test_noteblock_factory::deploy_groovv
FNDA:1,groovv_integrationtest::test_noteblock_factory::deploy_groovv
FN:36,groovv_integrationtest::test_noteblock_factory::test_deploy_song
FNDA:0,groovv_integrationtest::test_noteblock_factory::test_deploy_song
FN:56,groovv_integrationtest::test_noteblock_factory::tests::test_create_song_return_wrapper
FNDA:0,groovv_integrationtest::test_noteblock_factory::tests::test_create_song_return_wrapper
FN:51,groovv_integrationtest::test_noteblock_factory::tests::test_deploy_groovv_return_wrapper
FNDA:1,groovv_integrationtest::test_noteblock_factory::tests::test_deploy_groovv_return_wrapper
FNF:6
FNH:3
DA:10,1
DA:11,1
DA:12,1
DA:13,1
DA:14,1
DA:15,1
DA:16,1
DA:17,1
DA:18,1
DA:24,0
DA:25,0
DA:26,0
DA:29,0
DA:30,0
DA:36,0
DA:37,0
DA:38,0
DA:43,0
DA:45,0
DA:51,1
DA:53,1
DA:56,0
DA:58,0
LF:23
LH:11
end_of_record
