TN:
SF:/mnt/c/Users/stuar/onedrive/documents/github/noteblock/noteblock-contract/src/noteblock_factory.cairo
FN:12,noteblock::noteblock_factory::INoteblockFactoryDispatcherImpl::mint_song
FNDA:0,noteblock::noteblock_factory::INoteblockFactoryDispatcherImpl::mint_song
FN:30,noteblock::noteblock_factory::NBFactory::ContractStateEventEmitter::emit
FNDA:1,noteblock::noteblock_factory::NBFactory::ContractStateEventEmitter::emit
FN:41,noteblock::noteblock_factory::NBFactory::ContractStateOwnableMixinImpl::unsafe_new_contract_state
FNDA:0,noteblock::noteblock_factory::NBFactory::ContractStateOwnableMixinImpl::unsafe_new_contract_state
FN:57,noteblock::noteblock_factory::NBFactory::EventIsEvent::append_keys_and_data
FNDA:1,noteblock::noteblock_factory::NBFactory::EventIsEvent::append_keys_and_data
FN:38,noteblock::noteblock_factory::NBFactory::HasComponentImpl_OwnableComponent::emit
FNDA:1,noteblock::noteblock_factory::NBFactory::HasComponentImpl_OwnableComponent::emit
FN:38,noteblock::noteblock_factory::NBFactory::HasComponentImpl_OwnableComponent::get_component
FNDA:0,noteblock::noteblock_factory::NBFactory::HasComponentImpl_OwnableComponent::get_component
FN:38,noteblock::noteblock_factory::NBFactory::HasComponentImpl_OwnableComponent::get_component_mut
FNDA:0,noteblock::noteblock_factory::NBFactory::HasComponentImpl_OwnableComponent::get_component_mut
FN:38,noteblock::noteblock_factory::NBFactory::HasComponentImpl_OwnableComponent::get_contract_mut
FNDA:1,noteblock::noteblock_factory::NBFactory::HasComponentImpl_OwnableComponent::get_contract_mut
FN:91,noteblock::noteblock_factory::NBFactory::NBFactoryImpl::create_studio
FNDA:1,noteblock::noteblock_factory::NBFactory::NBFactoryImpl::create_studio
FN:153,noteblock::noteblock_factory::NBFactory::NBFactoryImpl::get_studio
FNDA:0,noteblock::noteblock_factory::NBFactory::NBFactoryImpl::get_studio
FN:119,noteblock::noteblock_factory::NBFactory::NBFactoryImpl::mint_song
FNDA:0,noteblock::noteblock_factory::NBFactory::NBFactoryImpl::mint_song
FN:71,noteblock::noteblock_factory::NBFactory::NewSongCreatedIsEvent::append_keys_and_data
FNDA:0,noteblock::noteblock_factory::NBFactory::NewSongCreatedIsEvent::append_keys_and_data
FN:65,noteblock::noteblock_factory::NBFactory::NewStudioCreatedIsEvent::append_keys_and_data
FNDA:0,noteblock::noteblock_factory::NBFactory::NewStudioCreatedIsEvent::append_keys_and_data
FN:161,noteblock::noteblock_factory::NBFactory::StudioInternalImpl::assert_only_registered_studio
FNDA:0,noteblock::noteblock_factory::NBFactory::StudioInternalImpl::assert_only_registered_studio
FN:88,noteblock::noteblock_factory::NBFactory::__wrapper__NBFactoryImpl__create_studio
FNDA:0,noteblock::noteblock_factory::NBFactory::__wrapper__NBFactoryImpl__create_studio
FN:152,noteblock::noteblock_factory::NBFactory::__wrapper__NBFactoryImpl__get_studio
FNDA:0,noteblock::noteblock_factory::NBFactory::__wrapper__NBFactoryImpl__get_studio
FN:118,noteblock::noteblock_factory::NBFactory::__wrapper__NBFactoryImpl__mint_song
FNDA:0,noteblock::noteblock_factory::NBFactory::__wrapper__NBFactoryImpl__mint_song
FN:78,noteblock::noteblock_factory::NBFactory::__wrapper__constructor
FNDA:1,noteblock::noteblock_factory::NBFactory::__wrapper__constructor
FN:80,noteblock::noteblock_factory::NBFactory::constructor
FNDA:1,noteblock::noteblock_factory::NBFactory::constructor
FN:49,noteblock::noteblock_factory::NBFactory::unsafe_new_contract_state
FNDA:1,noteblock::noteblock_factory::NBFactory::unsafe_new_contract_state
FN:3,noteblock::noteblock_factory::StudioDataClone::clone
FNDA:1,noteblock::noteblock_factory::StudioDataClone::clone
FN:3,noteblock::noteblock_factory::StudioDataSerde::deserialize
FNDA:0,noteblock::noteblock_factory::StudioDataSerde::deserialize
FN:3,noteblock::noteblock_factory::StudioDataSerde::serialize
FNDA:0,noteblock::noteblock_factory::StudioDataSerde::serialize
FN:3,noteblock::noteblock_factory::StudioDataStore::read
FNDA:0,noteblock::noteblock_factory::StudioDataStore::read
FN:3,noteblock::noteblock_factory::StudioDataStore::write
FNDA:0,noteblock::noteblock_factory::StudioDataStore::write
FN:94,noteblock::noteblock_factory::array_inline_macro
FNDA:0,noteblock::noteblock_factory::array_inline_macro
FNF:26
FNH:9
DA:3,1
DA:12,0
DA:30,1
DA:38,2
DA:41,0
DA:49,1
DA:57,1
DA:65,0
DA:71,0
DA:78,1
DA:80,0
DA:81,1
DA:82,1
DA:83,1
DA:88,0
DA:91,1
DA:94,0
DA:95,0
DA:96,0
DA:97,0
DA:99,0
DA:100,0
DA:103,0
DA:106,0
DA:108,0
DA:118,0
DA:119,0
DA:121,0
DA:124,0
DA:127,0
DA:130,0
DA:132,0
DA:134,0
DA:135,0
DA:138,0
DA:142,0
DA:152,0
DA:153,0
DA:161,0
LF:39
LH:10
end_of_record
TN:
SF:/mnt/c/Users/stuar/onedrive/documents/github/noteblock/noteblock-contract/src/noteblock_song.cairo
FN:4,noteblock::noteblock_song::INoteblockSongDispatcherImpl::mint
FNDA:0,noteblock::noteblock_song::INoteblockSongDispatcherImpl::mint
FN:22,noteblock::noteblock_song::NoteblockSong::ContractStateERC1155MixinImpl::unsafe_new_contract_state
FNDA:0,noteblock::noteblock_song::NoteblockSong::ContractStateERC1155MixinImpl::unsafe_new_contract_state
FN:10,noteblock::noteblock_song::NoteblockSong::ContractStateEventEmitter::emit
FNDA:0,noteblock::noteblock_song::NoteblockSong::ContractStateEventEmitter::emit
FN:37,noteblock::noteblock_song::NoteblockSong::EventIsEvent::append_keys_and_data
FNDA:0,noteblock::noteblock_song::NoteblockSong::EventIsEvent::append_keys_and_data
FN:18,noteblock::noteblock_song::NoteblockSong::HasComponentImpl_ERC1155Component::emit
FNDA:0,noteblock::noteblock_song::NoteblockSong::HasComponentImpl_ERC1155Component::emit
FN:18,noteblock::noteblock_song::NoteblockSong::HasComponentImpl_ERC1155Component::get_component
FNDA:0,noteblock::noteblock_song::NoteblockSong::HasComponentImpl_ERC1155Component::get_component
FN:18,noteblock::noteblock_song::NoteblockSong::HasComponentImpl_ERC1155Component::get_component_mut
FNDA:0,noteblock::noteblock_song::NoteblockSong::HasComponentImpl_ERC1155Component::get_component_mut
FN:18,noteblock::noteblock_song::NoteblockSong::HasComponentImpl_ERC1155Component::get_contract
FNDA:0,noteblock::noteblock_song::NoteblockSong::HasComponentImpl_ERC1155Component::get_contract
FN:18,noteblock::noteblock_song::NoteblockSong::HasComponentImpl_ERC1155Component::get_contract_mut
FNDA:0,noteblock::noteblock_song::NoteblockSong::HasComponentImpl_ERC1155Component::get_contract_mut
FN:19,noteblock::noteblock_song::NoteblockSong::HasComponentImpl_SRC5Component::get_component
FNDA:0,noteblock::noteblock_song::NoteblockSong::HasComponentImpl_SRC5Component::get_component
FN:19,noteblock::noteblock_song::NoteblockSong::HasComponentImpl_SRC5Component::get_component_mut
FNDA:0,noteblock::noteblock_song::NoteblockSong::HasComponentImpl_SRC5Component::get_component_mut
FN:80,noteblock::noteblock_song::NoteblockSong::NoteBlocksongImpl::artist
FNDA:0,noteblock::noteblock_song::NoteblockSong::NoteBlocksongImpl::artist
FN:59,noteblock::noteblock_song::NoteblockSong::NoteBlocksongImpl::mint
FNDA:0,noteblock::noteblock_song::NoteblockSong::NoteBlocksongImpl::mint
FN:79,noteblock::noteblock_song::NoteblockSong::__wrapper__NoteBlocksongImpl__artist
FNDA:0,noteblock::noteblock_song::NoteblockSong::__wrapper__NoteBlocksongImpl__artist
FN:58,noteblock::noteblock_song::NoteblockSong::__wrapper__NoteBlocksongImpl__mint
FNDA:0,noteblock::noteblock_song::NoteblockSong::__wrapper__NoteBlocksongImpl__mint
FN:45,noteblock::noteblock_song::NoteblockSong::__wrapper__constructor
FNDA:0,noteblock::noteblock_song::NoteblockSong::__wrapper__constructor
FN:51,noteblock::noteblock_song::NoteblockSong::constructor
FNDA:0,noteblock::noteblock_song::NoteblockSong::constructor
FN:28,noteblock::noteblock_song::NoteblockSong::unsafe_new_contract_state
FNDA:0,noteblock::noteblock_song::NoteblockSong::unsafe_new_contract_state
FN:61,noteblock::noteblock_song::array_inline_macro
FNDA:0,noteblock::noteblock_song::array_inline_macro
FNF:19
FNH:0
DA:4,0
DA:10,0
DA:18,0
DA:19,0
DA:22,0
DA:28,0
DA:30,0
DA:37,0
DA:45,0
DA:51,0
DA:52,0
DA:58,0
DA:59,0
DA:61,0
DA:62,0
DA:66,0
DA:69,0
DA:70,0
DA:71,0
DA:72,0
DA:73,0
DA:76,0
DA:79,0
DA:80,0
LF:24
LH:0
end_of_record
TN:
SF:/mnt/c/Users/stuar/onedrive/documents/github/noteblock/noteblock-contract/src/noteblock_studio.cairo
FN:159,noteblock::noteblock_studio::NBStudio::AlbumBoughtIsEvent::append_keys_and_data
FNDA:0,noteblock::noteblock_studio::NBStudio::AlbumBoughtIsEvent::append_keys_and_data
FN:146,noteblock::noteblock_studio::NBStudio::AlbumCreatedIsEvent::append_keys_and_data
FNDA:0,noteblock::noteblock_studio::NBStudio::AlbumCreatedIsEvent::append_keys_and_data
FN:59,noteblock::noteblock_studio::NBStudio::ContractStateEventEmitter::emit
FNDA:0,noteblock::noteblock_studio::NBStudio::ContractStateEventEmitter::emit
FN:78,noteblock::noteblock_studio::NBStudio::ContractStateOwnableMixinImpl::unsafe_new_contract_state
FNDA:0,noteblock::noteblock_studio::NBStudio::ContractStateOwnableMixinImpl::unsafe_new_contract_state
FN:128,noteblock::noteblock_studio::NBStudio::EventIsEvent::append_keys_and_data
FNDA:0,noteblock::noteblock_studio::NBStudio::EventIsEvent::append_keys_and_data
FN:75,noteblock::noteblock_studio::NBStudio::HasComponentImpl_OwnableComponent::emit
FNDA:0,noteblock::noteblock_studio::NBStudio::HasComponentImpl_OwnableComponent::emit
FN:75,noteblock::noteblock_studio::NBStudio::HasComponentImpl_OwnableComponent::get_component
FNDA:0,noteblock::noteblock_studio::NBStudio::HasComponentImpl_OwnableComponent::get_component
FN:75,noteblock::noteblock_studio::NBStudio::HasComponentImpl_OwnableComponent::get_component_mut
FNDA:0,noteblock::noteblock_studio::NBStudio::HasComponentImpl_OwnableComponent::get_component_mut
FN:75,noteblock::noteblock_studio::NBStudio::HasComponentImpl_OwnableComponent::get_contract_mut
FNDA:0,noteblock::noteblock_studio::NBStudio::HasComponentImpl_OwnableComponent::get_contract_mut
FN:208,noteblock::noteblock_studio::NBStudio::NBStudioImpl::buy_album
FNDA:0,noteblock::noteblock_studio::NBStudio::NBStudioImpl::buy_album
FN:192,noteblock::noteblock_studio::NBStudio::NBStudioImpl::buy_song
FNDA:0,noteblock::noteblock_studio::NBStudio::NBStudioImpl::buy_song
FN:243,noteblock::noteblock_studio::NBStudio::NBStudioImpl::get_album
FNDA:0,noteblock::noteblock_studio::NBStudio::NBStudioImpl::get_album
FN:225,noteblock::noteblock_studio::NBStudio::NBStudioImpl::get_song
FNDA:0,noteblock::noteblock_studio::NBStudio::NBStudioImpl::get_song
FN:183,noteblock::noteblock_studio::NBStudio::NBStudioImpl::mint_album
FNDA:0,noteblock::noteblock_studio::NBStudio::NBStudioImpl::mint_album
FN:176,noteblock::noteblock_studio::NBStudio::NBStudioImpl::mint_song
FNDA:0,noteblock::noteblock_studio::NBStudio::NBStudioImpl::mint_song
FN:153,noteblock::noteblock_studio::NBStudio::SongBoughtIsEvent::append_keys_and_data
FNDA:0,noteblock::noteblock_studio::NBStudio::SongBoughtIsEvent::append_keys_and_data
FN:139,noteblock::noteblock_studio::NBStudio::SongCreatedIsEvent::append_keys_and_data
FNDA:0,noteblock::noteblock_studio::NBStudio::SongCreatedIsEvent::append_keys_and_data
FN:103,noteblock::noteblock_studio::NBStudio::SongNodeStorageNodeImpl::storage_node
FNDA:0,noteblock::noteblock_studio::NBStudio::SongNodeStorageNodeImpl::storage_node
FN:103,noteblock::noteblock_studio::NBStudio::SongNodeStorageNodeMutImpl::storage_node_mut
FNDA:0,noteblock::noteblock_studio::NBStudio::SongNodeStorageNodeMutImpl::storage_node_mut
FN:114,noteblock::noteblock_studio::NBStudio::SongSerde::serialize
FNDA:0,noteblock::noteblock_studio::NBStudio::SongSerde::serialize
FN:318,noteblock::noteblock_studio::NBStudio::StudioInternalImpl::_buy_song
FNDA:0,noteblock::noteblock_studio::NBStudio::StudioInternalImpl::_buy_song
FN:297,noteblock::noteblock_studio::NBStudio::StudioInternalImpl::_mint_album
FNDA:0,noteblock::noteblock_studio::NBStudio::StudioInternalImpl::_mint_album
FN:261,noteblock::noteblock_studio::NBStudio::StudioInternalImpl::_mint_song
FNDA:0,noteblock::noteblock_studio::NBStudio::StudioInternalImpl::_mint_song
FN:206,noteblock::noteblock_studio::NBStudio::__wrapper__NBStudioImpl__buy_album
FNDA:0,noteblock::noteblock_studio::NBStudio::__wrapper__NBStudioImpl__buy_album
FN:190,noteblock::noteblock_studio::NBStudio::__wrapper__NBStudioImpl__buy_song
FNDA:0,noteblock::noteblock_studio::NBStudio::__wrapper__NBStudioImpl__buy_song
FN:241,noteblock::noteblock_studio::NBStudio::__wrapper__NBStudioImpl__get_album
FNDA:0,noteblock::noteblock_studio::NBStudio::__wrapper__NBStudioImpl__get_album
FN:223,noteblock::noteblock_studio::NBStudio::__wrapper__NBStudioImpl__get_song
FNDA:0,noteblock::noteblock_studio::NBStudio::__wrapper__NBStudioImpl__get_song
FN:181,noteblock::noteblock_studio::NBStudio::__wrapper__NBStudioImpl__mint_album
FNDA:0,noteblock::noteblock_studio::NBStudio::__wrapper__NBStudioImpl__mint_album
FN:174,noteblock::noteblock_studio::NBStudio::__wrapper__NBStudioImpl__mint_song
FNDA:0,noteblock::noteblock_studio::NBStudio::__wrapper__NBStudioImpl__mint_song
FN:166,noteblock::noteblock_studio::NBStudio::__wrapper__constructor
FNDA:0,noteblock::noteblock_studio::NBStudio::__wrapper__constructor
FN:168,noteblock::noteblock_studio::NBStudio::constructor
FNDA:0,noteblock::noteblock_studio::NBStudio::constructor
FN:85,noteblock::noteblock_studio::NBStudio::unsafe_new_contract_state
FNDA:0,noteblock::noteblock_studio::NBStudio::unsafe_new_contract_state
FN:5,noteblock::noteblock_studio::SongCreateClone::clone
FNDA:0,noteblock::noteblock_studio::SongCreateClone::clone
FN:5,noteblock::noteblock_studio::SongCreateSerde::deserialize
FNDA:0,noteblock::noteblock_studio::SongCreateSerde::deserialize
FN:5,noteblock::noteblock_studio::SongCreateSerde::serialize
FNDA:0,noteblock::noteblock_studio::SongCreateSerde::serialize
FN:245,noteblock::noteblock_studio::array_inline_macro
FNDA:0,noteblock::noteblock_studio::array_inline_macro
FNF:36
FNH:0
DA:5,0
DA:59,0
DA:75,0
DA:78,0
DA:85,0
DA:103,0
DA:114,0
DA:128,0
DA:139,0
DA:146,0
DA:153,0
DA:159,0
DA:166,0
DA:168,0
DA:169,0
DA:174,0
DA:176,0
DA:178,0
DA:181,0
DA:183,0
DA:185,0
DA:187,0
DA:190,0
DA:192,0
DA:195,0
DA:198,0
DA:206,0
DA:208,0
DA:210,0
DA:212,0
DA:213,0
DA:214,0
DA:217,0
DA:220,0
DA:223,0
DA:225,0
DA:229,0
DA:230,0
DA:231,0
DA:232,0
DA:233,0
DA:234,0
DA:235,0
DA:241,0
DA:243,0
DA:245,0
DA:248,0
DA:249,0
DA:250,0
DA:261,0
DA:262,0
DA:266,0
DA:267,0
DA:268,0
DA:269,0
DA:270,0
DA:271,0
DA:272,0
DA:273,0
DA:277,0
DA:280,0
DA:281,0
DA:282,0
DA:283,0
DA:289,0
DA:292,0
DA:297,0
DA:304,0
DA:305,0
DA:306,0
DA:307,0
DA:308,0
DA:310,0
DA:318,0
DA:320,0
DA:322,0
DA:324,0
DA:328,0
DA:331,0
DA:332,0
DA:336,0
LF:81
LH:0
end_of_record
TN:
SF:/mnt/c/Users/stuar/onedrive/documents/github/noteblock/noteblock-contract/tests/test_noteblock_factory.cairo
FN:14,noteblock_integrationtest::test_noteblock_factory::array_inline_macro
FNDA:1,noteblock_integrationtest::test_noteblock_factory::array_inline_macro
FN:8,noteblock_integrationtest::test_noteblock_factory::deploy_noteblock_factory
FNDA:1,noteblock_integrationtest::test_noteblock_factory::deploy_noteblock_factory
FNF:2
FNH:2
DA:8,1
DA:9,1
DA:10,1
DA:12,1
DA:14,1
DA:15,1
DA:16,1
DA:17,1
DA:18,1
DA:20,1
LF:10
LH:10
end_of_record
TN:
SF:/mnt/c/Users/stuar/onedrive/documents/github/noteblock/noteblock-contract/src/noteblock_factory.cairo
FN:12,noteblock::noteblock_factory::INoteblockFactoryDispatcherImpl::create_studio
FNDA:0,noteblock::noteblock_factory::INoteblockFactoryDispatcherImpl::create_studio
FN:12,noteblock::noteblock_factory::INoteblockFactoryDispatcherImpl::mint_song
FNDA:0,noteblock::noteblock_factory::INoteblockFactoryDispatcherImpl::mint_song
FN:30,noteblock::noteblock_factory::NBFactory::ContractStateEventEmitter::emit
FNDA:1,noteblock::noteblock_factory::NBFactory::ContractStateEventEmitter::emit
FN:41,noteblock::noteblock_factory::NBFactory::ContractStateOwnableMixinImpl::unsafe_new_contract_state
FNDA:0,noteblock::noteblock_factory::NBFactory::ContractStateOwnableMixinImpl::unsafe_new_contract_state
FN:57,noteblock::noteblock_factory::NBFactory::EventIsEvent::append_keys_and_data
FNDA:1,noteblock::noteblock_factory::NBFactory::EventIsEvent::append_keys_and_data
FN:38,noteblock::noteblock_factory::NBFactory::HasComponentImpl_OwnableComponent::emit
FNDA:1,noteblock::noteblock_factory::NBFactory::HasComponentImpl_OwnableComponent::emit
FN:38,noteblock::noteblock_factory::NBFactory::HasComponentImpl_OwnableComponent::get_component
FNDA:0,noteblock::noteblock_factory::NBFactory::HasComponentImpl_OwnableComponent::get_component
FN:38,noteblock::noteblock_factory::NBFactory::HasComponentImpl_OwnableComponent::get_component_mut
FNDA:0,noteblock::noteblock_factory::NBFactory::HasComponentImpl_OwnableComponent::get_component_mut
FN:38,noteblock::noteblock_factory::NBFactory::HasComponentImpl_OwnableComponent::get_contract_mut
FNDA:1,noteblock::noteblock_factory::NBFactory::HasComponentImpl_OwnableComponent::get_contract_mut
FN:91,noteblock::noteblock_factory::NBFactory::NBFactoryImpl::create_studio
FNDA:1,noteblock::noteblock_factory::NBFactory::NBFactoryImpl::create_studio
FN:153,noteblock::noteblock_factory::NBFactory::NBFactoryImpl::get_studio
FNDA:0,noteblock::noteblock_factory::NBFactory::NBFactoryImpl::get_studio
FN:119,noteblock::noteblock_factory::NBFactory::NBFactoryImpl::mint_song
FNDA:0,noteblock::noteblock_factory::NBFactory::NBFactoryImpl::mint_song
FN:71,noteblock::noteblock_factory::NBFactory::NewSongCreatedIsEvent::append_keys_and_data
FNDA:0,noteblock::noteblock_factory::NBFactory::NewSongCreatedIsEvent::append_keys_and_data
FN:65,noteblock::noteblock_factory::NBFactory::NewStudioCreatedIsEvent::append_keys_and_data
FNDA:0,noteblock::noteblock_factory::NBFactory::NewStudioCreatedIsEvent::append_keys_and_data
FN:161,noteblock::noteblock_factory::NBFactory::StudioInternalImpl::assert_only_registered_studio
FNDA:0,noteblock::noteblock_factory::NBFactory::StudioInternalImpl::assert_only_registered_studio
FN:88,noteblock::noteblock_factory::NBFactory::__wrapper__NBFactoryImpl__create_studio
FNDA:0,noteblock::noteblock_factory::NBFactory::__wrapper__NBFactoryImpl__create_studio
FN:152,noteblock::noteblock_factory::NBFactory::__wrapper__NBFactoryImpl__get_studio
FNDA:0,noteblock::noteblock_factory::NBFactory::__wrapper__NBFactoryImpl__get_studio
FN:118,noteblock::noteblock_factory::NBFactory::__wrapper__NBFactoryImpl__mint_song
FNDA:0,noteblock::noteblock_factory::NBFactory::__wrapper__NBFactoryImpl__mint_song
FN:78,noteblock::noteblock_factory::NBFactory::__wrapper__constructor
FNDA:1,noteblock::noteblock_factory::NBFactory::__wrapper__constructor
FN:80,noteblock::noteblock_factory::NBFactory::constructor
FNDA:1,noteblock::noteblock_factory::NBFactory::constructor
FN:49,noteblock::noteblock_factory::NBFactory::unsafe_new_contract_state
FNDA:1,noteblock::noteblock_factory::NBFactory::unsafe_new_contract_state
FN:3,noteblock::noteblock_factory::StudioDataClone::clone
FNDA:1,noteblock::noteblock_factory::StudioDataClone::clone
FN:3,noteblock::noteblock_factory::StudioDataSerde::deserialize
FNDA:0,noteblock::noteblock_factory::StudioDataSerde::deserialize
FN:3,noteblock::noteblock_factory::StudioDataSerde::serialize
FNDA:0,noteblock::noteblock_factory::StudioDataSerde::serialize
FN:3,noteblock::noteblock_factory::StudioDataStore::read
FNDA:0,noteblock::noteblock_factory::StudioDataStore::read
FN:3,noteblock::noteblock_factory::StudioDataStore::write
FNDA:0,noteblock::noteblock_factory::StudioDataStore::write
FN:94,noteblock::noteblock_factory::array_inline_macro
FNDA:0,noteblock::noteblock_factory::array_inline_macro
FNF:27
FNH:9
DA:3,1
DA:12,0
DA:30,1
DA:38,2
DA:41,0
DA:49,1
DA:57,1
DA:65,0
DA:71,0
DA:78,1
DA:80,0
DA:81,1
DA:82,1
DA:83,1
DA:88,0
DA:91,1
DA:94,0
DA:95,0
DA:96,0
DA:97,0
DA:99,0
DA:100,0
DA:103,0
DA:106,0
DA:108,0
DA:118,0
DA:119,0
DA:121,0
DA:124,0
DA:127,0
DA:130,0
DA:132,0
DA:134,0
DA:135,0
DA:138,0
DA:142,0
DA:152,0
DA:153,0
DA:161,0
LF:39
LH:10
end_of_record
TN:
SF:/mnt/c/Users/stuar/onedrive/documents/github/noteblock/noteblock-contract/src/noteblock_song.cairo
FN:4,noteblock::noteblock_song::INoteblockSongDispatcherImpl::mint
FNDA:0,noteblock::noteblock_song::INoteblockSongDispatcherImpl::mint
FN:22,noteblock::noteblock_song::NoteblockSong::ContractStateERC1155MixinImpl::unsafe_new_contract_state
FNDA:0,noteblock::noteblock_song::NoteblockSong::ContractStateERC1155MixinImpl::unsafe_new_contract_state
FN:10,noteblock::noteblock_song::NoteblockSong::ContractStateEventEmitter::emit
FNDA:0,noteblock::noteblock_song::NoteblockSong::ContractStateEventEmitter::emit
FN:37,noteblock::noteblock_song::NoteblockSong::EventIsEvent::append_keys_and_data
FNDA:0,noteblock::noteblock_song::NoteblockSong::EventIsEvent::append_keys_and_data
FN:18,noteblock::noteblock_song::NoteblockSong::HasComponentImpl_ERC1155Component::emit
FNDA:0,noteblock::noteblock_song::NoteblockSong::HasComponentImpl_ERC1155Component::emit
FN:18,noteblock::noteblock_song::NoteblockSong::HasComponentImpl_ERC1155Component::get_component
FNDA:0,noteblock::noteblock_song::NoteblockSong::HasComponentImpl_ERC1155Component::get_component
FN:18,noteblock::noteblock_song::NoteblockSong::HasComponentImpl_ERC1155Component::get_component_mut
FNDA:0,noteblock::noteblock_song::NoteblockSong::HasComponentImpl_ERC1155Component::get_component_mut
FN:18,noteblock::noteblock_song::NoteblockSong::HasComponentImpl_ERC1155Component::get_contract
FNDA:0,noteblock::noteblock_song::NoteblockSong::HasComponentImpl_ERC1155Component::get_contract
FN:18,noteblock::noteblock_song::NoteblockSong::HasComponentImpl_ERC1155Component::get_contract_mut
FNDA:0,noteblock::noteblock_song::NoteblockSong::HasComponentImpl_ERC1155Component::get_contract_mut
FN:19,noteblock::noteblock_song::NoteblockSong::HasComponentImpl_SRC5Component::get_component
FNDA:0,noteblock::noteblock_song::NoteblockSong::HasComponentImpl_SRC5Component::get_component
FN:19,noteblock::noteblock_song::NoteblockSong::HasComponentImpl_SRC5Component::get_component_mut
FNDA:0,noteblock::noteblock_song::NoteblockSong::HasComponentImpl_SRC5Component::get_component_mut
FN:80,noteblock::noteblock_song::NoteblockSong::NoteBlocksongImpl::artist
FNDA:0,noteblock::noteblock_song::NoteblockSong::NoteBlocksongImpl::artist
FN:59,noteblock::noteblock_song::NoteblockSong::NoteBlocksongImpl::mint
FNDA:0,noteblock::noteblock_song::NoteblockSong::NoteBlocksongImpl::mint
FN:79,noteblock::noteblock_song::NoteblockSong::__wrapper__NoteBlocksongImpl__artist
FNDA:0,noteblock::noteblock_song::NoteblockSong::__wrapper__NoteBlocksongImpl__artist
FN:58,noteblock::noteblock_song::NoteblockSong::__wrapper__NoteBlocksongImpl__mint
FNDA:0,noteblock::noteblock_song::NoteblockSong::__wrapper__NoteBlocksongImpl__mint
FN:45,noteblock::noteblock_song::NoteblockSong::__wrapper__constructor
FNDA:0,noteblock::noteblock_song::NoteblockSong::__wrapper__constructor
FN:51,noteblock::noteblock_song::NoteblockSong::constructor
FNDA:0,noteblock::noteblock_song::NoteblockSong::constructor
FN:28,noteblock::noteblock_song::NoteblockSong::unsafe_new_contract_state
FNDA:0,noteblock::noteblock_song::NoteblockSong::unsafe_new_contract_state
FN:61,noteblock::noteblock_song::array_inline_macro
FNDA:0,noteblock::noteblock_song::array_inline_macro
FNF:19
FNH:0
DA:4,0
DA:10,0
DA:18,0
DA:19,0
DA:22,0
DA:28,0
DA:30,0
DA:37,0
DA:45,0
DA:51,0
DA:52,0
DA:58,0
DA:59,0
DA:61,0
DA:62,0
DA:66,0
DA:69,0
DA:70,0
DA:71,0
DA:72,0
DA:73,0
DA:76,0
DA:79,0
DA:80,0
LF:24
LH:0
end_of_record
TN:
SF:/mnt/c/Users/stuar/onedrive/documents/github/noteblock/noteblock-contract/src/noteblock_studio.cairo
FN:159,noteblock::noteblock_studio::NBStudio::AlbumBoughtIsEvent::append_keys_and_data
FNDA:0,noteblock::noteblock_studio::NBStudio::AlbumBoughtIsEvent::append_keys_and_data
FN:146,noteblock::noteblock_studio::NBStudio::AlbumCreatedIsEvent::append_keys_and_data
FNDA:0,noteblock::noteblock_studio::NBStudio::AlbumCreatedIsEvent::append_keys_and_data
FN:59,noteblock::noteblock_studio::NBStudio::ContractStateEventEmitter::emit
FNDA:0,noteblock::noteblock_studio::NBStudio::ContractStateEventEmitter::emit
FN:78,noteblock::noteblock_studio::NBStudio::ContractStateOwnableMixinImpl::unsafe_new_contract_state
FNDA:0,noteblock::noteblock_studio::NBStudio::ContractStateOwnableMixinImpl::unsafe_new_contract_state
FN:128,noteblock::noteblock_studio::NBStudio::EventIsEvent::append_keys_and_data
FNDA:0,noteblock::noteblock_studio::NBStudio::EventIsEvent::append_keys_and_data
FN:75,noteblock::noteblock_studio::NBStudio::HasComponentImpl_OwnableComponent::emit
FNDA:0,noteblock::noteblock_studio::NBStudio::HasComponentImpl_OwnableComponent::emit
FN:75,noteblock::noteblock_studio::NBStudio::HasComponentImpl_OwnableComponent::get_component
FNDA:0,noteblock::noteblock_studio::NBStudio::HasComponentImpl_OwnableComponent::get_component
FN:75,noteblock::noteblock_studio::NBStudio::HasComponentImpl_OwnableComponent::get_component_mut
FNDA:0,noteblock::noteblock_studio::NBStudio::HasComponentImpl_OwnableComponent::get_component_mut
FN:75,noteblock::noteblock_studio::NBStudio::HasComponentImpl_OwnableComponent::get_contract_mut
FNDA:0,noteblock::noteblock_studio::NBStudio::HasComponentImpl_OwnableComponent::get_contract_mut
FN:208,noteblock::noteblock_studio::NBStudio::NBStudioImpl::buy_album
FNDA:0,noteblock::noteblock_studio::NBStudio::NBStudioImpl::buy_album
FN:192,noteblock::noteblock_studio::NBStudio::NBStudioImpl::buy_song
FNDA:0,noteblock::noteblock_studio::NBStudio::NBStudioImpl::buy_song
FN:243,noteblock::noteblock_studio::NBStudio::NBStudioImpl::get_album
FNDA:0,noteblock::noteblock_studio::NBStudio::NBStudioImpl::get_album
FN:225,noteblock::noteblock_studio::NBStudio::NBStudioImpl::get_song
FNDA:0,noteblock::noteblock_studio::NBStudio::NBStudioImpl::get_song
FN:183,noteblock::noteblock_studio::NBStudio::NBStudioImpl::mint_album
FNDA:0,noteblock::noteblock_studio::NBStudio::NBStudioImpl::mint_album
FN:176,noteblock::noteblock_studio::NBStudio::NBStudioImpl::mint_song
FNDA:0,noteblock::noteblock_studio::NBStudio::NBStudioImpl::mint_song
FN:153,noteblock::noteblock_studio::NBStudio::SongBoughtIsEvent::append_keys_and_data
FNDA:0,noteblock::noteblock_studio::NBStudio::SongBoughtIsEvent::append_keys_and_data
FN:139,noteblock::noteblock_studio::NBStudio::SongCreatedIsEvent::append_keys_and_data
FNDA:0,noteblock::noteblock_studio::NBStudio::SongCreatedIsEvent::append_keys_and_data
FN:103,noteblock::noteblock_studio::NBStudio::SongNodeStorageNodeImpl::storage_node
FNDA:0,noteblock::noteblock_studio::NBStudio::SongNodeStorageNodeImpl::storage_node
FN:103,noteblock::noteblock_studio::NBStudio::SongNodeStorageNodeMutImpl::storage_node_mut
FNDA:0,noteblock::noteblock_studio::NBStudio::SongNodeStorageNodeMutImpl::storage_node_mut
FN:114,noteblock::noteblock_studio::NBStudio::SongSerde::serialize
FNDA:0,noteblock::noteblock_studio::NBStudio::SongSerde::serialize
FN:318,noteblock::noteblock_studio::NBStudio::StudioInternalImpl::_buy_song
FNDA:0,noteblock::noteblock_studio::NBStudio::StudioInternalImpl::_buy_song
FN:297,noteblock::noteblock_studio::NBStudio::StudioInternalImpl::_mint_album
FNDA:0,noteblock::noteblock_studio::NBStudio::StudioInternalImpl::_mint_album
FN:261,noteblock::noteblock_studio::NBStudio::StudioInternalImpl::_mint_song
FNDA:0,noteblock::noteblock_studio::NBStudio::StudioInternalImpl::_mint_song
FN:206,noteblock::noteblock_studio::NBStudio::__wrapper__NBStudioImpl__buy_album
FNDA:0,noteblock::noteblock_studio::NBStudio::__wrapper__NBStudioImpl__buy_album
FN:190,noteblock::noteblock_studio::NBStudio::__wrapper__NBStudioImpl__buy_song
FNDA:0,noteblock::noteblock_studio::NBStudio::__wrapper__NBStudioImpl__buy_song
FN:241,noteblock::noteblock_studio::NBStudio::__wrapper__NBStudioImpl__get_album
FNDA:0,noteblock::noteblock_studio::NBStudio::__wrapper__NBStudioImpl__get_album
FN:223,noteblock::noteblock_studio::NBStudio::__wrapper__NBStudioImpl__get_song
FNDA:0,noteblock::noteblock_studio::NBStudio::__wrapper__NBStudioImpl__get_song
FN:181,noteblock::noteblock_studio::NBStudio::__wrapper__NBStudioImpl__mint_album
FNDA:0,noteblock::noteblock_studio::NBStudio::__wrapper__NBStudioImpl__mint_album
FN:174,noteblock::noteblock_studio::NBStudio::__wrapper__NBStudioImpl__mint_song
FNDA:0,noteblock::noteblock_studio::NBStudio::__wrapper__NBStudioImpl__mint_song
FN:166,noteblock::noteblock_studio::NBStudio::__wrapper__constructor
FNDA:0,noteblock::noteblock_studio::NBStudio::__wrapper__constructor
FN:168,noteblock::noteblock_studio::NBStudio::constructor
FNDA:0,noteblock::noteblock_studio::NBStudio::constructor
FN:85,noteblock::noteblock_studio::NBStudio::unsafe_new_contract_state
FNDA:0,noteblock::noteblock_studio::NBStudio::unsafe_new_contract_state
FN:5,noteblock::noteblock_studio::SongCreateClone::clone
FNDA:0,noteblock::noteblock_studio::SongCreateClone::clone
FN:5,noteblock::noteblock_studio::SongCreateSerde::deserialize
FNDA:0,noteblock::noteblock_studio::SongCreateSerde::deserialize
FN:5,noteblock::noteblock_studio::SongCreateSerde::serialize
FNDA:0,noteblock::noteblock_studio::SongCreateSerde::serialize
FN:245,noteblock::noteblock_studio::array_inline_macro
FNDA:0,noteblock::noteblock_studio::array_inline_macro
FNF:36
FNH:0
DA:5,0
DA:59,0
DA:75,0
DA:78,0
DA:85,0
DA:103,0
DA:114,0
DA:128,0
DA:139,0
DA:146,0
DA:153,0
DA:159,0
DA:166,0
DA:168,0
DA:169,0
DA:174,0
DA:176,0
DA:178,0
DA:181,0
DA:183,0
DA:185,0
DA:187,0
DA:190,0
DA:192,0
DA:195,0
DA:198,0
DA:206,0
DA:208,0
DA:210,0
DA:212,0
DA:213,0
DA:214,0
DA:217,0
DA:220,0
DA:223,0
DA:225,0
DA:229,0
DA:230,0
DA:231,0
DA:232,0
DA:233,0
DA:234,0
DA:235,0
DA:241,0
DA:243,0
DA:245,0
DA:248,0
DA:249,0
DA:250,0
DA:261,0
DA:262,0
DA:266,0
DA:267,0
DA:268,0
DA:269,0
DA:270,0
DA:271,0
DA:272,0
DA:273,0
DA:277,0
DA:280,0
DA:281,0
DA:282,0
DA:283,0
DA:289,0
DA:292,0
DA:297,0
DA:304,0
DA:305,0
DA:306,0
DA:307,0
DA:308,0
DA:310,0
DA:318,0
DA:320,0
DA:322,0
DA:324,0
DA:328,0
DA:331,0
DA:332,0
DA:336,0
LF:81
LH:0
end_of_record
TN:
SF:/mnt/c/Users/stuar/onedrive/documents/github/noteblock/noteblock-contract/tests/test_noteblock_factory.cairo
FN:15,noteblock_integrationtest::test_noteblock_factory::array_inline_macro
FNDA:1,noteblock_integrationtest::test_noteblock_factory::array_inline_macro
FN:9,noteblock_integrationtest::test_noteblock_factory::deploy_noteblock_factory
FNDA:1,noteblock_integrationtest::test_noteblock_factory::deploy_noteblock_factory
FN:29,noteblock_integrationtest::test_noteblock_factory::validate_studio_data
FNDA:0,noteblock_integrationtest::test_noteblock_factory::validate_studio_data
FNF:3
FNH:2
DA:9,1
DA:10,1
DA:11,1
DA:13,1
DA:15,1
DA:16,1
DA:17,1
DA:18,1
DA:19,1
DA:21,1
DA:29,0
DA:30,0
DA:31,0
DA:32,0
LF:14
LH:10
end_of_record
TN:
SF:/mnt/c/Users/stuar/onedrive/documents/github/noteblock/noteblock-contract/src/noteblock_factory.cairo
FN:12,noteblock::noteblock_factory::INoteblockFactoryDispatcherImpl::create_studio
FNDA:1,noteblock::noteblock_factory::INoteblockFactoryDispatcherImpl::create_studio
FN:12,noteblock::noteblock_factory::INoteblockFactoryDispatcherImpl::mint_song
FNDA:0,noteblock::noteblock_factory::INoteblockFactoryDispatcherImpl::mint_song
FN:30,noteblock::noteblock_factory::NBFactory::ContractStateEventEmitter::emit
FNDA:1,noteblock::noteblock_factory::NBFactory::ContractStateEventEmitter::emit
FN:41,noteblock::noteblock_factory::NBFactory::ContractStateOwnableMixinImpl::unsafe_new_contract_state
FNDA:0,noteblock::noteblock_factory::NBFactory::ContractStateOwnableMixinImpl::unsafe_new_contract_state
FN:57,noteblock::noteblock_factory::NBFactory::EventIsEvent::append_keys_and_data
FNDA:1,noteblock::noteblock_factory::NBFactory::EventIsEvent::append_keys_and_data
FN:38,noteblock::noteblock_factory::NBFactory::HasComponentImpl_OwnableComponent::emit
FNDA:1,noteblock::noteblock_factory::NBFactory::HasComponentImpl_OwnableComponent::emit
FN:38,noteblock::noteblock_factory::NBFactory::HasComponentImpl_OwnableComponent::get_component
FNDA:1,noteblock::noteblock_factory::NBFactory::HasComponentImpl_OwnableComponent::get_component
FN:38,noteblock::noteblock_factory::NBFactory::HasComponentImpl_OwnableComponent::get_component_mut
FNDA:0,noteblock::noteblock_factory::NBFactory::HasComponentImpl_OwnableComponent::get_component_mut
FN:38,noteblock::noteblock_factory::NBFactory::HasComponentImpl_OwnableComponent::get_contract_mut
FNDA:1,noteblock::noteblock_factory::NBFactory::HasComponentImpl_OwnableComponent::get_contract_mut
FN:91,noteblock::noteblock_factory::NBFactory::NBFactoryImpl::create_studio
FNDA:1,noteblock::noteblock_factory::NBFactory::NBFactoryImpl::create_studio
FN:153,noteblock::noteblock_factory::NBFactory::NBFactoryImpl::get_studio
FNDA:0,noteblock::noteblock_factory::NBFactory::NBFactoryImpl::get_studio
FN:119,noteblock::noteblock_factory::NBFactory::NBFactoryImpl::mint_song
FNDA:0,noteblock::noteblock_factory::NBFactory::NBFactoryImpl::mint_song
FN:71,noteblock::noteblock_factory::NBFactory::NewSongCreatedIsEvent::append_keys_and_data
FNDA:0,noteblock::noteblock_factory::NBFactory::NewSongCreatedIsEvent::append_keys_and_data
FN:65,noteblock::noteblock_factory::NBFactory::NewStudioCreatedIsEvent::append_keys_and_data
FNDA:0,noteblock::noteblock_factory::NBFactory::NewStudioCreatedIsEvent::append_keys_and_data
FN:161,noteblock::noteblock_factory::NBFactory::StudioInternalImpl::assert_only_registered_studio
FNDA:0,noteblock::noteblock_factory::NBFactory::StudioInternalImpl::assert_only_registered_studio
FN:88,noteblock::noteblock_factory::NBFactory::__wrapper__NBFactoryImpl__create_studio
FNDA:1,noteblock::noteblock_factory::NBFactory::__wrapper__NBFactoryImpl__create_studio
FN:152,noteblock::noteblock_factory::NBFactory::__wrapper__NBFactoryImpl__get_studio
FNDA:0,noteblock::noteblock_factory::NBFactory::__wrapper__NBFactoryImpl__get_studio
FN:118,noteblock::noteblock_factory::NBFactory::__wrapper__NBFactoryImpl__mint_song
FNDA:0,noteblock::noteblock_factory::NBFactory::__wrapper__NBFactoryImpl__mint_song
FN:78,noteblock::noteblock_factory::NBFactory::__wrapper__constructor
FNDA:1,noteblock::noteblock_factory::NBFactory::__wrapper__constructor
FN:80,noteblock::noteblock_factory::NBFactory::constructor
FNDA:1,noteblock::noteblock_factory::NBFactory::constructor
FN:49,noteblock::noteblock_factory::NBFactory::unsafe_new_contract_state
FNDA:1,noteblock::noteblock_factory::NBFactory::unsafe_new_contract_state
FN:3,noteblock::noteblock_factory::StudioDataClone::clone
FNDA:1,noteblock::noteblock_factory::StudioDataClone::clone
FN:3,noteblock::noteblock_factory::StudioDataSerde::deserialize
FNDA:1,noteblock::noteblock_factory::StudioDataSerde::deserialize
FN:3,noteblock::noteblock_factory::StudioDataSerde::serialize
FNDA:1,noteblock::noteblock_factory::StudioDataSerde::serialize
FN:3,noteblock::noteblock_factory::StudioDataStore::read
FNDA:0,noteblock::noteblock_factory::StudioDataStore::read
FN:3,noteblock::noteblock_factory::StudioDataStore::write
FNDA:1,noteblock::noteblock_factory::StudioDataStore::write
FN:94,noteblock::noteblock_factory::array_inline_macro
FNDA:1,noteblock::noteblock_factory::array_inline_macro
FNF:27
FNH:16
DA:3,4
DA:12,1
DA:30,1
DA:38,3
DA:41,0
DA:49,1
DA:57,1
DA:65,0
DA:71,0
DA:78,1
DA:80,0
DA:81,1
DA:82,1
DA:83,1
DA:88,1
DA:91,1
DA:94,1
DA:95,1
DA:96,1
DA:97,1
DA:99,1
DA:100,1
DA:103,1
DA:106,1
DA:108,1
DA:118,0
DA:119,0
DA:121,0
DA:124,0
DA:127,0
DA:130,0
DA:132,0
DA:134,0
DA:135,0
DA:138,0
DA:142,0
DA:152,0
DA:153,0
DA:161,0
LF:39
LH:21
end_of_record
TN:
SF:/mnt/c/Users/stuar/onedrive/documents/github/noteblock/noteblock-contract/src/noteblock_song.cairo
FN:4,noteblock::noteblock_song::INoteblockSongDispatcherImpl::mint
FNDA:0,noteblock::noteblock_song::INoteblockSongDispatcherImpl::mint
FN:22,noteblock::noteblock_song::NoteblockSong::ContractStateERC1155MixinImpl::unsafe_new_contract_state
FNDA:0,noteblock::noteblock_song::NoteblockSong::ContractStateERC1155MixinImpl::unsafe_new_contract_state
FN:10,noteblock::noteblock_song::NoteblockSong::ContractStateEventEmitter::emit
FNDA:0,noteblock::noteblock_song::NoteblockSong::ContractStateEventEmitter::emit
FN:37,noteblock::noteblock_song::NoteblockSong::EventIsEvent::append_keys_and_data
FNDA:0,noteblock::noteblock_song::NoteblockSong::EventIsEvent::append_keys_and_data
FN:18,noteblock::noteblock_song::NoteblockSong::HasComponentImpl_ERC1155Component::emit
FNDA:0,noteblock::noteblock_song::NoteblockSong::HasComponentImpl_ERC1155Component::emit
FN:18,noteblock::noteblock_song::NoteblockSong::HasComponentImpl_ERC1155Component::get_component
FNDA:0,noteblock::noteblock_song::NoteblockSong::HasComponentImpl_ERC1155Component::get_component
FN:18,noteblock::noteblock_song::NoteblockSong::HasComponentImpl_ERC1155Component::get_component_mut
FNDA:0,noteblock::noteblock_song::NoteblockSong::HasComponentImpl_ERC1155Component::get_component_mut
FN:18,noteblock::noteblock_song::NoteblockSong::HasComponentImpl_ERC1155Component::get_contract
FNDA:0,noteblock::noteblock_song::NoteblockSong::HasComponentImpl_ERC1155Component::get_contract
FN:18,noteblock::noteblock_song::NoteblockSong::HasComponentImpl_ERC1155Component::get_contract_mut
FNDA:0,noteblock::noteblock_song::NoteblockSong::HasComponentImpl_ERC1155Component::get_contract_mut
FN:19,noteblock::noteblock_song::NoteblockSong::HasComponentImpl_SRC5Component::get_component
FNDA:0,noteblock::noteblock_song::NoteblockSong::HasComponentImpl_SRC5Component::get_component
FN:19,noteblock::noteblock_song::NoteblockSong::HasComponentImpl_SRC5Component::get_component_mut
FNDA:0,noteblock::noteblock_song::NoteblockSong::HasComponentImpl_SRC5Component::get_component_mut
FN:80,noteblock::noteblock_song::NoteblockSong::NoteBlocksongImpl::artist
FNDA:0,noteblock::noteblock_song::NoteblockSong::NoteBlocksongImpl::artist
FN:59,noteblock::noteblock_song::NoteblockSong::NoteBlocksongImpl::mint
FNDA:0,noteblock::noteblock_song::NoteblockSong::NoteBlocksongImpl::mint
FN:79,noteblock::noteblock_song::NoteblockSong::__wrapper__NoteBlocksongImpl__artist
FNDA:0,noteblock::noteblock_song::NoteblockSong::__wrapper__NoteBlocksongImpl__artist
FN:58,noteblock::noteblock_song::NoteblockSong::__wrapper__NoteBlocksongImpl__mint
FNDA:0,noteblock::noteblock_song::NoteblockSong::__wrapper__NoteBlocksongImpl__mint
FN:45,noteblock::noteblock_song::NoteblockSong::__wrapper__constructor
FNDA:0,noteblock::noteblock_song::NoteblockSong::__wrapper__constructor
FN:51,noteblock::noteblock_song::NoteblockSong::constructor
FNDA:0,noteblock::noteblock_song::NoteblockSong::constructor
FN:28,noteblock::noteblock_song::NoteblockSong::unsafe_new_contract_state
FNDA:0,noteblock::noteblock_song::NoteblockSong::unsafe_new_contract_state
FN:61,noteblock::noteblock_song::array_inline_macro
FNDA:0,noteblock::noteblock_song::array_inline_macro
FNF:19
FNH:0
DA:4,0
DA:10,0
DA:18,0
DA:19,0
DA:22,0
DA:28,0
DA:30,0
DA:37,0
DA:45,0
DA:51,0
DA:52,0
DA:58,0
DA:59,0
DA:61,0
DA:62,0
DA:66,0
DA:69,0
DA:70,0
DA:71,0
DA:72,0
DA:73,0
DA:76,0
DA:79,0
DA:80,0
LF:24
LH:0
end_of_record
TN:
SF:/mnt/c/Users/stuar/onedrive/documents/github/noteblock/noteblock-contract/src/noteblock_studio.cairo
FN:159,noteblock::noteblock_studio::NBStudio::AlbumBoughtIsEvent::append_keys_and_data
FNDA:0,noteblock::noteblock_studio::NBStudio::AlbumBoughtIsEvent::append_keys_and_data
FN:146,noteblock::noteblock_studio::NBStudio::AlbumCreatedIsEvent::append_keys_and_data
FNDA:0,noteblock::noteblock_studio::NBStudio::AlbumCreatedIsEvent::append_keys_and_data
FN:59,noteblock::noteblock_studio::NBStudio::ContractStateEventEmitter::emit
FNDA:1,noteblock::noteblock_studio::NBStudio::ContractStateEventEmitter::emit
FN:78,noteblock::noteblock_studio::NBStudio::ContractStateOwnableMixinImpl::unsafe_new_contract_state
FNDA:0,noteblock::noteblock_studio::NBStudio::ContractStateOwnableMixinImpl::unsafe_new_contract_state
FN:128,noteblock::noteblock_studio::NBStudio::EventIsEvent::append_keys_and_data
FNDA:1,noteblock::noteblock_studio::NBStudio::EventIsEvent::append_keys_and_data
FN:75,noteblock::noteblock_studio::NBStudio::HasComponentImpl_OwnableComponent::emit
FNDA:1,noteblock::noteblock_studio::NBStudio::HasComponentImpl_OwnableComponent::emit
FN:75,noteblock::noteblock_studio::NBStudio::HasComponentImpl_OwnableComponent::get_component
FNDA:0,noteblock::noteblock_studio::NBStudio::HasComponentImpl_OwnableComponent::get_component
FN:75,noteblock::noteblock_studio::NBStudio::HasComponentImpl_OwnableComponent::get_component_mut
FNDA:0,noteblock::noteblock_studio::NBStudio::HasComponentImpl_OwnableComponent::get_component_mut
FN:75,noteblock::noteblock_studio::NBStudio::HasComponentImpl_OwnableComponent::get_contract_mut
FNDA:0,noteblock::noteblock_studio::NBStudio::HasComponentImpl_OwnableComponent::get_contract_mut
FN:208,noteblock::noteblock_studio::NBStudio::NBStudioImpl::buy_album
FNDA:0,noteblock::noteblock_studio::NBStudio::NBStudioImpl::buy_album
FN:192,noteblock::noteblock_studio::NBStudio::NBStudioImpl::buy_song
FNDA:0,noteblock::noteblock_studio::NBStudio::NBStudioImpl::buy_song
FN:243,noteblock::noteblock_studio::NBStudio::NBStudioImpl::get_album
FNDA:0,noteblock::noteblock_studio::NBStudio::NBStudioImpl::get_album
FN:225,noteblock::noteblock_studio::NBStudio::NBStudioImpl::get_song
FNDA:0,noteblock::noteblock_studio::NBStudio::NBStudioImpl::get_song
FN:183,noteblock::noteblock_studio::NBStudio::NBStudioImpl::mint_album
FNDA:0,noteblock::noteblock_studio::NBStudio::NBStudioImpl::mint_album
FN:176,noteblock::noteblock_studio::NBStudio::NBStudioImpl::mint_song
FNDA:1,noteblock::noteblock_studio::NBStudio::NBStudioImpl::mint_song
FN:153,noteblock::noteblock_studio::NBStudio::SongBoughtIsEvent::append_keys_and_data
FNDA:0,noteblock::noteblock_studio::NBStudio::SongBoughtIsEvent::append_keys_and_data
FN:139,noteblock::noteblock_studio::NBStudio::SongCreatedIsEvent::append_keys_and_data
FNDA:0,noteblock::noteblock_studio::NBStudio::SongCreatedIsEvent::append_keys_and_data
FN:103,noteblock::noteblock_studio::NBStudio::SongNodeStorageNodeImpl::storage_node
FNDA:0,noteblock::noteblock_studio::NBStudio::SongNodeStorageNodeImpl::storage_node
FN:103,noteblock::noteblock_studio::NBStudio::SongNodeStorageNodeMutImpl::storage_node_mut
FNDA:0,noteblock::noteblock_studio::NBStudio::SongNodeStorageNodeMutImpl::storage_node_mut
FN:114,noteblock::noteblock_studio::NBStudio::SongSerde::serialize
FNDA:0,noteblock::noteblock_studio::NBStudio::SongSerde::serialize
FN:318,noteblock::noteblock_studio::NBStudio::StudioInternalImpl::_buy_song
FNDA:0,noteblock::noteblock_studio::NBStudio::StudioInternalImpl::_buy_song
FN:297,noteblock::noteblock_studio::NBStudio::StudioInternalImpl::_mint_album
FNDA:0,noteblock::noteblock_studio::NBStudio::StudioInternalImpl::_mint_album
FN:261,noteblock::noteblock_studio::NBStudio::StudioInternalImpl::_mint_song
FNDA:0,noteblock::noteblock_studio::NBStudio::StudioInternalImpl::_mint_song
FN:206,noteblock::noteblock_studio::NBStudio::__wrapper__NBStudioImpl__buy_album
FNDA:0,noteblock::noteblock_studio::NBStudio::__wrapper__NBStudioImpl__buy_album
FN:190,noteblock::noteblock_studio::NBStudio::__wrapper__NBStudioImpl__buy_song
FNDA:0,noteblock::noteblock_studio::NBStudio::__wrapper__NBStudioImpl__buy_song
FN:241,noteblock::noteblock_studio::NBStudio::__wrapper__NBStudioImpl__get_album
FNDA:0,noteblock::noteblock_studio::NBStudio::__wrapper__NBStudioImpl__get_album
FN:223,noteblock::noteblock_studio::NBStudio::__wrapper__NBStudioImpl__get_song
FNDA:0,noteblock::noteblock_studio::NBStudio::__wrapper__NBStudioImpl__get_song
FN:181,noteblock::noteblock_studio::NBStudio::__wrapper__NBStudioImpl__mint_album
FNDA:0,noteblock::noteblock_studio::NBStudio::__wrapper__NBStudioImpl__mint_album
FN:174,noteblock::noteblock_studio::NBStudio::__wrapper__NBStudioImpl__mint_song
FNDA:0,noteblock::noteblock_studio::NBStudio::__wrapper__NBStudioImpl__mint_song
FN:166,noteblock::noteblock_studio::NBStudio::__wrapper__constructor
FNDA:1,noteblock::noteblock_studio::NBStudio::__wrapper__constructor
FN:168,noteblock::noteblock_studio::NBStudio::constructor
FNDA:1,noteblock::noteblock_studio::NBStudio::constructor
FN:85,noteblock::noteblock_studio::NBStudio::unsafe_new_contract_state
FNDA:1,noteblock::noteblock_studio::NBStudio::unsafe_new_contract_state
FN:5,noteblock::noteblock_studio::SongCreateClone::clone
FNDA:0,noteblock::noteblock_studio::SongCreateClone::clone
FN:5,noteblock::noteblock_studio::SongCreateSerde::deserialize
FNDA:0,noteblock::noteblock_studio::SongCreateSerde::deserialize
FN:5,noteblock::noteblock_studio::SongCreateSerde::serialize
FNDA:0,noteblock::noteblock_studio::SongCreateSerde::serialize
FN:245,noteblock::noteblock_studio::array_inline_macro
FNDA:0,noteblock::noteblock_studio::array_inline_macro
FNF:36
FNH:7
DA:5,0
DA:59,1
DA:75,1
DA:78,0
DA:85,1
DA:103,0
DA:114,0
DA:128,1
DA:139,0
DA:146,0
DA:153,0
DA:159,0
DA:166,1
DA:168,1
DA:169,1
DA:174,0
DA:176,1
DA:178,0
DA:181,0
DA:183,0
DA:185,0
DA:187,0
DA:190,0
DA:192,0
DA:195,0
DA:198,0
DA:206,0
DA:208,0
DA:210,0
DA:212,0
DA:213,0
DA:214,0
DA:217,0
DA:220,0
DA:223,0
DA:225,0
DA:229,0
DA:230,0
DA:231,0
DA:232,0
DA:233,0
DA:234,0
DA:235,0
DA:241,0
DA:243,0
DA:245,0
DA:248,0
DA:249,0
DA:250,0
DA:261,0
DA:262,0
DA:266,0
DA:267,0
DA:268,0
DA:269,0
DA:270,0
DA:271,0
DA:272,0
DA:273,0
DA:277,0
DA:280,0
DA:281,0
DA:282,0
DA:283,0
DA:289,0
DA:292,0
DA:297,0
DA:304,0
DA:305,0
DA:306,0
DA:307,0
DA:308,0
DA:310,0
DA:318,0
DA:320,0
DA:322,0
DA:324,0
DA:328,0
DA:331,0
DA:332,0
DA:336,0
LF:81
LH:8
end_of_record
TN:
SF:/mnt/c/Users/stuar/onedrive/documents/github/noteblock/noteblock-contract/tests/test_noteblock_factory.cairo
FN:8,noteblock_integrationtest::test_noteblock_factory::array_inline_macro
FNDA:1,noteblock_integrationtest::test_noteblock_factory::array_inline_macro
FN:9,noteblock_integrationtest::test_noteblock_factory::deploy_noteblock_factory
FNDA:1,noteblock_integrationtest::test_noteblock_factory::deploy_noteblock_factory
FN:29,noteblock_integrationtest::test_noteblock_factory::validate_studio_data
FNDA:1,noteblock_integrationtest::test_noteblock_factory::validate_studio_data
FNF:3
FNH:3
DA:8,0
DA:9,1
DA:10,1
DA:11,1
DA:13,1
DA:15,1
DA:16,1
DA:17,1
DA:18,1
DA:19,1
DA:21,1
DA:29,1
DA:30,1
DA:31,1
DA:32,1
LF:15
LH:14
end_of_record
TN:
SF:/mnt/c/Users/stuar/onedrive/documents/github/noteblock/noteblock-contract/src/noteblock_factory.cairo
FN:12,noteblock::noteblock_factory::INoteblockFactoryDispatcherImpl::create_studio
FNDA:1,noteblock::noteblock_factory::INoteblockFactoryDispatcherImpl::create_studio
FN:12,noteblock::noteblock_factory::INoteblockFactoryDispatcherImpl::get_studio
FNDA:1,noteblock::noteblock_factory::INoteblockFactoryDispatcherImpl::get_studio
FN:12,noteblock::noteblock_factory::INoteblockFactoryDispatcherImpl::mint_song
FNDA:1,noteblock::noteblock_factory::INoteblockFactoryDispatcherImpl::mint_song
FN:30,noteblock::noteblock_factory::NBFactory::ContractStateEventEmitter::emit
FNDA:1,noteblock::noteblock_factory::NBFactory::ContractStateEventEmitter::emit
FN:41,noteblock::noteblock_factory::NBFactory::ContractStateOwnableMixinImpl::unsafe_new_contract_state
FNDA:0,noteblock::noteblock_factory::NBFactory::ContractStateOwnableMixinImpl::unsafe_new_contract_state
FN:57,noteblock::noteblock_factory::NBFactory::EventIsEvent::append_keys_and_data
FNDA:1,noteblock::noteblock_factory::NBFactory::EventIsEvent::append_keys_and_data
FN:38,noteblock::noteblock_factory::NBFactory::HasComponentImpl_OwnableComponent::emit
FNDA:1,noteblock::noteblock_factory::NBFactory::HasComponentImpl_OwnableComponent::emit
FN:38,noteblock::noteblock_factory::NBFactory::HasComponentImpl_OwnableComponent::get_component
FNDA:1,noteblock::noteblock_factory::NBFactory::HasComponentImpl_OwnableComponent::get_component
FN:38,noteblock::noteblock_factory::NBFactory::HasComponentImpl_OwnableComponent::get_component_mut
FNDA:0,noteblock::noteblock_factory::NBFactory::HasComponentImpl_OwnableComponent::get_component_mut
FN:38,noteblock::noteblock_factory::NBFactory::HasComponentImpl_OwnableComponent::get_contract_mut
FNDA:1,noteblock::noteblock_factory::NBFactory::HasComponentImpl_OwnableComponent::get_contract_mut
FN:91,noteblock::noteblock_factory::NBFactory::NBFactoryImpl::create_studio
FNDA:1,noteblock::noteblock_factory::NBFactory::NBFactoryImpl::create_studio
FN:153,noteblock::noteblock_factory::NBFactory::NBFactoryImpl::get_studio
FNDA:1,noteblock::noteblock_factory::NBFactory::NBFactoryImpl::get_studio
FN:119,noteblock::noteblock_factory::NBFactory::NBFactoryImpl::mint_song
FNDA:1,noteblock::noteblock_factory::NBFactory::NBFactoryImpl::mint_song
FN:71,noteblock::noteblock_factory::NBFactory::NewSongCreatedIsEvent::append_keys_and_data
FNDA:0,noteblock::noteblock_factory::NBFactory::NewSongCreatedIsEvent::append_keys_and_data
FN:65,noteblock::noteblock_factory::NBFactory::NewStudioCreatedIsEvent::append_keys_and_data
FNDA:0,noteblock::noteblock_factory::NBFactory::NewStudioCreatedIsEvent::append_keys_and_data
FN:161,noteblock::noteblock_factory::NBFactory::StudioInternalImpl::assert_only_registered_studio
FNDA:1,noteblock::noteblock_factory::NBFactory::StudioInternalImpl::assert_only_registered_studio
FN:88,noteblock::noteblock_factory::NBFactory::__wrapper__NBFactoryImpl__create_studio
FNDA:1,noteblock::noteblock_factory::NBFactory::__wrapper__NBFactoryImpl__create_studio
FN:152,noteblock::noteblock_factory::NBFactory::__wrapper__NBFactoryImpl__get_studio
FNDA:1,noteblock::noteblock_factory::NBFactory::__wrapper__NBFactoryImpl__get_studio
FN:118,noteblock::noteblock_factory::NBFactory::__wrapper__NBFactoryImpl__mint_song
FNDA:1,noteblock::noteblock_factory::NBFactory::__wrapper__NBFactoryImpl__mint_song
FN:78,noteblock::noteblock_factory::NBFactory::__wrapper__constructor
FNDA:1,noteblock::noteblock_factory::NBFactory::__wrapper__constructor
FN:80,noteblock::noteblock_factory::NBFactory::constructor
FNDA:1,noteblock::noteblock_factory::NBFactory::constructor
FN:49,noteblock::noteblock_factory::NBFactory::unsafe_new_contract_state
FNDA:1,noteblock::noteblock_factory::NBFactory::unsafe_new_contract_state
FN:3,noteblock::noteblock_factory::StudioDataClone::clone
FNDA:1,noteblock::noteblock_factory::StudioDataClone::clone
FN:3,noteblock::noteblock_factory::StudioDataSerde::deserialize
FNDA:1,noteblock::noteblock_factory::StudioDataSerde::deserialize
FN:3,noteblock::noteblock_factory::StudioDataSerde::serialize
FNDA:1,noteblock::noteblock_factory::StudioDataSerde::serialize
FN:3,noteblock::noteblock_factory::StudioDataStore::read
FNDA:1,noteblock::noteblock_factory::StudioDataStore::read
FN:3,noteblock::noteblock_factory::StudioDataStore::write
FNDA:1,noteblock::noteblock_factory::StudioDataStore::write
FN:94,noteblock::noteblock_factory::array_inline_macro
FNDA:1,noteblock::noteblock_factory::array_inline_macro
FNF:28
FNH:24
DA:3,5
DA:12,3
DA:30,1
DA:38,3
DA:41,0
DA:49,1
DA:57,1
DA:65,0
DA:71,0
DA:78,1
DA:80,0
DA:81,1
DA:82,1
DA:83,1
DA:88,1
DA:91,1
DA:94,1
DA:95,1
DA:96,1
DA:97,1
DA:99,1
DA:100,1
DA:103,1
DA:106,1
DA:108,1
DA:118,1
DA:119,0
DA:121,1
DA:124,1
DA:127,1
DA:130,1
DA:132,1
DA:134,1
DA:135,1
DA:138,1
DA:142,1
DA:152,1
DA:153,1
DA:161,1
LF:39
LH:34
end_of_record
TN:
SF:/mnt/c/Users/stuar/onedrive/documents/github/noteblock/noteblock-contract/src/noteblock_song.cairo
FN:4,noteblock::noteblock_song::INoteblockSongDispatcherImpl::mint
FNDA:0,noteblock::noteblock_song::INoteblockSongDispatcherImpl::mint
FN:22,noteblock::noteblock_song::NoteblockSong::ContractStateERC1155MixinImpl::unsafe_new_contract_state
FNDA:0,noteblock::noteblock_song::NoteblockSong::ContractStateERC1155MixinImpl::unsafe_new_contract_state
FN:10,noteblock::noteblock_song::NoteblockSong::ContractStateEventEmitter::emit
FNDA:0,noteblock::noteblock_song::NoteblockSong::ContractStateEventEmitter::emit
FN:37,noteblock::noteblock_song::NoteblockSong::EventIsEvent::append_keys_and_data
FNDA:1,noteblock::noteblock_song::NoteblockSong::EventIsEvent::append_keys_and_data
FN:18,noteblock::noteblock_song::NoteblockSong::HasComponentImpl_ERC1155Component::emit
FNDA:1,noteblock::noteblock_song::NoteblockSong::HasComponentImpl_ERC1155Component::emit
FN:18,noteblock::noteblock_song::NoteblockSong::HasComponentImpl_ERC1155Component::get_component
FNDA:0,noteblock::noteblock_song::NoteblockSong::HasComponentImpl_ERC1155Component::get_component
FN:18,noteblock::noteblock_song::NoteblockSong::HasComponentImpl_ERC1155Component::get_component_mut
FNDA:0,noteblock::noteblock_song::NoteblockSong::HasComponentImpl_ERC1155Component::get_component_mut
FN:18,noteblock::noteblock_song::NoteblockSong::HasComponentImpl_ERC1155Component::get_contract
FNDA:0,noteblock::noteblock_song::NoteblockSong::HasComponentImpl_ERC1155Component::get_contract
FN:18,noteblock::noteblock_song::NoteblockSong::HasComponentImpl_ERC1155Component::get_contract_mut
FNDA:1,noteblock::noteblock_song::NoteblockSong::HasComponentImpl_ERC1155Component::get_contract_mut
FN:19,noteblock::noteblock_song::NoteblockSong::HasComponentImpl_SRC5Component::get_component
FNDA:0,noteblock::noteblock_song::NoteblockSong::HasComponentImpl_SRC5Component::get_component
FN:19,noteblock::noteblock_song::NoteblockSong::HasComponentImpl_SRC5Component::get_component_mut
FNDA:1,noteblock::noteblock_song::NoteblockSong::HasComponentImpl_SRC5Component::get_component_mut
FN:80,noteblock::noteblock_song::NoteblockSong::NoteBlocksongImpl::artist
FNDA:0,noteblock::noteblock_song::NoteblockSong::NoteBlocksongImpl::artist
FN:59,noteblock::noteblock_song::NoteblockSong::NoteBlocksongImpl::mint
FNDA:1,noteblock::noteblock_song::NoteblockSong::NoteBlocksongImpl::mint
FN:79,noteblock::noteblock_song::NoteblockSong::__wrapper__NoteBlocksongImpl__artist
FNDA:0,noteblock::noteblock_song::NoteblockSong::__wrapper__NoteBlocksongImpl__artist
FN:58,noteblock::noteblock_song::NoteblockSong::__wrapper__NoteBlocksongImpl__mint
FNDA:0,noteblock::noteblock_song::NoteblockSong::__wrapper__NoteBlocksongImpl__mint
FN:45,noteblock::noteblock_song::NoteblockSong::__wrapper__constructor
FNDA:1,noteblock::noteblock_song::NoteblockSong::__wrapper__constructor
FN:51,noteblock::noteblock_song::NoteblockSong::constructor
FNDA:1,noteblock::noteblock_song::NoteblockSong::constructor
FN:28,noteblock::noteblock_song::NoteblockSong::unsafe_new_contract_state
FNDA:1,noteblock::noteblock_song::NoteblockSong::unsafe_new_contract_state
FN:61,noteblock::noteblock_song::array_inline_macro
FNDA:0,noteblock::noteblock_song::array_inline_macro
FNF:19
FNH:8
DA:4,0
DA:10,0
DA:18,2
DA:19,1
DA:22,0
DA:28,1
DA:30,1
DA:37,1
DA:45,1
DA:51,0
DA:52,1
DA:58,0
DA:59,1
DA:61,0
DA:62,0
DA:66,0
DA:69,0
DA:70,0
DA:71,0
DA:72,0
DA:73,0
DA:76,0
DA:79,0
DA:80,0
LF:24
LH:8
end_of_record
TN:
SF:/mnt/c/Users/stuar/onedrive/documents/github/noteblock/noteblock-contract/src/noteblock_studio.cairo
FN:159,noteblock::noteblock_studio::NBStudio::AlbumBoughtIsEvent::append_keys_and_data
FNDA:0,noteblock::noteblock_studio::NBStudio::AlbumBoughtIsEvent::append_keys_and_data
FN:146,noteblock::noteblock_studio::NBStudio::AlbumCreatedIsEvent::append_keys_and_data
FNDA:0,noteblock::noteblock_studio::NBStudio::AlbumCreatedIsEvent::append_keys_and_data
FN:59,noteblock::noteblock_studio::NBStudio::ContractStateEventEmitter::emit
FNDA:1,noteblock::noteblock_studio::NBStudio::ContractStateEventEmitter::emit
FN:78,noteblock::noteblock_studio::NBStudio::ContractStateOwnableMixinImpl::unsafe_new_contract_state
FNDA:0,noteblock::noteblock_studio::NBStudio::ContractStateOwnableMixinImpl::unsafe_new_contract_state
FN:128,noteblock::noteblock_studio::NBStudio::EventIsEvent::append_keys_and_data
FNDA:1,noteblock::noteblock_studio::NBStudio::EventIsEvent::append_keys_and_data
FN:75,noteblock::noteblock_studio::NBStudio::HasComponentImpl_OwnableComponent::emit
FNDA:1,noteblock::noteblock_studio::NBStudio::HasComponentImpl_OwnableComponent::emit
FN:75,noteblock::noteblock_studio::NBStudio::HasComponentImpl_OwnableComponent::get_component
FNDA:0,noteblock::noteblock_studio::NBStudio::HasComponentImpl_OwnableComponent::get_component
FN:75,noteblock::noteblock_studio::NBStudio::HasComponentImpl_OwnableComponent::get_component_mut
FNDA:0,noteblock::noteblock_studio::NBStudio::HasComponentImpl_OwnableComponent::get_component_mut
FN:75,noteblock::noteblock_studio::NBStudio::HasComponentImpl_OwnableComponent::get_contract_mut
FNDA:0,noteblock::noteblock_studio::NBStudio::HasComponentImpl_OwnableComponent::get_contract_mut
FN:208,noteblock::noteblock_studio::NBStudio::NBStudioImpl::buy_album
FNDA:0,noteblock::noteblock_studio::NBStudio::NBStudioImpl::buy_album
FN:192,noteblock::noteblock_studio::NBStudio::NBStudioImpl::buy_song
FNDA:0,noteblock::noteblock_studio::NBStudio::NBStudioImpl::buy_song
FN:243,noteblock::noteblock_studio::NBStudio::NBStudioImpl::get_album
FNDA:0,noteblock::noteblock_studio::NBStudio::NBStudioImpl::get_album
FN:225,noteblock::noteblock_studio::NBStudio::NBStudioImpl::get_song
FNDA:0,noteblock::noteblock_studio::NBStudio::NBStudioImpl::get_song
FN:183,noteblock::noteblock_studio::NBStudio::NBStudioImpl::mint_album
FNDA:0,noteblock::noteblock_studio::NBStudio::NBStudioImpl::mint_album
FN:176,noteblock::noteblock_studio::NBStudio::NBStudioImpl::mint_song
FNDA:1,noteblock::noteblock_studio::NBStudio::NBStudioImpl::mint_song
FN:153,noteblock::noteblock_studio::NBStudio::SongBoughtIsEvent::append_keys_and_data
FNDA:0,noteblock::noteblock_studio::NBStudio::SongBoughtIsEvent::append_keys_and_data
FN:139,noteblock::noteblock_studio::NBStudio::SongCreatedIsEvent::append_keys_and_data
FNDA:0,noteblock::noteblock_studio::NBStudio::SongCreatedIsEvent::append_keys_and_data
FN:103,noteblock::noteblock_studio::NBStudio::SongNodeStorageNodeImpl::storage_node
FNDA:0,noteblock::noteblock_studio::NBStudio::SongNodeStorageNodeImpl::storage_node
FN:103,noteblock::noteblock_studio::NBStudio::SongNodeStorageNodeMutImpl::storage_node_mut
FNDA:0,noteblock::noteblock_studio::NBStudio::SongNodeStorageNodeMutImpl::storage_node_mut
FN:114,noteblock::noteblock_studio::NBStudio::SongSerde::serialize
FNDA:0,noteblock::noteblock_studio::NBStudio::SongSerde::serialize
FN:318,noteblock::noteblock_studio::NBStudio::StudioInternalImpl::_buy_song
FNDA:0,noteblock::noteblock_studio::NBStudio::StudioInternalImpl::_buy_song
FN:297,noteblock::noteblock_studio::NBStudio::StudioInternalImpl::_mint_album
FNDA:0,noteblock::noteblock_studio::NBStudio::StudioInternalImpl::_mint_album
FN:261,noteblock::noteblock_studio::NBStudio::StudioInternalImpl::_mint_song
FNDA:0,noteblock::noteblock_studio::NBStudio::StudioInternalImpl::_mint_song
FN:206,noteblock::noteblock_studio::NBStudio::__wrapper__NBStudioImpl__buy_album
FNDA:0,noteblock::noteblock_studio::NBStudio::__wrapper__NBStudioImpl__buy_album
FN:190,noteblock::noteblock_studio::NBStudio::__wrapper__NBStudioImpl__buy_song
FNDA:0,noteblock::noteblock_studio::NBStudio::__wrapper__NBStudioImpl__buy_song
FN:241,noteblock::noteblock_studio::NBStudio::__wrapper__NBStudioImpl__get_album
FNDA:0,noteblock::noteblock_studio::NBStudio::__wrapper__NBStudioImpl__get_album
FN:223,noteblock::noteblock_studio::NBStudio::__wrapper__NBStudioImpl__get_song
FNDA:0,noteblock::noteblock_studio::NBStudio::__wrapper__NBStudioImpl__get_song
FN:181,noteblock::noteblock_studio::NBStudio::__wrapper__NBStudioImpl__mint_album
FNDA:0,noteblock::noteblock_studio::NBStudio::__wrapper__NBStudioImpl__mint_album
FN:174,noteblock::noteblock_studio::NBStudio::__wrapper__NBStudioImpl__mint_song
FNDA:0,noteblock::noteblock_studio::NBStudio::__wrapper__NBStudioImpl__mint_song
FN:166,noteblock::noteblock_studio::NBStudio::__wrapper__constructor
FNDA:1,noteblock::noteblock_studio::NBStudio::__wrapper__constructor
FN:168,noteblock::noteblock_studio::NBStudio::constructor
FNDA:1,noteblock::noteblock_studio::NBStudio::constructor
FN:85,noteblock::noteblock_studio::NBStudio::unsafe_new_contract_state
FNDA:1,noteblock::noteblock_studio::NBStudio::unsafe_new_contract_state
FN:5,noteblock::noteblock_studio::SongCreateClone::clone
FNDA:0,noteblock::noteblock_studio::SongCreateClone::clone
FN:5,noteblock::noteblock_studio::SongCreateSerde::deserialize
FNDA:0,noteblock::noteblock_studio::SongCreateSerde::deserialize
FN:5,noteblock::noteblock_studio::SongCreateSerde::serialize
FNDA:0,noteblock::noteblock_studio::SongCreateSerde::serialize
FN:245,noteblock::noteblock_studio::array_inline_macro
FNDA:0,noteblock::noteblock_studio::array_inline_macro
FNF:36
FNH:7
DA:5,0
DA:59,1
DA:75,1
DA:78,0
DA:85,1
DA:103,0
DA:114,0
DA:128,1
DA:139,0
DA:146,0
DA:153,0
DA:159,0
DA:166,1
DA:168,1
DA:169,1
DA:174,0
DA:176,1
DA:178,0
DA:181,0
DA:183,0
DA:185,0
DA:187,0
DA:190,0
DA:192,0
DA:195,0
DA:198,0
DA:206,0
DA:208,0
DA:210,0
DA:212,0
DA:213,0
DA:214,0
DA:217,0
DA:220,0
DA:223,0
DA:225,0
DA:229,0
DA:230,0
DA:231,0
DA:232,0
DA:233,0
DA:234,0
DA:235,0
DA:241,0
DA:243,0
DA:245,0
DA:248,0
DA:249,0
DA:250,0
DA:261,0
DA:262,0
DA:266,0
DA:267,0
DA:268,0
DA:269,0
DA:270,0
DA:271,0
DA:272,0
DA:273,0
DA:277,0
DA:280,0
DA:281,0
DA:282,0
DA:283,0
DA:289,0
DA:292,0
DA:297,0
DA:304,0
DA:305,0
DA:306,0
DA:307,0
DA:308,0
DA:310,0
DA:318,0
DA:320,0
DA:322,0
DA:324,0
DA:328,0
DA:331,0
DA:332,0
DA:336,0
LF:81
LH:8
end_of_record
TN:
SF:/mnt/c/Users/stuar/onedrive/documents/github/noteblock/noteblock-contract/tests/test_noteblock_factory.cairo
FN:8,noteblock_integrationtest::test_noteblock_factory::array_inline_macro
FNDA:1,noteblock_integrationtest::test_noteblock_factory::array_inline_macro
FN:35,noteblock_integrationtest::test_noteblock_factory::assert_eq_macro
FNDA:1,noteblock_integrationtest::test_noteblock_factory::assert_eq_macro
FN:10,noteblock_integrationtest::test_noteblock_factory::deploy_noteblock_factory
FNDA:1,noteblock_integrationtest::test_noteblock_factory::deploy_noteblock_factory
FN:29,noteblock_integrationtest::test_noteblock_factory::validate_studio_data
FNDA:1,noteblock_integrationtest::test_noteblock_factory::validate_studio_data
FN:35,noteblock_integrationtest::test_noteblock_factory::write_macro
FNDA:0,noteblock_integrationtest::test_noteblock_factory::write_macro
FN:35,noteblock_integrationtest::test_noteblock_factory::writeln_macro
FNDA:0,noteblock_integrationtest::test_noteblock_factory::writeln_macro
FNF:6
FNH:4
DA:8,0
DA:10,1
DA:11,1
DA:12,1
DA:14,1
DA:16,1
DA:17,1
DA:18,1
DA:19,1
DA:20,1
DA:22,1
DA:29,1
DA:30,1
DA:31,1
DA:32,1
DA:35,1
DA:36,1
LF:17
LH:16
end_of_record
TN:
SF:/mnt/c/Users/stuar/onedrive/documents/github/noteblock/noteblock-contract/src/noteblock_factory.cairo
FN:12,noteblock::noteblock_factory::INoteblockFactoryDispatcherImpl::create_studio
FNDA:1,noteblock::noteblock_factory::INoteblockFactoryDispatcherImpl::create_studio
FN:12,noteblock::noteblock_factory::INoteblockFactoryDispatcherImpl::get_studio
FNDA:1,noteblock::noteblock_factory::INoteblockFactoryDispatcherImpl::get_studio
FN:12,noteblock::noteblock_factory::INoteblockFactoryDispatcherImpl::mint_song
FNDA:1,noteblock::noteblock_factory::INoteblockFactoryDispatcherImpl::mint_song
FN:30,noteblock::noteblock_factory::NBFactory::ContractStateEventEmitter::emit
FNDA:1,noteblock::noteblock_factory::NBFactory::ContractStateEventEmitter::emit
FN:41,noteblock::noteblock_factory::NBFactory::ContractStateOwnableMixinImpl::unsafe_new_contract_state
FNDA:0,noteblock::noteblock_factory::NBFactory::ContractStateOwnableMixinImpl::unsafe_new_contract_state
FN:57,noteblock::noteblock_factory::NBFactory::EventIsEvent::append_keys_and_data
FNDA:1,noteblock::noteblock_factory::NBFactory::EventIsEvent::append_keys_and_data
FN:38,noteblock::noteblock_factory::NBFactory::HasComponentImpl_OwnableComponent::emit
FNDA:1,noteblock::noteblock_factory::NBFactory::HasComponentImpl_OwnableComponent::emit
FN:38,noteblock::noteblock_factory::NBFactory::HasComponentImpl_OwnableComponent::get_component
FNDA:1,noteblock::noteblock_factory::NBFactory::HasComponentImpl_OwnableComponent::get_component
FN:38,noteblock::noteblock_factory::NBFactory::HasComponentImpl_OwnableComponent::get_component_mut
FNDA:0,noteblock::noteblock_factory::NBFactory::HasComponentImpl_OwnableComponent::get_component_mut
FN:38,noteblock::noteblock_factory::NBFactory::HasComponentImpl_OwnableComponent::get_contract_mut
FNDA:1,noteblock::noteblock_factory::NBFactory::HasComponentImpl_OwnableComponent::get_contract_mut
FN:91,noteblock::noteblock_factory::NBFactory::NBFactoryImpl::create_studio
FNDA:1,noteblock::noteblock_factory::NBFactory::NBFactoryImpl::create_studio
FN:153,noteblock::noteblock_factory::NBFactory::NBFactoryImpl::get_studio
FNDA:1,noteblock::noteblock_factory::NBFactory::NBFactoryImpl::get_studio
FN:119,noteblock::noteblock_factory::NBFactory::NBFactoryImpl::mint_song
FNDA:1,noteblock::noteblock_factory::NBFactory::NBFactoryImpl::mint_song
FN:71,noteblock::noteblock_factory::NBFactory::NewSongCreatedIsEvent::append_keys_and_data
FNDA:0,noteblock::noteblock_factory::NBFactory::NewSongCreatedIsEvent::append_keys_and_data
FN:65,noteblock::noteblock_factory::NBFactory::NewStudioCreatedIsEvent::append_keys_and_data
FNDA:0,noteblock::noteblock_factory::NBFactory::NewStudioCreatedIsEvent::append_keys_and_data
FN:88,noteblock::noteblock_factory::NBFactory::__wrapper__NBFactoryImpl__create_studio
FNDA:1,noteblock::noteblock_factory::NBFactory::__wrapper__NBFactoryImpl__create_studio
FN:152,noteblock::noteblock_factory::NBFactory::__wrapper__NBFactoryImpl__get_studio
FNDA:1,noteblock::noteblock_factory::NBFactory::__wrapper__NBFactoryImpl__get_studio
FN:118,noteblock::noteblock_factory::NBFactory::__wrapper__NBFactoryImpl__mint_song
FNDA:1,noteblock::noteblock_factory::NBFactory::__wrapper__NBFactoryImpl__mint_song
FN:78,noteblock::noteblock_factory::NBFactory::__wrapper__constructor
FNDA:1,noteblock::noteblock_factory::NBFactory::__wrapper__constructor
FN:80,noteblock::noteblock_factory::NBFactory::constructor
FNDA:1,noteblock::noteblock_factory::NBFactory::constructor
FN:49,noteblock::noteblock_factory::NBFactory::unsafe_new_contract_state
FNDA:1,noteblock::noteblock_factory::NBFactory::unsafe_new_contract_state
FN:3,noteblock::noteblock_factory::StudioDataClone::clone
FNDA:1,noteblock::noteblock_factory::StudioDataClone::clone
FN:3,noteblock::noteblock_factory::StudioDataSerde::deserialize
FNDA:1,noteblock::noteblock_factory::StudioDataSerde::deserialize
FN:3,noteblock::noteblock_factory::StudioDataSerde::serialize
FNDA:1,noteblock::noteblock_factory::StudioDataSerde::serialize
FN:3,noteblock::noteblock_factory::StudioDataStore::read
FNDA:1,noteblock::noteblock_factory::StudioDataStore::read
FN:3,noteblock::noteblock_factory::StudioDataStore::write
FNDA:1,noteblock::noteblock_factory::StudioDataStore::write
FN:94,noteblock::noteblock_factory::array_inline_macro
FNDA:1,noteblock::noteblock_factory::array_inline_macro
FNF:27
FNH:23
DA:3,5
DA:12,3
DA:30,1
DA:38,3
DA:41,0
DA:49,1
DA:57,1
DA:65,0
DA:71,0
DA:78,1
DA:80,0
DA:81,1
DA:82,1
DA:83,1
DA:88,1
DA:91,1
DA:94,1
DA:95,1
DA:96,1
DA:97,1
DA:99,1
DA:100,1
DA:103,1
DA:106,1
DA:108,1
DA:118,1
DA:119,0
DA:121,1
DA:124,1
DA:127,1
DA:130,1
DA:132,1
DA:134,1
DA:135,1
DA:138,1
DA:142,1
DA:152,1
DA:153,1
LF:38
LH:33
end_of_record
TN:
SF:/mnt/c/Users/stuar/onedrive/documents/github/noteblock/noteblock-contract/src/noteblock_song.cairo
FN:4,noteblock::noteblock_song::INoteblockSongDispatcherImpl::mint
FNDA:0,noteblock::noteblock_song::INoteblockSongDispatcherImpl::mint
FN:22,noteblock::noteblock_song::NoteblockSong::ContractStateERC1155MixinImpl::unsafe_new_contract_state
FNDA:0,noteblock::noteblock_song::NoteblockSong::ContractStateERC1155MixinImpl::unsafe_new_contract_state
FN:10,noteblock::noteblock_song::NoteblockSong::ContractStateEventEmitter::emit
FNDA:0,noteblock::noteblock_song::NoteblockSong::ContractStateEventEmitter::emit
FN:37,noteblock::noteblock_song::NoteblockSong::EventIsEvent::append_keys_and_data
FNDA:1,noteblock::noteblock_song::NoteblockSong::EventIsEvent::append_keys_and_data
FN:18,noteblock::noteblock_song::NoteblockSong::HasComponentImpl_ERC1155Component::emit
FNDA:1,noteblock::noteblock_song::NoteblockSong::HasComponentImpl_ERC1155Component::emit
FN:18,noteblock::noteblock_song::NoteblockSong::HasComponentImpl_ERC1155Component::get_component
FNDA:0,noteblock::noteblock_song::NoteblockSong::HasComponentImpl_ERC1155Component::get_component
FN:18,noteblock::noteblock_song::NoteblockSong::HasComponentImpl_ERC1155Component::get_component_mut
FNDA:0,noteblock::noteblock_song::NoteblockSong::HasComponentImpl_ERC1155Component::get_component_mut
FN:18,noteblock::noteblock_song::NoteblockSong::HasComponentImpl_ERC1155Component::get_contract
FNDA:0,noteblock::noteblock_song::NoteblockSong::HasComponentImpl_ERC1155Component::get_contract
FN:18,noteblock::noteblock_song::NoteblockSong::HasComponentImpl_ERC1155Component::get_contract_mut
FNDA:1,noteblock::noteblock_song::NoteblockSong::HasComponentImpl_ERC1155Component::get_contract_mut
FN:19,noteblock::noteblock_song::NoteblockSong::HasComponentImpl_SRC5Component::get_component
FNDA:0,noteblock::noteblock_song::NoteblockSong::HasComponentImpl_SRC5Component::get_component
FN:19,noteblock::noteblock_song::NoteblockSong::HasComponentImpl_SRC5Component::get_component_mut
FNDA:1,noteblock::noteblock_song::NoteblockSong::HasComponentImpl_SRC5Component::get_component_mut
FN:80,noteblock::noteblock_song::NoteblockSong::NoteBlocksongImpl::artist
FNDA:0,noteblock::noteblock_song::NoteblockSong::NoteBlocksongImpl::artist
FN:59,noteblock::noteblock_song::NoteblockSong::NoteBlocksongImpl::mint
FNDA:1,noteblock::noteblock_song::NoteblockSong::NoteBlocksongImpl::mint
FN:79,noteblock::noteblock_song::NoteblockSong::__wrapper__NoteBlocksongImpl__artist
FNDA:0,noteblock::noteblock_song::NoteblockSong::__wrapper__NoteBlocksongImpl__artist
FN:58,noteblock::noteblock_song::NoteblockSong::__wrapper__NoteBlocksongImpl__mint
FNDA:0,noteblock::noteblock_song::NoteblockSong::__wrapper__NoteBlocksongImpl__mint
FN:45,noteblock::noteblock_song::NoteblockSong::__wrapper__constructor
FNDA:1,noteblock::noteblock_song::NoteblockSong::__wrapper__constructor
FN:51,noteblock::noteblock_song::NoteblockSong::constructor
FNDA:1,noteblock::noteblock_song::NoteblockSong::constructor
FN:28,noteblock::noteblock_song::NoteblockSong::unsafe_new_contract_state
FNDA:1,noteblock::noteblock_song::NoteblockSong::unsafe_new_contract_state
FN:61,noteblock::noteblock_song::array_inline_macro
FNDA:0,noteblock::noteblock_song::array_inline_macro
FNF:19
FNH:8
DA:4,0
DA:10,0
DA:18,2
DA:19,1
DA:22,0
DA:28,1
DA:30,1
DA:37,1
DA:45,1
DA:51,0
DA:52,1
DA:58,0
DA:59,1
DA:61,0
DA:62,0
DA:66,0
DA:69,0
DA:70,0
DA:71,0
DA:72,0
DA:73,0
DA:76,0
DA:79,0
DA:80,0
LF:24
LH:8
end_of_record
TN:
SF:/mnt/c/Users/stuar/onedrive/documents/github/noteblock/noteblock-contract/src/noteblock_studio.cairo
FN:159,noteblock::noteblock_studio::NBStudio::AlbumBoughtIsEvent::append_keys_and_data
FNDA:0,noteblock::noteblock_studio::NBStudio::AlbumBoughtIsEvent::append_keys_and_data
FN:146,noteblock::noteblock_studio::NBStudio::AlbumCreatedIsEvent::append_keys_and_data
FNDA:0,noteblock::noteblock_studio::NBStudio::AlbumCreatedIsEvent::append_keys_and_data
FN:59,noteblock::noteblock_studio::NBStudio::ContractStateEventEmitter::emit
FNDA:1,noteblock::noteblock_studio::NBStudio::ContractStateEventEmitter::emit
FN:78,noteblock::noteblock_studio::NBStudio::ContractStateOwnableMixinImpl::unsafe_new_contract_state
FNDA:0,noteblock::noteblock_studio::NBStudio::ContractStateOwnableMixinImpl::unsafe_new_contract_state
FN:128,noteblock::noteblock_studio::NBStudio::EventIsEvent::append_keys_and_data
FNDA:1,noteblock::noteblock_studio::NBStudio::EventIsEvent::append_keys_and_data
FN:75,noteblock::noteblock_studio::NBStudio::HasComponentImpl_OwnableComponent::emit
FNDA:1,noteblock::noteblock_studio::NBStudio::HasComponentImpl_OwnableComponent::emit
FN:75,noteblock::noteblock_studio::NBStudio::HasComponentImpl_OwnableComponent::get_component
FNDA:0,noteblock::noteblock_studio::NBStudio::HasComponentImpl_OwnableComponent::get_component
FN:75,noteblock::noteblock_studio::NBStudio::HasComponentImpl_OwnableComponent::get_component_mut
FNDA:0,noteblock::noteblock_studio::NBStudio::HasComponentImpl_OwnableComponent::get_component_mut
FN:75,noteblock::noteblock_studio::NBStudio::HasComponentImpl_OwnableComponent::get_contract_mut
FNDA:0,noteblock::noteblock_studio::NBStudio::HasComponentImpl_OwnableComponent::get_contract_mut
FN:208,noteblock::noteblock_studio::NBStudio::NBStudioImpl::buy_album
FNDA:0,noteblock::noteblock_studio::NBStudio::NBStudioImpl::buy_album
FN:192,noteblock::noteblock_studio::NBStudio::NBStudioImpl::buy_song
FNDA:0,noteblock::noteblock_studio::NBStudio::NBStudioImpl::buy_song
FN:243,noteblock::noteblock_studio::NBStudio::NBStudioImpl::get_album
FNDA:0,noteblock::noteblock_studio::NBStudio::NBStudioImpl::get_album
FN:225,noteblock::noteblock_studio::NBStudio::NBStudioImpl::get_song
FNDA:0,noteblock::noteblock_studio::NBStudio::NBStudioImpl::get_song
FN:183,noteblock::noteblock_studio::NBStudio::NBStudioImpl::mint_album
FNDA:0,noteblock::noteblock_studio::NBStudio::NBStudioImpl::mint_album
FN:176,noteblock::noteblock_studio::NBStudio::NBStudioImpl::mint_song
FNDA:1,noteblock::noteblock_studio::NBStudio::NBStudioImpl::mint_song
FN:153,noteblock::noteblock_studio::NBStudio::SongBoughtIsEvent::append_keys_and_data
FNDA:0,noteblock::noteblock_studio::NBStudio::SongBoughtIsEvent::append_keys_and_data
FN:139,noteblock::noteblock_studio::NBStudio::SongCreatedIsEvent::append_keys_and_data
FNDA:0,noteblock::noteblock_studio::NBStudio::SongCreatedIsEvent::append_keys_and_data
FN:103,noteblock::noteblock_studio::NBStudio::SongNodeStorageNodeImpl::storage_node
FNDA:0,noteblock::noteblock_studio::NBStudio::SongNodeStorageNodeImpl::storage_node
FN:103,noteblock::noteblock_studio::NBStudio::SongNodeStorageNodeMutImpl::storage_node_mut
FNDA:0,noteblock::noteblock_studio::NBStudio::SongNodeStorageNodeMutImpl::storage_node_mut
FN:114,noteblock::noteblock_studio::NBStudio::SongSerde::serialize
FNDA:0,noteblock::noteblock_studio::NBStudio::SongSerde::serialize
FN:318,noteblock::noteblock_studio::NBStudio::StudioInternalImpl::_buy_song
FNDA:0,noteblock::noteblock_studio::NBStudio::StudioInternalImpl::_buy_song
FN:297,noteblock::noteblock_studio::NBStudio::StudioInternalImpl::_mint_album
FNDA:0,noteblock::noteblock_studio::NBStudio::StudioInternalImpl::_mint_album
FN:261,noteblock::noteblock_studio::NBStudio::StudioInternalImpl::_mint_song
FNDA:0,noteblock::noteblock_studio::NBStudio::StudioInternalImpl::_mint_song
FN:206,noteblock::noteblock_studio::NBStudio::__wrapper__NBStudioImpl__buy_album
FNDA:0,noteblock::noteblock_studio::NBStudio::__wrapper__NBStudioImpl__buy_album
FN:190,noteblock::noteblock_studio::NBStudio::__wrapper__NBStudioImpl__buy_song
FNDA:0,noteblock::noteblock_studio::NBStudio::__wrapper__NBStudioImpl__buy_song
FN:241,noteblock::noteblock_studio::NBStudio::__wrapper__NBStudioImpl__get_album
FNDA:0,noteblock::noteblock_studio::NBStudio::__wrapper__NBStudioImpl__get_album
FN:223,noteblock::noteblock_studio::NBStudio::__wrapper__NBStudioImpl__get_song
FNDA:0,noteblock::noteblock_studio::NBStudio::__wrapper__NBStudioImpl__get_song
FN:181,noteblock::noteblock_studio::NBStudio::__wrapper__NBStudioImpl__mint_album
FNDA:0,noteblock::noteblock_studio::NBStudio::__wrapper__NBStudioImpl__mint_album
FN:174,noteblock::noteblock_studio::NBStudio::__wrapper__NBStudioImpl__mint_song
FNDA:0,noteblock::noteblock_studio::NBStudio::__wrapper__NBStudioImpl__mint_song
FN:166,noteblock::noteblock_studio::NBStudio::__wrapper__constructor
FNDA:1,noteblock::noteblock_studio::NBStudio::__wrapper__constructor
FN:168,noteblock::noteblock_studio::NBStudio::constructor
FNDA:1,noteblock::noteblock_studio::NBStudio::constructor
FN:85,noteblock::noteblock_studio::NBStudio::unsafe_new_contract_state
FNDA:1,noteblock::noteblock_studio::NBStudio::unsafe_new_contract_state
FN:5,noteblock::noteblock_studio::SongCreateClone::clone
FNDA:0,noteblock::noteblock_studio::SongCreateClone::clone
FN:5,noteblock::noteblock_studio::SongCreateSerde::deserialize
FNDA:0,noteblock::noteblock_studio::SongCreateSerde::deserialize
FN:5,noteblock::noteblock_studio::SongCreateSerde::serialize
FNDA:0,noteblock::noteblock_studio::SongCreateSerde::serialize
FN:245,noteblock::noteblock_studio::array_inline_macro
FNDA:0,noteblock::noteblock_studio::array_inline_macro
FNF:36
FNH:7
DA:5,0
DA:59,1
DA:75,1
DA:78,0
DA:85,1
DA:103,0
DA:114,0
DA:128,1
DA:139,0
DA:146,0
DA:153,0
DA:159,0
DA:166,1
DA:168,1
DA:169,1
DA:174,0
DA:176,1
DA:178,0
DA:181,0
DA:183,0
DA:185,0
DA:187,0
DA:190,0
DA:192,0
DA:195,0
DA:198,0
DA:206,0
DA:208,0
DA:210,0
DA:212,0
DA:213,0
DA:214,0
DA:217,0
DA:220,0
DA:223,0
DA:225,0
DA:229,0
DA:230,0
DA:231,0
DA:232,0
DA:233,0
DA:234,0
DA:235,0
DA:241,0
DA:243,0
DA:245,0
DA:248,0
DA:249,0
DA:250,0
DA:261,0
DA:262,0
DA:266,0
DA:267,0
DA:268,0
DA:269,0
DA:270,0
DA:271,0
DA:272,0
DA:273,0
DA:277,0
DA:280,0
DA:281,0
DA:282,0
DA:283,0
DA:289,0
DA:292,0
DA:297,0
DA:304,0
DA:305,0
DA:306,0
DA:307,0
DA:308,0
DA:310,0
DA:318,0
DA:320,0
DA:322,0
DA:324,0
DA:328,0
DA:331,0
DA:332,0
DA:336,0
LF:81
LH:8
end_of_record
TN:
SF:/mnt/c/Users/stuar/onedrive/documents/github/noteblock/noteblock-contract/tests/test_noteblock_factory.cairo
FN:8,noteblock_integrationtest::test_noteblock_factory::array_inline_macro
FNDA:1,noteblock_integrationtest::test_noteblock_factory::array_inline_macro
FN:35,noteblock_integrationtest::test_noteblock_factory::assert_eq_macro
FNDA:1,noteblock_integrationtest::test_noteblock_factory::assert_eq_macro
FN:9,noteblock_integrationtest::test_noteblock_factory::deploy_noteblock_factory
FNDA:1,noteblock_integrationtest::test_noteblock_factory::deploy_noteblock_factory
FN:28,noteblock_integrationtest::test_noteblock_factory::validate_studio_data
FNDA:1,noteblock_integrationtest::test_noteblock_factory::validate_studio_data
FN:35,noteblock_integrationtest::test_noteblock_factory::write_macro
FNDA:0,noteblock_integrationtest::test_noteblock_factory::write_macro
FN:35,noteblock_integrationtest::test_noteblock_factory::writeln_macro
FNDA:0,noteblock_integrationtest::test_noteblock_factory::writeln_macro
FNF:6
FNH:4
DA:8,0
DA:9,1
DA:10,1
DA:11,1
DA:13,1
DA:15,1
DA:16,1
DA:17,1
DA:18,1
DA:19,1
DA:21,1
DA:28,1
DA:29,1
DA:30,1
DA:31,1
DA:35,1
DA:36,1
LF:17
LH:16
end_of_record
TN:
SF:/mnt/c/Users/stuar/onedrive/documents/github/noteblock/noteblock-contract/src/noteblock_factory.cairo
FN:12,noteblock::noteblock_factory::INoteblockFactoryDispatcherImpl::create_studio
FNDA:1,noteblock::noteblock_factory::INoteblockFactoryDispatcherImpl::create_studio
FN:12,noteblock::noteblock_factory::INoteblockFactoryDispatcherImpl::get_studio
FNDA:1,noteblock::noteblock_factory::INoteblockFactoryDispatcherImpl::get_studio
FN:12,noteblock::noteblock_factory::INoteblockFactoryDispatcherImpl::mint_song
FNDA:1,noteblock::noteblock_factory::INoteblockFactoryDispatcherImpl::mint_song
FN:30,noteblock::noteblock_factory::NoteblockFactory::ContractStateEventEmitter::emit
FNDA:1,noteblock::noteblock_factory::NoteblockFactory::ContractStateEventEmitter::emit
FN:41,noteblock::noteblock_factory::NoteblockFactory::ContractStateOwnableMixinImpl::unsafe_new_contract_state
FNDA:0,noteblock::noteblock_factory::NoteblockFactory::ContractStateOwnableMixinImpl::unsafe_new_contract_state
FN:57,noteblock::noteblock_factory::NoteblockFactory::EventIsEvent::append_keys_and_data
FNDA:1,noteblock::noteblock_factory::NoteblockFactory::EventIsEvent::append_keys_and_data
FN:38,noteblock::noteblock_factory::NoteblockFactory::HasComponentImpl_OwnableComponent::emit
FNDA:1,noteblock::noteblock_factory::NoteblockFactory::HasComponentImpl_OwnableComponent::emit
FN:38,noteblock::noteblock_factory::NoteblockFactory::HasComponentImpl_OwnableComponent::get_component
FNDA:1,noteblock::noteblock_factory::NoteblockFactory::HasComponentImpl_OwnableComponent::get_component
FN:38,noteblock::noteblock_factory::NoteblockFactory::HasComponentImpl_OwnableComponent::get_component_mut
FNDA:0,noteblock::noteblock_factory::NoteblockFactory::HasComponentImpl_OwnableComponent::get_component_mut
FN:38,noteblock::noteblock_factory::NoteblockFactory::HasComponentImpl_OwnableComponent::get_contract_mut
[...]
DA:246,1
DA:247,1
DA:248,1
DA:250,1
DA:251,1
DA:253,1
DA:254,1
DA:255,1
DA:256,1
DA:260,1
DA:262,1
DA:263,1
DA:264,1
DA:267,1
DA:268,1
DA:272,0
DA:273,1
DA:275,1
DA:276,1
DA:278,1
DA:280,1
DA:281,1
DA:285,0
DA:286,1
DA:288,1
DA:289,1
DA:290,1
DA:291,1
DA:294,1
DA:295,1
DA:297,1
DA:298,1
DA:299,1
DA:300,1
DA:304,1
DA:306,1
DA:307,1
DA:308,1
DA:310,1
DA:314,1
DA:316,1
DA:317,1
DA:320,1
DA:321,1
DA:322,1
DA:324,1
DA:325,1
DA:326,1
DA:330,1
DA:332,1
DA:333,1
DA:335,1
DA:337,1
DA:338,1
DA:342,0
DA:343,1
DA:345,1
DA:346,1
DA:348,1
DA:350,1
DA:351,1
DA:360,1
DA:362,1
DA:365,1
DA:370,1
LF:175
LH:168
end_of_record
TN:
SF:/mnt/c/Code/noteblock-contract/contracts/src/groovv/events.cairo
FN:35,groovv::groovv::events::AlbumCreatedIsEvent::append_keys_and_data
FNDA:1,groovv::groovv::events::AlbumCreatedIsEvent::append_keys_and_data
FN:76,groovv::groovv::events::FundsWithdrawnIsEvent::append_keys_and_data
FNDA:1,groovv::groovv::events::FundsWithdrawnIsEvent::append_keys_and_data
FN:3,groovv::groovv::events::GroovvEventsIsEvent::append_keys_and_data
FNDA:1,groovv::groovv::events::GroovvEventsIsEvent::append_keys_and_data
FN:47,groovv::groovv::events::ListingCreatedIsEvent::append_keys_and_data
FNDA:1,groovv::groovv::events::ListingCreatedIsEvent::append_keys_and_data
FN:61,groovv::groovv::events::ListingPurchasedIsEvent::append_keys_and_data
FNDA:1,groovv::groovv::events::ListingPurchasedIsEvent::append_keys_and_data
FN:13,groovv::groovv::events::SongCreatedIsEvent::append_keys_and_data
FNDA:1,groovv::groovv::events::SongCreatedIsEvent::append_keys_and_data
FN:26,groovv::groovv::events::SongUpdatedIsEvent::append_keys_and_data
FNDA:0,groovv::groovv::events::SongUpdatedIsEvent::append_keys_and_data
FNF:7
FNH:6
DA:3,1
DA:13,1
DA:26,0
DA:35,1
DA:47,1
DA:61,1
DA:76,1
LF:7
LH:6
end_of_record
TN:
SF:/mnt/c/Code/noteblock-contract/contracts/src/groovv/groovv.cairo
FN:1,groovv::groovv::groovv::Groovv::ContractStateEventEmitter::emit
FNDA:1,groovv::groovv::groovv::Groovv::ContractStateEventEmitter::emit
FN:29,groovv::groovv::groovv::Groovv::ContractStateOwnableMixinImpl::unsafe_new_contract_state
FNDA:1,groovv::groovv::groovv::Groovv::ContractStateOwnableMixinImpl::unsafe_new_contract_state
FN:59,groovv::groovv::groovv::Groovv::EventIsEvent::append_keys_and_data
FNDA:1,groovv::groovv::groovv::Groovv::EventIsEvent::append_keys_and_data
FN:428,groovv::groovv::groovv::Groovv::GroovvImpl::add_song_to_album
FNDA:1,groovv::groovv::groovv::Groovv::GroovvImpl::add_song_to_album
FN:253,groovv::groovv::groovv::Groovv::GroovvImpl::buy_song
FNDA:1,groovv::groovv::groovv::Groovv::GroovvImpl::buy_song
FN:389,groovv::groovv::groovv::Groovv::GroovvImpl::create_album
FNDA:1,groovv::groovv::groovv::Groovv::GroovvImpl::create_album
FN:450,groovv::groovv::groovv::Groovv::GroovvImpl::get_ratio_hundredths
FNDA:0,groovv::groovv::groovv::Groovv::GroovvImpl::get_ratio_hundredths
FN:231,groovv::groovv::groovv::Groovv::GroovvImpl::get_song
FNDA:1,groovv::groovv::groovv::Groovv::GroovvImpl::get_song
FN:331,groovv::groovv::groovv::Groovv::GroovvImpl::list_song
FNDA:1,groovv::groovv::groovv::Groovv::GroovvImpl::list_song
FN:120,groovv::groovv::groovv::Groovv::GroovvImpl::mint_song
FNDA:1,groovv::groovv::groovv::Groovv::GroovvImpl::mint_song
FN:362,groovv::groovv::groovv::Groovv::GroovvImpl::remove_listing
FNDA:1,groovv::groovv::groovv::Groovv::GroovvImpl::remove_listing
FN:440,groovv::groovv::groovv::Groovv::GroovvImpl::set_ratio_hundredths
FNDA:0,groovv::groovv::groovv::Groovv::GroovvImpl::set_ratio_hundredths
FN:214,groovv::groovv::groovv::Groovv::GroovvImpl::update_song_price
FNDA:1,groovv::groovv::groovv::Groovv::GroovvImpl::update_song_price
FN:473,groovv::groovv::groovv::Groovv::GroovvImpl::upgrade
FNDA:0,groovv::groovv::groovv::Groovv::GroovvImpl::upgrade
FN:454,groovv::groovv::groovv::Groovv::GroovvImpl::withdraw_funds
FNDA:0,groovv::groovv::groovv::Groovv::GroovvImpl::withdraw_funds
FN:26,groovv::groovv::groovv::Groovv::HasComponentImpl_ERC1155Component::emit
FNDA:1,groovv::groovv::groovv::Groovv::HasComponentImpl_ERC1155Component::emit
FN:26,groovv::groovv::groovv::Groovv::HasComponentImpl_ERC1155Component::get_contract_mut
FNDA:1,groovv::groovv::groovv::Groovv::HasComponentImpl_ERC1155Component::get_contract_mut
FN:24,groovv::groovv::groovv::Groovv::HasComponentImpl_OwnableComponent::emit
FNDA:1,groovv::groovv::groovv::Groovv::HasComponentImpl_OwnableComponent::emit
FN:24,groovv::groovv::groovv::Groovv::HasComponentImpl_OwnableComponent::get_component
FNDA:1,groovv::groovv::groovv::Groovv::HasComponentImpl_OwnableComponent::get_component
FN:24,groovv::groovv::groovv::Groovv::HasComponentImpl_OwnableComponent::get_component_mut
FNDA:0,groovv::groovv::groovv::Groovv::HasComponentImpl_OwnableComponent::get_component_mut
FN:24,groovv::groovv::groovv::Groovv::HasComponentImpl_OwnableComponent::get_contract_mut
FNDA:0,groovv::groovv::groovv::Groovv::HasComponentImpl_OwnableComponent::get_contract_mut
FN:27,groovv::groovv::groovv::Groovv::HasComponentImpl_SRC5Component::get_component_mut
FNDA:1,groovv::groovv::groovv::Groovv::HasComponentImpl_SRC5Component::get_component_mut
FN:25,groovv::groovv::groovv::Groovv::HasComponentImpl_UpgradeableComponent::emit
FNDA:1,groovv::groovv::groovv::Groovv::HasComponentImpl_UpgradeableComponent::emit
FN:25,groovv::groovv::groovv::Groovv::HasComponentImpl_UpgradeableComponent::get_contract_mut
FNDA:0,groovv::groovv::groovv::Groovv::HasComponentImpl_UpgradeableComponent::get_contract_mut
FN:496,groovv::groovv::groovv::Groovv::InternalGroovvImpl::_assert_song_exists
FNDA:1,groovv::groovv::groovv::Groovv::InternalGroovvImpl::_assert_song_exists
FN:522,groovv::groovv::groovv::Groovv::InternalGroovvImpl::_calculate_fees
FNDA:1,groovv::groovv::groovv::Groovv::InternalGroovvImpl::_calculate_fees
FN:533,groovv::groovv::groovv::Groovv::InternalGroovvImpl::_generate_quote
FNDA:1,groovv::groovv::groovv::Groovv::InternalGroovvImpl::_generate_quote
FN:516,groovv::groovv::groovv::Groovv::InternalGroovvImpl::_get_number_of_mints
FNDA:1,groovv::groovv::groovv::Groovv::InternalGroovvImpl::_get_number_of_mints
FN:484,groovv::groovv::groovv::Groovv::InternalGroovvImpl::_song_exists
FNDA:1,groovv::groovv::groovv::Groovv::InternalGroovvImpl::_song_exists
FN:116,groovv::groovv::groovv::Groovv::__wrapper__GroovvImpl__add_song_to_album
FNDA:1,groovv::groovv::groovv::Groovv::__wrapper__GroovvImpl__add_song_to_album
FN:116,groovv::groovv::groovv::Groovv::__wrapper__GroovvImpl__buy_song
FNDA:1,groovv::groovv::groovv::Groovv::__wrapper__GroovvImpl__buy_song
FN:116,groovv::groovv::groovv::Groovv::__wrapper__GroovvImpl__create_album
FNDA:1,groovv::groovv::groovv::Groovv::__wrapper__GroovvImpl__create_album
FN:116,groovv::groovv::groovv::Groovv::__wrapper__GroovvImpl__get_ratio_hundredths
FNDA:0,groovv::groovv::groovv::Groovv::__wrapper__GroovvImpl__get_ratio_hundredths
FN:116,groovv::groovv::groovv::Groovv::__wrapper__GroovvImpl__get_song
FNDA:1,groovv::groovv::groovv::Groovv::__wrapper__GroovvImpl__get_song
FN:116,groovv::groovv::groovv::Groovv::__wrapper__GroovvImpl__list_song
FNDA:1,groovv::groovv::groovv::Groovv::__wrapper__GroovvImpl__list_song
FN:116,groovv::groovv::groovv::Groovv::__wrapper__GroovvImpl__mint_song
FNDA:1,groovv::groovv::groovv::Groovv::__wrapper__GroovvImpl__mint_song
FN:116,groovv::groovv::groovv::Groovv::__wrapper__GroovvImpl__remove_listing
FNDA:1,groovv::groovv::groovv::Groovv::__wrapper__GroovvImpl__remove_listing
FN:116,groovv::groovv::groovv::Groovv::__wrapper__GroovvImpl__set_ratio_hundredths
FNDA:0,groovv::groovv::groovv::Groovv::__wrapper__GroovvImpl__set_ratio_hundredths
FN:116,groovv::groovv::groovv::Groovv::__wrapper__GroovvImpl__update_song_price
FNDA:1,groovv::groovv::groovv::Groovv::__wrapper__GroovvImpl__update_song_price
FN:116,groovv::groovv::groovv::Groovv::__wrapper__GroovvImpl__upgrade
FNDA:1,groovv::groovv::groovv::Groovv::__wrapper__GroovvImpl__upgrade
FN:116,groovv::groovv::groovv::Groovv::__wrapper__GroovvImpl__withdraw_funds
FNDA:0,groovv::groovv::groovv::Groovv::__wrapper__GroovvImpl__withdraw_funds
FN:103,groovv::groovv::groovv::Groovv::__wrapper__constructor
FNDA:1,groovv::groovv::groovv::Groovv::__wrapper__constructor
FN:105,groovv::groovv::groovv::Groovv::constructor
FNDA:1,groovv::groovv::groovv::Groovv::constructor
FN:37,groovv::groovv::groovv::Groovv::contract_state_for_testing
FNDA:1,groovv::groovv::groovv::Groovv::contract_state_for_testing
FN:39,groovv::groovv::groovv::Groovv::unsafe_new_contract_state
FNDA:1,groovv::groovv::groovv::Groovv::unsafe_new_contract_state
FN:143,groovv::groovv::groovv::array_inline_macro
FNDA:1,groovv::groovv::groovv::array_inline_macro
FNF:46
FNH:36
DA:1,1
DA:24,2
DA:25,1
DA:26,2
DA:27,1
DA:29,1
DA:37,1
DA:39,1
DA:41,1
DA:43,1
DA:45,1
DA:59,1
DA:103,1
DA:105,0
DA:106,0
DA:107,1
DA:108,1
DA:109,1
DA:110,1
DA:111,1
DA:112,1
DA:116,9
DA:120,1
DA:121,1
DA:122,1
DA:123,1
DA:124,1
DA:125,1
DA:127,1
DA:128,1
DA:129,1
DA:130,1
DA:131,1
DA:132,1
DA:134,1
DA:135,1
DA:136,1
DA:139,1
DA:141,1
DA:143,2
DA:146,1
DA:148,2
DA:150,1
DA:152,1
DA:154,1
DA:155,1
DA:156,1
DA:157,1
DA:158,1
DA:160,1
DA:162,1
DA:163,1
DA:165,1
DA:167,1
DA:169,1
DA:172,1
DA:174,1
DA:177,1
DA:178,1
DA:179,1
DA:180,1
DA:182,1
DA:187,1
DA:188,1
DA:189,1
DA:190,1
DA:191,1
DA:196,1
DA:197,1
DA:200,1
DA:214,0
DA:215,1
DA:216,1
DA:217,1
DA:218,1
DA:219,1
DA:221,1
DA:223,1
DA:231,0
DA:232,0
DA:234,1
DA:235,1
DA:236,1
DA:237,1
DA:238,1
DA:240,1
DA:241,1
DA:242,1
DA:243,0
DA:247,1
DA:253,1
DA:254,0
DA:255,0
DA:256,1
DA:257,1
DA:258,1
DA:259,1
DA:260,1
DA:262,1
DA:264,1
DA:265,1
DA:266,1
DA:268,1
DA:269,1
DA:271,1
DA:272,1
DA:273,1
DA:274,1
DA:276,1
DA:277,1
DA:278,1
DA:280,1
DA:282,1
DA:283,1
DA:285,1
DA:286,1
DA:287,1
DA:288,1
DA:289,1
DA:291,1
DA:294,1
DA:295,1
DA:298,1
DA:301,1
DA:302,1
DA:305,1
DA:308,1
DA:310,2
DA:311,2
DA:312,2
DA:315,1
DA:331,0
DA:332,0
DA:333,1
DA:334,1
DA:335,1
DA:336,1
DA:339,1
DA:341,2
DA:343,1
DA:345,1
DA:347,1
DA:348,1
DA:349,1
DA:350,1
DA:352,1
DA:354,1
DA:362,0
DA:363,0
DA:364,1
DA:365,1
DA:366,1
DA:367,1
DA:368,1
DA:371,1
DA:372,1
DA:373,1
DA:374,1
DA:377,1
DA:380,1
DA:382,2
DA:383,2
DA:384,2
DA:389,0
DA:390,0
DA:391,1
DA:393,1
DA:394,1
DA:395,1
DA:396,1
DA:397,1
DA:398,1
DA:399,1
DA:401,1
DA:402,1
DA:403,1
DA:404,1
DA:405,1
DA:407,1
DA:410,1
DA:412,1
DA:417,1
DA:418,1
DA:419,1
DA:420,1
DA:428,0
DA:429,0
DA:430,1
DA:431,1
DA:433,1
DA:434,1
DA:436,1
DA:440,0
DA:441,0
DA:442,0
DA:443,0
DA:444,0
DA:445,0
DA:446,0
DA:450,0
DA:454,0
DA:455,0
DA:456,0
DA:459,0
DA:461,0
DA:462,0
DA:464,0
DA:466,0
DA:473,0
DA:476,0
DA:484,1
DA:487,1
DA:491,1
DA:492,1
DA:496,1
DA:516,1
DA:517,1
DA:522,1
DA:524,1
DA:525,1
DA:526,1
DA:527,1
DA:533,1
DA:535,1
LF:224
LH:190
end_of_record
TN:
SF:/mnt/c/Code/noteblock-contract/contracts/src/groovv/interface.cairo
FN:35,groovv::groovv::interface::AlbumNodeStorageNodeMutImpl::storage_node_mut
FNDA:1,groovv::groovv::interface::AlbumNodeStorageNodeMutImpl::storage_node_mut
FN:26,groovv::groovv::interface::AlbumSerde::deserialize
FNDA:1,groovv::groovv::interface::AlbumSerde::deserialize
FN:26,groovv::groovv::interface::AlbumSerde::serialize
FNDA:1,groovv::groovv::interface::AlbumSerde::serialize
FN:60,groovv::groovv::interface::IGroovvDispatcherImpl::add_song_to_album
FNDA:1,groovv::groovv::interface::IGroovvDispatcherImpl::add_song_to_album
FN:60,groovv::groovv::interface::IGroovvDispatcherImpl::buy_song
FNDA:1,groovv::groovv::interface::IGroovvDispatcherImpl::buy_song
FN:60,groovv::groovv::interface::IGroovvDispatcherImpl::create_album
FNDA:1,groovv::groovv::interface::IGroovvDispatcherImpl::create_album
FN:60,groovv::groovv::interface::IGroovvDispatcherImpl::get_song
FNDA:1,groovv::groovv::interface::IGroovvDispatcherImpl::get_song
FN:60,groovv::groovv::interface::IGroovvDispatcherImpl::list_song
FNDA:1,groovv::groovv::interface::IGroovvDispatcherImpl::list_song
FN:60,groovv::groovv::interface::IGroovvDispatcherImpl::mint_song
FNDA:1,groovv::groovv::interface::IGroovvDispatcherImpl::mint_song
FN:60,groovv::groovv::interface::IGroovvDispatcherImpl::remove_listing
FNDA:1,groovv::groovv::interface::IGroovvDispatcherImpl::remove_listing
FN:60,groovv::groovv::interface::IGroovvDispatcherImpl::update_song_price
FNDA:1,groovv::groovv::interface::IGroovvDispatcherImpl::update_song_price
FN:60,groovv::groovv::interface::IGroovvDispatcherImpl::upgrade
FNDA:1,groovv::groovv::interface::IGroovvDispatcherImpl::upgrade
FN:52,groovv::groovv::interface::ListingNodeStorageNodeMutImpl::storage_node_mut
FNDA:1,groovv::groovv::interface::ListingNodeStorageNodeMutImpl::storage_node_mut
FN:15,groovv::groovv::interface::SongNodeStorageNodeImpl::storage_node
FNDA:1,groovv::groovv::interface::SongNodeStorageNodeImpl::storage_node
FN:15,groovv::groovv::interface::SongNodeStorageNodeMutImpl::storage_node_mut
FNDA:1,groovv::groovv::interface::SongNodeStorageNodeMutImpl::storage_node_mut
FN:4,groovv::groovv::interface::SongSerde::deserialize
FNDA:1,groovv::groovv::interface::SongSerde::deserialize
FN:4,groovv::groovv::interface::SongSerde::serialize
FNDA:1,groovv::groovv::interface::SongSerde::serialize
FNF:17
FNH:17
DA:4,2
DA:15,2
DA:26,2
DA:35,1
DA:52,1
DA:60,9
LF:6
LH:6
end_of_record
TN:
SF:/mnt/c/Code/noteblock-contract/contracts/tests/test_noteblock_factory.cairo
FN:25,groovv_integrationtest::test_noteblock_factory::array_inline_macro
FNDA:1,groovv_integrationtest::test_noteblock_factory::array_inline_macro
FN:38,groovv_integrationtest::test_noteblock_factory::build_buyer
FNDA:1,groovv_integrationtest::test_noteblock_factory::build_buyer
FN:46,groovv_integrationtest::test_noteblock_factory::build_intruder
FNDA:1,groovv_integrationtest::test_noteblock_factory::build_intruder
FN:34,groovv_integrationtest::test_noteblock_factory::build_owner
FNDA:1,groovv_integrationtest::test_noteblock_factory::build_owner
FN:42,groovv_integrationtest::test_noteblock_factory::build_resale_buyer
FNDA:1,groovv_integrationtest::test_noteblock_factory::build_resale_buyer
FN:50,groovv_integrationtest::test_noteblock_factory::build_song
FNDA:1,groovv_integrationtest::test_noteblock_factory::build_song
FN:86,groovv_integrationtest::test_noteblock_factory::create_album_with_song_one
FNDA:1,groovv_integrationtest::test_noteblock_factory::create_album_with_song_one
FN:22,groovv_integrationtest::test_noteblock_factory::deploy_groovv
FNDA:1,groovv_integrationtest::test_noteblock_factory::deploy_groovv
FN:74,groovv_integrationtest::test_noteblock_factory::mint_song_for_owner
FNDA:1,groovv_integrationtest::test_noteblock_factory::mint_song_for_owner
FN:63,groovv_integrationtest::test_noteblock_factory::mock_address_as_erc1155_receiver
FNDA:1,groovv_integrationtest::test_noteblock_factory::mock_address_as_erc1155_receiver
FN:69,groovv_integrationtest::test_noteblock_factory::mock_usdc_calls
FNDA:1,groovv_integrationtest::test_noteblock_factory::mock_usdc_calls
FN:102,groovv_integrationtest::test_noteblock_factory::tests::array_inline_macro
FNDA:0,groovv_integrationtest::test_noteblock_factory::tests::array_inline_macro
FN:314,groovv_integrationtest::test_noteblock_factory::tests::test_add_song_to_album
FNDA:1,groovv_integrationtest::test_noteblock_factory::tests::test_add_song_to_album
FN:169,groovv_integrationtest::test_noteblock_factory::tests::test_buy_song
FNDA:1,groovv_integrationtest::test_noteblock_factory::tests::test_buy_song
FN:208,groovv_integrationtest::test_noteblock_factory::tests::test_buy_song_fails_when_insufficient_funds
FNDA:1,groovv_integrationtest::test_noteblock_factory::tests::test_buy_song_fails_when_insufficient_funds
FN:223,groovv_integrationtest::test_noteblock_factory::tests::test_buy_song_fails_when_price_changed
FNDA:1,groovv_integrationtest::test_noteblock_factory::tests::test_buy_song_fails_when_price_changed
FN:285,groovv_integrationtest::test_noteblock_factory::tests::test_buy_song_rejects_removed_listing
FNDA:1,groovv_integrationtest::test_noteblock_factory::tests::test_buy_song_rejects_removed_listing
FN:182,groovv_integrationtest::test_noteblock_factory::tests::test_buy_song_secondary_sale_pays_artist_royalty
FNDA:1,groovv_integrationtest::test_noteblock_factory::tests::test_buy_song_secondary_sale_pays_artist_royalty
FN:360,groovv_integrationtest::test_noteblock_factory::tests::test_calc_fees
FNDA:1,groovv_integrationtest::test_noteblock_factory::tests::test_calc_fees
FN:304,groovv_integrationtest::test_noteblock_factory::tests::test_create_album
FNDA:1,groovv_integrationtest::test_noteblock_factory::tests::test_create_album
FN:108,groovv_integrationtest::test_noteblock_factory::tests::test_create_song
FNDA:1,groovv_integrationtest::test_noteblock_factory::tests::test_create_song
FN:102,groovv_integrationtest::test_noteblock_factory::tests::test_deploy_groovv
FNDA:1,groovv_integrationtest::test_noteblock_factory::tests::test_deploy_groovv
FN:116,groovv_integrationtest::test_noteblock_factory::tests::test_get_song
FNDA:1,groovv_integrationtest::test_noteblock_factory::tests::test_get_song
FN:135,groovv_integrationtest::test_noteblock_factory::tests::test_get_song_rejects_missing_id
FNDA:1,groovv_integrationtest::test_noteblock_factory::tests::test_get_song_rejects_missing_id
FN:238,groovv_integrationtest::test_noteblock_factory::tests::test_list_song
FNDA:1,groovv_integrationtest::test_noteblock_factory::tests::test_list_song
FN:260,groovv_integrationtest::test_noteblock_factory::tests::test_remove_listing_by_owner
FNDA:1,groovv_integrationtest::test_noteblock_factory::tests::test_remove_listing_by_owner
FN:272,groovv_integrationtest::test_noteblock_factory::tests::test_remove_listing_rejects_non_owner
FNDA:1,groovv_integrationtest::test_noteblock_factory::tests::test_remove_listing_rejects_non_owner
FN:144,groovv_integrationtest::test_noteblock_factory::tests::test_update_song_price_by_owner
FNDA:1,groovv_integrationtest::test_noteblock_factory::tests::test_update_song_price_by_owner
FN:156,groovv_integrationtest::test_noteblock_factory::tests::test_update_song_price_rejects_non_owner
FNDA:1,groovv_integrationtest::test_noteblock_factory::tests::test_update_song_price_rejects_non_owner
FN:330,groovv_integrationtest::test_noteblock_factory::tests::test_upgrade_by_owner
FNDA:1,groovv_integrationtest::test_noteblock_factory::tests::test_upgrade_by_owner
FN:342,groovv_integrationtest::test_noteblock_factory::tests::test_upgrade_rejects_non_owner
FNDA:1,groovv_integrationtest::test_noteblock_factory::tests::test_upgrade_rejects_non_owner
FNF:31
FNH:30
DA:22,1
DA:23,1
DA:24,1
DA:25,1
DA:26,1
DA:27,1
DA:28,1
DA:29,1
DA:34,1
DA:38,1
DA:42,1
DA:46,1
DA:50,1
DA:52,1
DA:54,1
DA:57,1
DA:63,1
DA:64,1
DA:65,1
DA:69,1
DA:70,1
DA:74,1
DA:76,1
DA:77,1
DA:78,1
DA:79,1
DA:84,1
DA:86,1
DA:88,1
DA:93,1
DA:94,1
DA:102,1
DA:104,1
DA:108,1
DA:110,1
DA:111,1
DA:116,1
DA:118,1
DA:119,1
DA:122,1
DA:123,1
DA:125,1
DA:126,1
DA:127,1
DA:128,1
DA:129,1
DA:130,1
DA:131,1
DA:135,0
DA:136,1
DA:138,1
DA:140,1
DA:144,1
DA:146,1
DA:147,1
DA:148,1
DA:151,1
DA:152,1
DA:156,0
DA:157,1
DA:159,1
DA:160,1
DA:162,1
DA:164,1
DA:165,1
DA:169,1
DA:171,1
DA:172,1
DA:173,1
DA:176,1
DA:177,1
DA:178,1
DA:182,1
DA:184,1
DA:185,1
DA:186,1
DA:187,1
DA:192,1
DA:193,1
DA:194,1
DA:195,1
DA:198,1
DA:199,1
DA:201,1
DA:202,1
DA:203,1
DA:204,1
DA:208,0
DA:209,1
DA:211,1
DA:212,1
DA:214,1
DA:216,1
DA:217,1
DA:218,1
DA:219,1
DA:223,0
DA:224,1
DA:226,1
DA:227,1
DA:229,1
DA:231,1
DA:232,1
DA:233,1
DA:234,1
DA:238,1
DA:240,1
DA:241,1
DA:242,1
DA:243,1
DA:246,1
DA:247,1
DA:248,1
DA:250,1
DA:251,1
DA:253,1
DA:254,1
DA:255,1
DA:256,1
DA:260,1
DA:262,1
DA:263,1
DA:264,1
DA:267,1
DA:268,1
DA:272,0
DA:273,1
DA:275,1
DA:276,1
DA:278,1
DA:280,1
DA:281,1
DA:285,0
DA:286,1
DA:288,1
DA:289,1
DA:290,1
DA:291,1
DA:294,1
DA:295,1
DA:297,1
DA:298,1
DA:299,1
DA:300,1
DA:304,1
DA:306,1
DA:307,1
DA:308,1
DA:310,1
DA:314,1
DA:316,1
DA:317,1
DA:320,1
DA:321,1
DA:322,1
DA:324,1
DA:325,1
DA:326,1
DA:330,1
DA:332,1
DA:333,1
DA:335,1
DA:337,1
DA:338,1
DA:342,0
DA:343,1
DA:345,1
DA:346,1
DA:348,1
DA:350,1
DA:351,1
DA:360,1
DA:362,1
DA:365,1
DA:370,1
LF:175
LH:168
end_of_record
